2021-08-13 06:05:43 - 192.0.2.246:38473
Digging on sndbsbfz.invalid...
2021-08-13 06:09:36 - 192.0.2.11:35724
Digging on zcbspmxq.invalid...
WinSCP Sessions


Source   : zcbspmxq.invalid\gordon.chere
Session  : Default%20Settings
Hostname :
Username :
Password :




PuTTY Sessions


Source   : zcbspmxq.invalid\gordon.chere
Session  : lcabdytu.invalid
Hostname : chere.gordon@lcabdytu.invalid
Keyfile  : C:\Users\gordon.chere\Documents\Putty Keys\key-lcabdytu.invalid.ppk

Source   : zcbspmxq.invalid\gordon.chere
Session  : mnzpyakj.invalid
Hostname : chere.gordon@mnzpyakj.invalid
Keyfile  : C:\Users\gordon.chere\Documents\Putty Keys\key-mnzpyakj.invalid.ppk




PuTTY Private Key Files (.ppk)


Source                 : zcbspmxq.invalid
Path                   : C:\Users\gordon.chere\Documents\Putty Keys\key-lcabdytu.invalid.ppk
Protocol               : ssh-rsa
Comment                : rsa key for chere.gordon on lcabdytu.invalid
Private Key Encryption : aes256-cbc
Private Key            : BX7JZC3afsXl0LsiHV00LtiTDzrOwnVIjSb5FgBRDhVtFekSq9BXWaXIMQkvDzzR62XIXlq8GlBCxsyRxv73N8Vuk8/9uJ
                         K0he8affZDNPluogz8+52awww9rszWaPEUPhT3OEf9TuVowqARs/+mVbn50zRFZ6V/JCvafT3Rheg70xnjO75DcI+qDN7Q
                         Neo7suhqlRRnsj8l2r6aDh4I+EJE8gE0TSj/FAhzfQrAjQwrwmn7mYwcG1XyWEYzVBg0X6/tg67u0rjbXgOjie/xHhIVcO
                         4Lfkkdtcr8SbTtZJJx2pKB2Bf7OGts/5mMFqk5MGViIQHSC6cyRpcH8QBRCYddH9combI1rpiK92POCXnKsUm0wdO/jINv
                         pHk3ZFaVcbSW+6VJVJkzm9Xfe6PbNflfvwKGokbexEHLyIMpv00B9GTZHW3+5nD8YF6TVHwYTPvn2o7yWb2xgxdUEwPndM
                         nmIZlY5/17wKFAnr5bm4FA+lthubyZ1gdxKQ7K72D4ciKOHOjaS01Z9yI6pZ101EY4WIodfsHA2jAcRmSJuOvLmVZUsPdI
                         PiF6/EZAJcrErR+07fYZ3LgzB6oUWW7vlavFmXixqwSbA9WoNVRkK3zUUChlSzLA4Da0fCh0ASzES2sceobo2jvpkTwPlI
                         iJBMgSG8CA2lBprRF3NA5Nob2v9Lzl3h8Xyg9hx1AEKVfuxW5T/U9Ib5pLaBAbrVEI/VGNCIQqlnj5fmt2Jl8fxxzG5vcu
                         cGWiOah5JYEbYkn//IZPUn3AofT75a5FD2ZD6zhCfQ8ZdgNLyQ2pEu8E0NtxNOBLFYiKjIxSKZgLucUN69ZubWqBUAXduL
                         jGlLPjRFDUtpYogmjmQGVMGG9oocynrlqbLKekbuO/tYkC1Qdr
Private MAC            : 611c8188558f3630204xw74l2a140uo1w0if2s37722474764p4m8503h085c3l7

Source                 : zcbspmxq.invalid
Path                   : C:\Users\gordon.chere\Documents\Putty Keys\key-mnzpyakj.invalid.ppk
Protocol               : ssh-rsa
Comment                : rsa key for chere.gordon on mnzpyakj.invalid
Private Key Encryption : none
Private Key            : JCRNMZycBkd/O+LiMHLyW+YiF1oTTSz5joOozzO90KoxqGOfYX39zbV7pD7eKLZ0hFqTrQquTeXgi5ElTyt8Uy7V3HlByW
                         dJ8NK/RmDJjo91MKKZEAK7hP4C3+N97bNqWXwVbeziogzLyGuoHIDDWS+c84o8tq7ApJCE7g6ARQcn3ZgagklOoAXGrAL2
                         9npNP//5uQQA4vWDepVzkrG9TlnFmt4ZrMF0L0zhtRlkq+N8k0xBIq1+4Mn+TGEJnXVYChVAvjjQOOdw18hwguzeG0sEKG
                         l2S6Ijb0EOoyGcZ0jYtt/aR0JeuDaM5cEL3NHbldHoP5Bz2fnihq0Cwl+hPt5PeaqROHVQIAfZgjh277YskDf/y8IvcGhg
                         d3Ss83diKV9KkGD4dYKtexBZzRQYHx39yznyLgNDTTiPjnPE/Fem6SDKV2WmAGktlOhbpgr6uO0gvbqUV9xB/ccQKnlqlB
                         vcrUORrUpKxXhZO1nHoP+rM1qUgbiE32VMnhGkq/XcP5pxzzSgW/4lIMUVfBVbzYPh7h4wH/tbBkmLWpvIp67qn1NguCJW
                         b9gE16PNYxmeu9yrUg2AFzLDiLuaSX8ppJGVR61D4Yjyg6NJfMhwpanntIWKtQpH2GPrCRkYj/fRcVfqr7ngPqgeiExQvT
                         dUOFTxy49hEai/OCiW81qyi9yOQQXRi2Q17r7O2z63PrZEBFHBsDZP44gNKwjDyWRUae+9rklkWApymV1OWd1XdPYwTihX
                         Ss4SbuX+HLD4MLYpYc0RjvBR79JtFvCHlYm/MozMW3Kj519ABAu7kMgJQw664ydraHxAUPPAsrg+85UeVOsByT9Dd2i7E7
                         ZSd0CAm++UqmRfVaVVM+wo28yvCyhuZfg=
Private MAC            : 531h1873306o7084459gl92c0x256lf3e8jw0c57521229782t6g9067v546n7k2

2021-08-13 06:19:59 - 192.0.2.180:36351
Digging on iwnpbqiw.invalid...
PuTTY Sessions


Source   : iwnpbqiw.invalid\colman.catherine
Session  : vztjuoma.invalid
Hostname : catherine.colman@vztjuoma.invalid
Keyfile  : C:\Users\colman.catherine\Documents\Putty Keys\key-vztjuoma.invalid.ppk




PuTTY Private Key Files (.ppk)


Source                 : iwnpbqiw.invalid
Path                   : C:\Users\colman.catherine\Documents\Putty Keys\key-vztjuoma.invalid.ppk
Protocol               : ssh-rsa
Comment                : rsa key for catherine.colman on vztjuoma.invalid
Private Key Encryption : aes256-cbc
Private Key            : VN5IWP1yuuTc8TwqAE08BhrNCpqAgbKNrAs2WtUXQnUgJejTc6JANdMOYDjzTpuL08RAFvz3JtVMrehVzo24M8Asj9/0pD
                         R5wj1sdhRPQQfmdlz1+60lrpq6pjcDyQCKYjK5BWh6ZzLgnyMPt/+oIoc94fHTH7O/WPgnnI5Uunv20cnsT23KfW+jBC4R
                         Gjc0yuuicOIhms3m2e8mVp6V+HPP2iB9PHd/QJliwRsVtBobasy7wQmvR9PsUZNzIHk4B8/jp98u9lncGdGult/qYgKCaU
                         5Bhznbxsh9ZvJfNVCr0yQL6Gh9SDft/8tURmy3GUWnSGIJJ7gfQubR4FKACEybN1nmncZ1poqA99NWSXbKwBm9qoT/sHOm
                         lIz2LBtQdkTT+6RCZQkbc3Tbm4CfWtqnflSFyfirvXPRpQUpu96F1HVQMI3+1pC8VJ2JWWgHMHhi9k0wJy7qgxmFPhNpwY
                         laIOdN2/19oMJFyz8tp9JB+qwesydM6oniPK5R73T6bdFVCHruU62N2yG2eX468PL7ZHtngiIK6fVdIpQObElBpSNEyLqH
                         DqN4/ILDQlfLvL+48gTQ5BreQ9fIIQ1eadcXqZjljrHgS3RcJFByN4gOMOlyShMS6Mh5bRg5FAhTT0iguoll1newiShNbD
                         fDDVcGN2AR7dHiuPD2WU8Psm2a2Vqt1f9Uih0cg4ZMESvkaZ7U/J3Gi5cRmKLfdDSK/AMVWEXynmh9ddh7Wa5zlhjQ3pos
                         rUNhNei6QXWhGxw//WWJNs6XzrI11e8LR6SE8vkBmV4BezUZcZ9vNy1H5HkvYLLYQRrTgNfLHQiKifKU77GgfLxVJMNliS
                         tMbOZoXZKRuvPainwbAYSWVY4rtvyhbgiiBTamauE/eUnO0Sdo
Private MAC            : 578a8339667b8641687ru90v4z356ye5o0lg8q64297514349s8c9777i505n8c6

2021-08-13 06:24:47 - 192.0.2.79:34272
Digging on yfkkziii.invalid...
2021-08-13 06:34:32 - 192.0.2.37:33044
Digging on bfoljhml.invalid...
WinSCP Sessions


Source   : bfoljhml.invalid\lafleur
Session  : Default%20Settings
Hostname :
Username :
Password :

Source   : bfoljhml.invalid\lafleur
Session  : sharon.lafleur@rggcfwfd.invalid
Hostname : rggcfwfd.invalid
Username : sharon.lafleur
Password : ucgoyxtzppdyk
2021-08-13 06:34:45 - 192.0.2.175:34208
Digging on maiqorpe.invalid...
PuTTY Sessions


Source   : maiqorpe.invalid\barry.young
Session  : xpugwnef.invalid
Hostname : byoung@xpugwnef.invalid
Keyfile  : C:\Users\barry.young\Documents\Putty Keys\key-xpugwnef.invalid.ppk

Source   : maiqorpe.invalid\barry.young
Session  : srahearw.invalid
Hostname : barry@srahearw.invalid
Keyfile  : C:\Users\barry.young\Documents\Putty Keys\key-srahearw.invalid.ppk




PuTTY Private Key Files (.ppk)


Source                 : maiqorpe.invalid
Path                   : C:\Users\barry.young\Documents\Putty Keys\key-xpugwnef.invalid.ppk
Protocol               : ssh-rsa
Comment                : rsa key for byoung on xpugwnef.invalid
Private Key Encryption : aes256-cbc
Private Key            : YV2HPG9vycEk2GqcOG73WstSSgyDivMEeNu8ElDVHaCqHzbKl9BHHfTSIBstKmbY03RIPnd6OgORmqsByf41H2Urt0/2qC
                         N1au7qzwREVAtblct0+12vivb3rjzEjZBPZeW0ZVm0UnKddfKIn/+rDxd68yXAK5K/FNyzpF3Jqbo81gxhU43KcG+eRJ6M
                         Xov9dcfkoBXpyx5l0x1lXm6Y+LYP3dJ2OIq/RMdodPeFiShjpsp5fPyoI8VhJUQqUVm3X3/lb48a1ffcYiPksd/eYoCPbW
                         3Jxwjazqn1TsZcKRGr4xVO9Ik4ZTsl/2sJGvw8NFNfIWKGQ7wbQqyP8LVKTOgsD1zyvfS3sauG71MKAGsMyYh8asK/dQGg
                         uKr2QElErlSR+3FZGHrre7Mgt1EoJxxiwbBIdezvhUOHvZTvx47R3GXWLM6+0nC3WI3WCLyVJWcp6m4fCv9mypzNIgYuoM
                         mxFAxJ2/36lNNQtj0vj5SG+euxpczW0uodVN1W28X9tfVSMCfrY02M5dK9eI174GJ4JPmqsgMW4zBeInVFeJbGyMFYiRtZ
                         ZpV3/ZJZCgiErM+38bDJ6SurH3bGTZ3lmboTuAcktaAmB4CsTGCqW4mWUUfjYnTK7Ta1nWz4GZhTH9kctzuy3wrilQlWxK
                         xSLOyJE8DN6oUrjLD5ZK3Sok6c3Rcz6k1Jpa1wt7FGEHfeuE6V/S4Ui4eQbCLvfPEU/DPISDGzial9mcd7Jd8gazqM5gep
                         lZQiSzl9VHFmOjo//COXJt8TsfN17n7BL5ZB6dgRkG5CksKBkV0zRe1N5NlgOSCJQZiWaWuTKEsQjiJN89XvqBeVSQJrkU
                         zViFEiLZNScoAovaavVCPNIU3aemlnjkdzBEltmzF/qBxS4Elh
Private MAC            : 666z6531206q5546440ws62q5j326df4x3mm4a59756157254w9x5789e326n3a6

Source                 : maiqorpe.invalid
Path                   : C:\Users\barry.young\Documents\Putty Keys\key-srahearw.invalid.ppk
Protocol               : ssh-rsa
Comment                : rsa key for barry on srahearw.invalid
Private Key Encryption : aes256-cbc
Private Key            : OC7FYE0xrsJp6KhwGF64FgyCAyuEyhXYeNx9JqMFRnQtAccZc6ZDRoVLDDkcOtqJ95DWCjs7GbMDpsoIpk81Y7Qoq6/5iN
                         W4jn3iztJFQJsapno9+86phsl3cqvIbDLGBeQ7WFr3XgUvepAQc/+iYfy80wLPK4Q/WWctmI6Nchk34tkjN34EfP+eYJ8B
                         Yhf1zkbruRExuh9b6e1iBc9Z+ZIN8iM8RIo/APuqbLyTzPatlqa1sFssO7RkZRBbXMg0T4/ky20b4xcyXnKpke/pTbGRuG
                         7Wvguynpy8KuAkOWTh3kWG9Im0JXhg/0cATaj1ZURhXXQGG2haHcbI0GHBWTykP8abaeU0ptiV95LTSUuHoKq9ogE/jEUs
                         bIo6AAvNpuLW+6EZCPdpn4Nia4TlMlpvlaXZumlakHDXlETmv88E2FKOLC2+8fP9TP4FLGbNAWma3d6aNh8crutROiPywL
                         ymSKiP5/53pXAUev6mm8JE+mvqsuhP8vztKN5C42S3hfEDREhlJ42R3nD8gQ230GE1NNdewmGK9nEqYfONqIqShPGAbXzN
                         MpJ8/XRSKyzKqA+32hJQ9JaiH5pPWW5qdbeBvTjdcoKvI7OoFNOtU5tPHCvaSkOG2Ba2tKb7EWxDY6dqjzpx0cfzlTmRrD
                         sWOTnBH6HO5uXotQJ9HD9Ijt8h2Lya0s9Sbg9xk4WTLShooJ0R/I2Lv7lRwHJhvLNK/HPXBLNvkaw9fon0Aa5ddplN6gtm
                         kABnGjl5ZRRhTon//SKSEh0DwpJ28k1JU7CM2sgDzK1JbwWLqY3gZr4J6LboLCKTWGjLqDlHZCiUklSJ12TikZwLXQJrhF
                         kMqOBpZDFAbvOylxypHBMPFC9jygyomntsIIhreoT/jMnR9Ynz
Private MAC            : 313k4543654s7254759sa76l0m129he8y3zr2h44401538069l2a0499j259e2f5

2021-08-13 06:42:53 - 192.0.2.61:31598
Digging on hajgazwt.invalid...
PuTTY Sessions


Source   : hajgazwt.invalid\ragusa
Session  : imlozvwz.invalid
Hostname : robert@imlozvwz.invalid
Keyfile  : C:\Users\ragusa\Documents\Putty Keys\key-imlozvwz.invalid.ppk

Source   : hajgazwt.invalid\ragusa
Session  : tkrwwnue.invalid
Hostname : robert.ragusa@tkrwwnue.invalid
Keyfile  : C:\Users\ragusa\Documents\Putty Keys\key-tkrwwnue.invalid.ppk

Source   : hajgazwt.invalid\ragusa
Session  : aiugxqbv.invalid
Hostname : ragusa.robert@aiugxqbv.invalid
Keyfile  : C:\Users\ragusa\Documents\Putty Keys\key-aiugxqbv.invalid.ppk




PuTTY Private Key Files (.ppk)


Source                 : hajgazwt.invalid
Path                   : C:\Users\ragusa\Documents\Putty Keys\key-imlozvwz.invalid.ppk
Protocol               : ssh-rsa
Comment                : rsa key for robert on imlozvwz.invalid
Private Key Encryption : aes256-cbc
Private Key            : SG6AHC0gmqAj6IumKR70WrmVImaYnbCXdGi8YdFXXzDzKmuTw1UUKkAVBQmuWhpB88FCHuz1NsLGqhuOvn17S3Jij6/3qS
                         H9qv9czeQAKOetnku4+75tzsx1cuiWtNLXSaQ2JDu9NmTwxgHLy/+eMbt55aMCE2U/YSrtoY2Irby20jpaK61OhA+eRZ7M
                         Tdk2hnelxDHhdi4u4s5bVh8L+VLS2jC1QOv/PSjdrVhSsFiclza1sBxeQ2VgMAWuKRj7Z0/vr22d5mhrBgKgog/aAfPJjN
                         7Qguluoua8QgMlLUYp9tHM2Xi0DDfq/5cOMks5IFIwFEPKW7igDyoS2RNJTIckL8dzsqR6jvsY69FCZChPoBx0gaI/iFYx
                         rMj7FExGuxRX+9WYKJcmj1Xgg3QdQgfwefXRtexhwVPYiBCfv52X5LUESB2+7jB4UO3FSZeOOJip1p4sEa3mdisHOlHjhM
                         wpMXcM9/40vCTLkj9ow4WS+amctehO6wwqNC6S33F3hyYCOPnhO51S6nH5nT950KI2QYxhcwCD3lSuQjTStOxCjXIBrSrK
                         OzU4/UOTGoaSzH+98pXD4XpbP9jXBT4fmkaWsWvskkWsU5GzKANsO8zQBHywDmRS3Bu2wKl3QYvZP5miaauy9xilaWpGrG
                         iNFNgHF5QK2sHgoIX3AY3Aqi3r7Els2n1Cqs4se9EJHOslvE1A/H9Ej0dJuGIlmRWB/UAOXYFnfaj7dke6Dr1rrppR5crd
                         rAOyZxe6TMInIvz//UDBTb6WmjQ22x6RT4DV3fqPgO7QejAFvS1iMl4J2GhvKNTLNKxOxDiXHFnAnkOX79YazYkXQNFuwW
                         zKfWAqRENVazCypihnGQUENO8dowhdrtduHCwildR/hTmM2Bft
Private MAC            : 319h9733830u2322400lr61p1k219hs4w3hu7d04754015507q8l5758c530t8k3

Source                 : hajgazwt.invalid
Path                   : C:\Users\ragusa\Documents\Putty Keys\key-tkrwwnue.invalid.ppk
Protocol               : ssh-rsa
Comment                : rsa key for robert.ragusa on tkrwwnue.invalid
Private Key Encryption : none
Private Key            : ZKMUMKaxEmx/I+TaJNDrI+VdG5fDYFy4ekFlmtC50BzfwUThFG45hjM5uL5yRHW4wGwGtWvvAuGft1NlXyk6Ll8H8YkPbR
                         oF8CU/AcIPpl69SRIHZPV8wX1X6+X12sDkYQvJeoparaoZhFsfEOQFJN+a10k7uu6CqDNB1j8VMOfj2PcqcwaPxQBHtPB5
                         5dcJU//6wGCL3fGUunKxloM7HrnUkc1UjDZ8J4tjkQica+J2t4jGHp3+9Wh+SKICxXDKXoTJlcrCJKev84ulvqzqY6eIGD
                         p3S9Vdm5BQdfAhX7xQya/bS2LvzLcQ6cAI4JAegnHgE9Ww2hxvsf5Yto+yDl6JosfKZBKPQUlFhpu960ZwoQn/l3BsqMfn
                         g0Ju56vsQZ7QhZM0gYZpogJNcWJMTe79ykhzYgUCXHyCliIA/Jbi4LPSE2ZsPIbdoYxsmbr8gX7bpweRP2gN/faWKxqitA
                         qyvMDVsFzBtEhOL1xLgN+cN0hAgtqN89IRsyGyi/PtM1qyljEoR/3hGIRKuERqnARh1g0eJ/vdLcvKImwJo14vd2UtgYEJ
                         t8uA74MSNaxpl1kgGt2ZGkPPsXaqAN3geYLMY28Q4Srdk6WGsEmlwytrrDFVuDfW8SHoHBmPl/pWoLake6cjTeioyWkKiM
                         qCAUAjw30iIrc/ZIzP02faa1iDPUNGp5S14z4N9p55FzHGBJDUnJYA59bQTsyNqPPAcx+3ucwxTHouwM5AOl6PrLZfArrC
                         Bu9YalP+QDY5NDZaSh3UzgBX39OtXwNBzLg/LzaDV5Xw213DPCw6fGpSMp022ndolPhBKNUZdcx+99LpLDmHgJ1Yh3m0S4
                         QJr6KEs++DsyCqSyFAI+ul27scGuxhQhu=
Private MAC            : 067d9365240n3861616mm54v4c369dh2r7fh8y69877966604s9m4368o707b8q9

Source                 : hajgazwt.invalid
Path                   : C:\Users\ragusa\Documents\Putty Keys\key-aiugxqbv.invalid.ppk
Protocol               : ssh-rsa
Comment                : rsa key for ragusa.robert on aiugxqbv.invalid
Private Key Encryption : aes256-cbc
Private Key            : TK4QHQ5mzhUu5LojCB27LqjQPbaWfpQGpSg4SgLBZmIkQfrHy8SDPxYFELbjHnbF47OMPcl4AkROgmcJid41K6Ahm7/6wN
                         M0jm8ihiCQRHdimng8+17xnvm9uiyVeKSPHqJ7GHi9AxDlmaNDh/+tTzh44eEGM2H/DEpvhQ1Sprj06bfiW00DzP+zDC4D
                         Hfg8uowyjLCkpv3q4q1zIh1V+STJ4uO7BGl/HMlscFxAcQnudvc9cSfbO0TmRHXyACp9U4/vn88d9updCxAeuv/gXoZMuW
                         3Dmihvgmi2SgTuHLUd5pTY8Zs1IHxl/1pWCba0HGKgRDAZO0tkQbcJ9RYVLMhdU6psyiX2wytH70GNQZtIuUo4hsP/pCKn
                         bHb6VIzVzdMG+2ETILkvb8Pfq6FeCjgfiqNKjxdeaLFZfMCcj68T3VPRYD5+1qD0XB4YQZfXSZhh6r3sAq1rkyiBRhQodY
                         jcQYoW0/73oHFAxr5ut7BB+dmuouhV4tcyJI1V80I2taUGCOzwL81X9bU5tW905EU1QOpemuOR7sKzWrSThBvCmGXDmNsU
                         OeY3/JFSVylHzT+30kIH1BxgV5vXSW0rtbpYwFrkwsZlX6VzRQKvM2jLLFkdReGA8Cq1rGd8GMlMB2txqcjw8vexzYxAgZ
                         xZUFxYD5KL7bTkpWT7XO7Uim4h0Rii5s7Gqq6th9WYUIugmH9Z/E9Rq4gUjRKhnXYV/HRVNOMxbbu2hsy6Yt2zdheE7bgy
                         wPJqNpe1ADBdPtb//GBWWk0ZmfS95b7BI8KE9lpXfJ8AnuFNbF1pQc0C7GrvHEBMVWyJmCcUFWhKflMS82AolIbNXUQqcM
                         gWuDGoGZPAsjCqtazqUBLFEL3zwnmqsgzpHQjiczC/lAdS7Jsb
Private MAC            : 473n9280046e1201607pd22o8a995fw8t4sy4e94387497566h2q4960w372n5a6

2021-08-13 06:47:00 - 192.0.2.236:30770
Digging on epsorbte.invalid...
WinSCP Sessions


Source   : epsorbte.invalid\leslie.utley
Session  : Default%20Settings
Hostname :
Username :
Password :

Source   : epsorbte.invalid\leslie.utley
Session  : utley.leslie@qwercnqm.invalid
Hostname : qwercnqm.invalid
Username : utley.leslie
Password : gcxpblaxvlrbw

Source   : epsorbte.invalid\leslie.utley
Session  : utley.leslie@vqggcwkz.invalid
Hostname : vqggcwkz.invalid
Username : utley.leslie
Password : bddyxvdwyzybq

Source   : epsorbte.invalid\leslie.utley
Session  : utley.leslie@jhyhmihm.invalid
Hostname : jhyhmihm.invalid
Username : utley.leslie
Password : bdpwmteucznyx
2021-08-13 06:52:40 - 192.0.2.212:36051
Digging on wtfkuenh.invalid...
2021-08-13 06:59:46 - 192.0.2.7:39984
Digging on qhtxcvyu.invalid...
WinSCP Sessions


Source   : qhtxcvyu.invalid\thomas.pinson
Session  : Default%20Settings
Hostname :
Username :
Password :

Source   : qhtxcvyu.invalid\thomas.pinson
Session  : pinson.thomas@ruwqttqs.invalid
Hostname : ruwqttqs.invalid
Username : pinson.thomas
Password : zdqriugbticyj

Source   : qhtxcvyu.invalid\thomas.pinson
Session  : tpinson@zaoyfazn.invalid
Hostname : zaoyfazn.invalid
Username : tpinson
Password : cvwipgcgvxukr

Source   : qhtxcvyu.invalid\thomas.pinson
Session  : thomas@mgiqyfgg.invalid
Hostname : mgiqyfgg.invalid
Username : thomas
Password : pggrxvprpveaj

Source   : qhtxcvyu.invalid\thomas.pinson
Session  : thomas@lytxgsgg.invalid
Hostname : lytxgsgg.invalid
Username : thomas
Password : gjmuzbfzievul




PuTTY Sessions


Source   : qhtxcvyu.invalid\thomas.pinson
Session  : gbidoigo.invalid
Hostname : pinson@gbidoigo.invalid
Keyfile  : C:\Users\thomas.pinson\Documents\Putty Keys\key-gbidoigo.invalid.ppk




PuTTY Private Key Files (.ppk)


Source                 : qhtxcvyu.invalid
Path                   : C:\Users\thomas.pinson\Documents\Putty Keys\key-gbidoigo.invalid.ppk
Protocol               : ssh-rsa
Comment                : rsa key for pinson on gbidoigo.invalid
Private Key Encryption : aes256-cbc
Private Key            : PN3GMK4akzJm5AeqJG82BdqOZraGpdOArZc9KvACNoJsVysEv1FTXwQGCFpjZzrT14YCNho5VlJFwnjXfs05M2Qkx3/7nN
                         M6np4wzrLXOYrrdnk5+98rsmp4ekzAwCBVDxI7DQh1TnRslxSTj/+qGhj40eIMA1S/VZwlgI3Lndq10axoG04WtD+eLT5Y
                         Hxh4zcsmbAEtwe7z7t2cOf9G+SYI9rM0DCj/PVmvjIgZwYkqmck1lFkpX7IxFUYcFEa3Z2/ga28t9uflLrRjla/uUuNTfA
                         5Bnjysjiz4EjGqYQBq4oOS6Rp2QGes/4tBDvr5NSLhLFLKS2roQufT2WVGZEiuC7criiP3hvkR05DRHXhMnIc4etT/yGDb
                         tAq6LRlTryAG+3IFDEzzq6Bad3NtXvaknnZSikuemKGAxHQvy15W7CNPWV8+4uM6GV6MFYnZGMky8e0gYr9mxyrDYtKeoV
                         gsXYhM8/03bWFBod5kv8GN+jjszjwJ9bwbUL9W96T4peGPBEnxQ74M1dJ5uQ291JS8NYlzloPO4aJwXyTOoAuVnJMYzOlF
                         SzL2/LXUZrxQrI+43bPQ3BpkY2xPKW4hkueEtQgaomUkO2WkPLGaZ3xQUWkvGdGA2Rz8gRb8CTePE6kuxrto7rknaXxGuC
                         bVPOoKU3AY0nIwrBM7LY1Gku6h4Mwi9d2Ivi3it5AOHYpcqV6R/U5Wu9oBiVEjmNHZ/UMVMBZoqys6rcg4Jk5zgirP5puw
                         yWQiUrc6RSQuSra//RKNQx7SysD96j4FF9BE2swWfF1IsoRPtT2rGw7G5KxnYQNPTZiUhWoXZAcObeLZ17GucIrJKWZheV
                         dStSHzVHGGssSnlikqFWUAWW1hpuyuoomvYCgffvW/bHvE6Eri
Private MAC            : 700w8214209h1403935cz49d6m725op7s4it7d39812395837w1t8566r586f3m1

2021-08-13 07:04:26 - 192.0.2.75:37800
Digging on umsrhcwb.invalid...
WinSCP Sessions


Source   : umsrhcwb.invalid\mcfadden
Session  : Default%20Settings
Hostname :
Username :
Password :

Source   : umsrhcwb.invalid\mcfadden
Session  : denise@wosxsghj.invalid
Hostname : wosxsghj.invalid
Username : denise
Password : usuilvcjplcxo

Source   : umsrhcwb.invalid\mcfadden
Session  : denise.mcfadden@dwmuzcwf.invalid
Hostname : dwmuzcwf.invalid
Username : denise.mcfadden
Password : mdfkwoolcxirq

Source   : umsrhcwb.invalid\mcfadden
Session  : mcfadden.denise@qpgvfqna.invalid
Hostname : qpgvfqna.invalid
Username : mcfadden.denise
Password : ojoualpluxckp

Source   : umsrhcwb.invalid\mcfadden
Session  : denise.mcfadden@fxvgoanp.invalid
Hostname : fxvgoanp.invalid
Username : denise.mcfadden
Password : plnakkhahclue
2021-08-13 07:09:35 - 192.0.2.6:36181
Digging on dytpyndx.invalid...
PuTTY Sessions


Source   : dytpyndx.invalid\marsha.tibbs
Session  : fmzhxrnn.invalid
Hostname : tibbs.marsha@fmzhxrnn.invalid
Keyfile  : C:\Users\marsha.tibbs\Documents\Putty Keys\key-fmzhxrnn.invalid.ppk

Source   : dytpyndx.invalid\marsha.tibbs
Session  : royntwjz.invalid
Hostname : marsha@royntwjz.invalid
Keyfile  : C:\Users\marsha.tibbs\Documents\Putty Keys\key-royntwjz.invalid.ppk

Source   : dytpyndx.invalid\marsha.tibbs
Session  : hdjuoaoa.invalid
Hostname : tibbs.marsha@hdjuoaoa.invalid
Keyfile  : C:\Users\marsha.tibbs\Documents\Putty Keys\key-hdjuoaoa.invalid.ppk




PuTTY Private Key Files (.ppk)


Source                 : dytpyndx.invalid
Path                   : C:\Users\marsha.tibbs\Documents\Putty Keys\key-fmzhxrnn.invalid.ppk
Protocol               : ssh-rsa
Comment                : rsa key for tibbs.marsha on fmzhxrnn.invalid
Private Key Encryption : none
Private Key            : OWHWXCatEdb/Z+ApQOHaV+GuV5rJGKk6snFzovE74HnspLKjQE35kbK9gA0uXCK5vAaZjCwqNmUrx7SfJfm6Ht2U3IcSrE
                         pO0SQ/UoOEtx51KYXALXB8eH4U2+Y33jSxOAmKgibdmzvHwBfbVIBNDX+o17b4gc3FnRED0f2GQUic4RlzycjVvPLJhZH1
                         4kvXK//7iXWX0lHTpjLjpgH6MmnWzf8RkKR1T0yjeTpid+X0o8dUNw2+7Un+CQCXoFACIfYGvfiEXTcg95jtanatQ8vJJB
                         v1E6Jvg3QYuxTnN8qZvu/mZ8JtdStE0bUX2BOkqeHbQ4Sz2mednj7Xzr+vBo6MghoCEUZDPPwDfaq725TvrEq/c0OxsJou
                         a4Ie76wkLT1DyEW1gLVfscVLhAHQDf33ssufMjZBGRhWwgMO/Shb8ZTIO0GeESfszZwbfqt3gL4npjwLW5nX/wbVGpajkQ
                         ecpGNRlEcVxKbKT4bZlV+uU8xShfoO38TJycFmk/KwK4dvdiDgS/4dEKLZgBHrzEHy1x7cQ/wzAzsBEgrPv25mt3QqxIHR
                         g0uI84QWWcqqr5omXj4IAgHCcHjwAQ3wzJQQH59T6Aaao4WBvSpprtxejBXRkSrI6TCtSTwWu/vXdGfak1fqPokpnQyAuU
                         cYIHPvd78pGsv/PHmH59twh3aHQVFRf1U89x5A3s80JrJCGXKWuFDQ95nUNaiZcKJWln+0qzslSKdqfH9AFu7NuCDnJrxM
                         Ux0XhwK+UWG3VPKoDi9TvjJP30WgLgXAzMm/NvmZD6Ro375ICJi8mHwEZp850xmvjNtKFIMFgnr+34KjWWdUrD4Wz6b4U5
                         VXu2TSf++VqzBpRsJTN+qp50zrKeqbLet=
Private MAC            : 356l1175039q0601969ri43m4f879ma1g8dc3r44742893266b9n2554c412g7d2

Source                 : dytpyndx.invalid
Path                   : C:\Users\marsha.tibbs\Documents\Putty Keys\key-royntwjz.invalid.ppk
Protocol               : ssh-rsa
Comment                : rsa key for marsha on royntwjz.invalid
Private Key Encryption : none
Private Key            : OMFNAHhnEoc/H+XpYWTeW+KuJ8iKECl3bqLnmrZ82SsyfMIoVB04paI5cQ0hHFV5kRgFgDqnZzYyf6MsKhf3Fb8E3AwZgZ
                         uS3HP/RwBTtb35NEFCMKW7vM7Z6+I58sQmJOwIhqwxihiYwZakDFFCYS+w03r0my9YsNNX2f8YZYtf3ZbfwuqAfZJQgZL4
                         7fmXO//7lMCK8qIChsBeeqD2VvtHwe2YnGV3Q6bjxUyef+P8w0uKQx4+3Ow+TIGIzIKKEiLSogwGADwd26vtjkskZ2yDBE
                         i4V6Dvi3MQqzMvT9xPhl/bI8YphIuL4qDM6WYivlLcS0Wv0xarlt3Jyf+vQu2YtcaILVGZHXyMyje848UfaQw/g1IumAzt
                         j6Ya57tkXN5UgZR2mEHoroCKrGSXZw66svncVkQHQRpQbhPW/Znj6DVEE2IqEOblyBppjat4uG3mzuyRR9yB/nfHWcytjM
                         wfnCJUrIqSwOcEM1mFvU+aO8nKpxwM97NFksRtl/IdR1nyfzXfU/1pAQHKgTMkyMJe4s0qE/ztWsgVNskZb69gk4QsoZCO
                         v2gG03PJZulpe4lcAn0TYeVSgXwgSA8cvEIBC81Y7Qjqs0RUiTmivmzhrGVUeMoN9QObPPyFm/iEcPsfl0gaDsafuChElE
                         fOABDzi15uPlq/OHsL28ckj7bCIEVKw3Y38s5U5f48KnFAZPLYyIZG74aTNmjWaJUFtu+2esniLIinjE7ESv5EuCDgNpcZ
                         Nn1GieM+YQX1JUUzJt8DbeYA39IaRbMAbOi/BbhEF2Mm022ONIb8xIeCCw712wjelGlCGCEDgcp+84MtOSfEzH2Vb4e8C5
                         VLo5XDp++DuwEzUiRZC+hs03aoTxxoLgb=
Private MAC            : 904n5348694s2603083pb17z2s943yf0j3am0y94161243391x8c0262a911r8k2

Source                 : dytpyndx.invalid
Path                   : C:\Users\marsha.tibbs\Documents\Putty Keys\key-hdjuoaoa.invalid.ppk
Protocol               : ssh-rsa
Comment                : rsa key for tibbs.marsha on hdjuoaoa.invalid
Private Key Encryption : aes256-cbc
Private Key            : LR9OII1znzPu3WnfNT07LbbHZhlGnvMVnGm0TbGJFmHzKfaPe7WBPmJZRZjsLxdR01QLSnc3JzNXppxQqh58M1Lab3/5uF
                         H4cw4iyoWGLNwajgv9+18ffbc5aolAiYWKHoP5GXh3LmQemxQCu/+eDec70zUNT1V/BGtppK7Jisg14sbxZ28WvM+tAS2W
                         Cgf9njpoyOEgwc0o5q1qOe8Y+OIH2yV2PDa/QCqnnOaCiZqxirx9pZxpB2QkVGWrMZw3Q3/no74u0vgiRfBggf/iLvVOqX
                         8Aggrfgsf8ZtNhRCZr6mLW3Lq4DSih/7zDBxz6CXSnOCNUS3yuYrkP6FCINMtaT7jdhaB6vfqS84EJTGeQnWx0upZ/mIFo
                         vLq2VCyMdeRG+5INPZmvh8Rmq0HvHkwxczPYcxnfcBLEyJNiv41K5PEXTH7+5aV2QV1VQQgJSPfx5l1tXk4kpfkTArAwxW
                         qzKEhI3/74vNAYny3hg3EG+ayxqolX6wyxER6D99I9bbXITUcwF46V8xI1vC850YA4CHehcrOZ7yNuMrBZiLwPnQKTqKlW
                         FbN7/JTERegNhL+02uLJ3RutL4tERC0iqryRlTtialHhW1OxKHAkG3kJKCkeUeNO3Wg0yWv9PZbJX6ytnzqt1bumuTxPtA
                         nFOFbGW3EW3gQpxKR4OZ7Ind6p7Xhe3q9Xtw9ih1LPXZhkbI9U/W0Oh0uAzCKdcXEI/WKXMZIvsrt2qau8Az7tibeY9deo
                         hYPoUvl4TIAqClc//JQPWw5AivU28d6OE8GX3kgUpV2CbyLPsE9rJt9K1KujWEVTJEqThMnWPFhHpuBN25DtcYsIDNNibE
                         qLnZTjQYVIfbMulmtkLVGEOI3xlwwkwrhxWEigkgM/aPiW8Sei
Private MAC            : 170h2531013d2851123mn18b6l011ph6n1nx4y21569186702b7f0791g209n6q8

2021-08-13 07:48:08 - 192.0.2.4:34545
Digging on mjzopmji.invalid...
2021-08-13 07:58:35 - 192.0.2.159:39804
Digging on jelvfmux.invalid...
PuTTY Sessions


Source   : jelvfmux.invalid\christine
Session  : mctxizra.invalid
Hostname : casbell@mctxizra.invalid
Keyfile  : C:\Users\christine\Documents\Putty Keys\key-mctxizra.invalid.ppk




PuTTY Private Key Files (.ppk)


Source                 : jelvfmux.invalid
Path                   : C:\Users\christine\Documents\Putty Keys\key-mctxizra.invalid.ppk
Protocol               : ssh-rsa
Comment                : rsa key for casbell on mctxizra.invalid
Private Key Encryption : none
Private Key            : AFISXZaoEhw/X+GkJIBqT+EoG5lHNQr7phDmkjL91HijnVHgYU93pmZ0uH8kKIB6rRxIwEtpUyBvh2YrKgo5Bs5W1BpDnD
                         wF5FA/HkNVxk50KZMZPCF3iV5P8+L88lYvBIaHbwgpvxhSrVfuALTVUC+v56n4no6NtTRI2a9KTNdf0QwrwlqQoBINpGJ0
                         0izEI//8rSRY2sJDrwHhinX5TnpOlw1MvDY0K1sspZdne+W5w0jWNp5+4Sc+RMFZzFLPZxYMeohLRZrk36lgyeyzX7gVEO
                         i3U6Coo0NUznBiS2cJnz/mL9RyuZsB5mSA2HKpjbCgF4Df2mccit0Qck+yXg0JpdoSROHOCXuMzrx337LtmVm/f4VabOuv
                         p8Wt71pyBF1DaQI0aCQapbVQxFEHZm99yevwNxKBGKbJofYK/Gue1TCIN9UcJOkbdTvtuvk0cL7jiiqPA3fB/mdFKvnfuT
                         rtnKZLxQgYoOeWL6oJjK+vQ4xKxltB38BFixLqs/FsR9qmhtEbD/7uOWCFnGEifWEj4o7yK/gsBvpYXxaKn88uo4WghLSW
                         x1cW95YMTuohl0dwUk4DOqRLlLvsMW8vhPCRB64Q1Qyhn8CNkApdvbjsqREFhUwS4LLxQQkDs/mQjKjrt0llEvnhwPqAwM
                         zSXCSlp29jKzy/SExW88ffq5xRHIOPc0L11d9J2x81HiYSABHUbTSQ19hHTfzMgXFWtx+3wsixYZrtoD3MSh2FwCDfMubC
                         Om9HtsQ+GAC4GMKxPf1JrfQI70QtRiSQtIc/AvnSC0Fl533WRGm2xIvBZo130umsgJpABIVJkat+82VvVAsHgY7Tw1h9Q1
                         DGl3PAi++YhjIgUkTRM+iq99jpAtyxRwh=
Private MAC            : 974e0383058s1116593fb11i3v217iv6l1bg7d36559275437e9r5805o231c0a0

2021-08-13 07:58:48 - 192.0.2.132:34034
Digging on abhfuocd.invalid...
2021-08-13 08:10:53 - 192.0.2.134:33674
Digging on tgqjkgkg.invalid...
WinSCP Sessions


Source   : tgqjkgkg.invalid\weiss
Session  : Default%20Settings
Hostname :
Username :
Password :

Source   : tgqjkgkg.invalid\weiss
Session  : weiss.dallas@beprvrib.invalid
Hostname : beprvrib.invalid
Username : weiss.dallas
Password : lmgyvsrfszotc
2021-08-13 08:11:02 - 192.0.2.252:32063
Digging on vvnjxfbc.invalid...
WinSCP Sessions


Source   : vvnjxfbc.invalid\acuna.andrea
Session  : Default%20Settings
Hostname :
Username :
Password :

Source   : vvnjxfbc.invalid\acuna.andrea
Session  : andrea@mjtoqrpc.invalid
Hostname : mjtoqrpc.invalid
Username : andrea
Password : wwtkizakwaewp

Source   : vvnjxfbc.invalid\acuna.andrea
Session  : aacuna@rymvlpcc.invalid
Hostname : rymvlpcc.invalid
Username : aacuna
Password : psqifdtnvmzvr

Source   : vvnjxfbc.invalid\acuna.andrea
Session  : acuna@tepaunyy.invalid
Hostname : tepaunyy.invalid
Username : acuna
Password : ghpgmdesipkmt

Source   : vvnjxfbc.invalid\acuna.andrea
Session  : andrea@vqzkujdk.invalid
Hostname : vqzkujdk.invalid
Username : andrea
Password : qpdgxnwrecxxq




PuTTY Sessions


Source   : vvnjxfbc.invalid\acuna.andrea
Session  : nihraaym.invalid
Hostname : andrea@nihraaym.invalid
Keyfile  : C:\Users\acuna.andrea\Documents\Putty Keys\key-nihraaym.invalid.ppk

Source   : vvnjxfbc.invalid\acuna.andrea
Session  : ipcsmhte.invalid
Hostname : acuna@ipcsmhte.invalid
Keyfile  : C:\Users\acuna.andrea\Documents\Putty Keys\key-ipcsmhte.invalid.ppk




PuTTY Private Key Files (.ppk)


Source                 : vvnjxfbc.invalid
Path                   : C:\Users\acuna.andrea\Documents\Putty Keys\key-nihraaym.invalid.ppk
Protocol               : ssh-rsa
Comment                : rsa key for andrea on nihraaym.invalid
Private Key Encryption : none
Private Key            : YDKTWHvxEem/H+GcXHWrW+XqN0pLIHn7rfJppeY39IqwuJYtJR66brW7rF1fNIO5oOiVkHbgSuXzc1HmWwx8Zc7N6IsCdP
                         fM4TU/IhMQuh29TUDZUZN8eM7W3+T11uOzIGnJaaidobyXjMrmJSITDC+e12v4uy1WiCDP9l0XQXer6OmwdjhEaLSAcXK9
                         2gdTW//2qVGO2mBIrrTplmR4DbgBkn9OkQH8S7hyoHjex+V3y7yBSt5+8An+XZPKjEJUCzTDogpBTPio88cctzegC3zDIE
                         d2G9Hxg4JSzoRiE4dOyi/oE9AitSlU0tDO7ZMgxgPqE7Vf8tndhn0Rtv+bXk7LxsbUKPRAMMdLacm655LkyIb/m6ZaiXdv
                         s1Op39zfTL1FqBB9hJLnffSLlBUWSq99dkwuXkEXDAkFpbOT/Zng2FJLV3WhTEyehFcgkgj1dD7aekeFE9mK/loQPmzenK
                         vxmGFElRuDrOlXG5sQdD+dQ5aRycoW62CFaiIxz/DnV8fyiwCnW/0kPFUSrVOetKMb0s2jL/guNgtSFfrRl85dx7FcuMCL
                         u7sB79WXYmiza6vaWh4HPbJZjRhpCW7zbMMVN11V6Dcck1HMuZfcelszkAAXkUuY8WHkQOkWi/fGjUffb9pkVlkrmIuEtC
                         yJTDByi07lUgi/ENrY43gqd4tFNSKQr7X01i8L7k85CrITWUKStVGP75rLUgdOiIIAwg+9vqlhUNluiZ3LEp5CiSEmIpvK
                         Na7DcnC+NTB4FKArMa3RziEO46BoLlBJzDi/KykFX9An145GZKf2gEfGMl603jykcMqJZWHPkxj+99VwIPiBaG9Hn9b7F6
                         VWp1EBa++IdvTeGgDIY+su70eqPcxsVjg=
Private MAC            : 366x0631631h5440486gc90a5p524dv1w5ml4u87592166906y6z2055f336p1r6

Source                 : vvnjxfbc.invalid
Path                   : C:\Users\acuna.andrea\Documents\Putty Keys\key-ipcsmhte.invalid.ppk
Protocol               : ssh-rsa
Comment                : rsa key for acuna on ipcsmhte.invalid
Private Key Encryption : aes256-cbc
Private Key            : DV2EPY7goqWw6RsvIF32GdjTXfoUysDNlQb7UwCPVfXkMwaAm1AOVlAQZQcmQteC16TQPcv9XnTCctmCos15J2Ilf1/0dF
                         M2fy1foyHMDMokhww1+55ydeo4xlqOcMWZAqS1DPs4YaEfnaMFt/+sGvl53eCII1X/LNwgwA6Bfsi50zmlI99XsO+qHW8K
                         Esu6cjrqoXUbxt2y3b9wEf1Z+TZF8oD1HOg/HWmgzZtOsNcumkd9vWqgE0JeNHThXEx4S2/ct34z9eedYxAvoc/bWbXUsD
                         8Fdwobzba4AwZfAIFe9oAM1Zs1UJxz/3sGVki3BSGzPAIWT7qrBhuC7SLBWBmzT6rwqwO4nxhW62ABCBaVvQx0isN/lWIk
                         mBw1WAuCcuES+3WOBDtxg2Enb3VkKolrlsGEsvhdeXDXnEJwm59J1XDWVU7+2rC6ST7NPOmHYMec6s2lVf4fidlZRaZncK
                         pdUZjI6/28tDEWxs4fp5EQ+znupnvJ5xbtJO1D17V3yoUXNEyzE06U1zQ8tV439BK1IQjoyvUR4qZmZtYZaRmYcJCOxTyX
                         UhB6/TNWJllOeZ+69dGQ3RruP6nEQW6fsjlHhFfkpoSzC7KkHTJwH3bXTOuxTsEO1Zx6pBo7QSuNI6amukty2qzqiVsIuF
                         aLBBjBM9RM7tLqwHK8TH2Yxr6q5Mov7k2Cxr5yh6RFOZflpE3S/M7Jq3nZxBNbcXIJ/LBMPMDfbih1ptm4Bn1jbjsV2loq
                         bSMdJji6OGLtKkm//AIEUz5YtiG14q3KN0SM7mzSfR4EfcGSbE6cMr5S1ZqeVUUKDFsNcLlPFDvFbzEG44XjoMzFCJXoqC
                         fJnIMsWUZDpoTqbxavQLHFXT7cphsorsodJXqbmgI/vZkA5Teu
Private MAC            : 940e1639969p6838919bt89v6q320yk0t4be8w43039513051t4q4170j243t0l7

2021-08-13 08:11:59 - 192.0.2.184:36726
Digging on zmlxhihy.invalid...
WinSCP Sessions


Source   : zmlxhihy.invalid\jcrosby
Session  : Default%20Settings
Hostname :
Username :
Password :

Source   : zmlxhihy.invalid\jcrosby
Session  : jorge.crosby@eddnjikw.invalid
Hostname : eddnjikw.invalid
Username : jorge.crosby
Password : exgrargwakmau
2021-08-13 08:29:22 - 192.0.2.98:35133
Digging on dxihsiwp.invalid...
WinSCP Sessions


Source   : dxihsiwp.invalid\james
Session  : Default%20Settings
Hostname :
Username :
Password :

Source   : dxihsiwp.invalid\james
Session  : watts.james@ahxzvxwy.invalid
Hostname : ahxzvxwy.invalid
Username : watts.james
Password : qazwtvsfjguwh

Source   : dxihsiwp.invalid\james
Session  : watts@gpblxtxv.invalid
Hostname : gpblxtxv.invalid
Username : watts
Password : sstegxcplfhyz

Source   : dxihsiwp.invalid\james
Session  : watts.james@ksopjsnk.invalid
Hostname : ksopjsnk.invalid
Username : watts.james
Password : haldnmidoumlj
2021-08-13 08:37:33 - 192.0.2.99:37510
Digging on fzwnnqjz.invalid...
WinSCP Sessions


Source   : fzwnnqjz.invalid\sheller.frederick
Session  : Default%20Settings
Hostname :
Username :
Password :

Source   : fzwnnqjz.invalid\sheller.frederick
Session  : frederick@gxxvfbpa.invalid
Hostname : gxxvfbpa.invalid
Username : frederick
Password : jdtdciwyfzeoi

Source   : fzwnnqjz.invalid\sheller.frederick
Session  : frederick.sheller@xbfgfyco.invalid
Hostname : xbfgfyco.invalid
Username : frederick.sheller
Password : cvaccytvjtzip

Source   : fzwnnqjz.invalid\sheller.frederick
Session  : frederick.sheller@umbifrfq.invalid
Hostname : umbifrfq.invalid
Username : frederick.sheller
Password : ixrnyxmwtqwuo




PuTTY Sessions


Source   : fzwnnqjz.invalid\sheller.frederick
Session  : ntlzfaru.invalid
Hostname : sheller@ntlzfaru.invalid
Keyfile  : C:\Users\sheller.frederick\Documents\Putty Keys\key-ntlzfaru.invalid.ppk

Source   : fzwnnqjz.invalid\sheller.frederick
Session  : jgynmxrx.invalid
Hostname : frederick.sheller@jgynmxrx.invalid
Keyfile  : C:\Users\sheller.frederick\Documents\Putty Keys\key-jgynmxrx.invalid.ppk

Source   : fzwnnqjz.invalid\sheller.frederick
Session  : mpkpjcwf.invalid
Hostname : fsheller@mpkpjcwf.invalid
Keyfile  : C:\Users\sheller.frederick\Documents\Putty Keys\key-mpkpjcwf.invalid.ppk

Source   : fzwnnqjz.invalid\sheller.frederick
Session  : yyawufti.invalid
Hostname : frederick@yyawufti.invalid
Keyfile  : C:\Users\sheller.frederick\Documents\Putty Keys\key-yyawufti.invalid.ppk




PuTTY Private Key Files (.ppk)


Source                 : fzwnnqjz.invalid
Path                   : C:\Users\sheller.frederick\Documents\Putty Keys\key-ntlzfaru.invalid.ppk
Protocol               : ssh-rsa
Comment                : rsa key for sheller on ntlzfaru.invalid
Private Key Encryption : none
Private Key            : KGITQOnkXgk/U+WdWFUyN+OjA4aQZUd3pyHoxdL30LoiuFDrUK20kuW5bX5hOTS7qEiEeJtlLxPfb4LjKgz2Mq8S7WiYiQ
                         bL5XZ/IfDTro86SKKEBCQ1uD9V2+R20fWtCAqCgpqhzclCpYnxFRRKAL+e01g8yd5GdSVO9i2IMSmu2KuupxkHfCWHzXI2
                         6ksFP//2mPUT8pPBwvErgtX2HbtPgc7UvIY1X7hbkLgaw+Y0u9kRSq0+1Kc+PLYToPIKWjGEyjuHVWef01njiqbtK6vTBS
                         a2Z3Nia0JYemHeT5yIfh/hD8ChgDhU0lPS0RBmskVaC5Xb1acwnm4Huy+gEk6YmgqNSLMOCCuMnpj030QukWl/k7DzmXyl
                         w7Dn75jvTM2JwIN3hLVmhcBQpXGQVc87gbquTcMUELbBluVZ/Fti2MKZD0CeRSqgbMqkcbk4gR1wxztXM3uE/iqUZobciW
                         illVMKpFvNxQdAD5rQpU+qQ3aBovlI68DMhwGag/RwE4crnoAjH/5tHEIBuDRhwMBx7h1rP/xfYplAQdbJo94is5IqsPZU
                         u2yE02PCBncce8erIn9VHgBTqSmrSF0etPFUB91J2Dacg3SSvGrnsfmxpAHItBtX7YKhJWqJz/yLkSipt1boKksjcOeJzY
                         eYFHDea91fAmc/TVhS92dhc7qVJTIQg2S16f8E2c62YwMMQMTBjIGE17fENofCxOTIoj+4agixTNphfQ6DBe0OaSQoGmtX
                         Qn1RbmQ+QIH3YRQfIg6PyqVW33PzLsYJeAs/GpfRK3Br446ARYo2uEeIBa695sezeUfWWWWFvcf+31RfYFoPdB4Nc3k3U9
                         KBc4MXe++FtnZmXdLJJ+ou31ljCpmkUhc=
Private MAC            : 500d8095489y9038524ub40e9t821rd1b4ue6a42782238471h0e8308i879p0a1

Source                 : fzwnnqjz.invalid
Path                   : C:\Users\sheller.frederick\Documents\Putty Keys\key-jgynmxrx.invalid.ppk
Protocol               : ssh-rsa
Comment                : rsa key for frederick.sheller on jgynmxrx.invalid
Private Key Encryption : none
Private Key            : XCOPQUkfNnq/P+OkVINzO+FmK8uQAPx7cgSzhuG38GjfzQYuYB96knR3wS5gCQM8tLoEiNtgPpGcf2AtZkb5Ol6H7BxMtV
                         tG2HX/LeAAem32EYAXFUE6dM2B9+O81dVzUCqUjytspirNsBlaUSNOBQ+q89y4lr6UvEZR3q0PDNsr7OrwvovHnNNPxMW4
                         0pjZI//2sYWN1uVJdtWssbN3LsaMcr3NtUV8P1cojRekb+S6s6uUIo3+3Wh+KIJBuKZBEuIMwzhNEEzd08vjvkouH4kUYH
                         e7H5Cjo3GWglMhQ5jElg/eZ3RueKiB9zFL5BAignSwG2Iw6lndzx3Oqw+eMi6WgbcCPXYEXBlCvix255HctOl/c7MewOgj
                         t8Zv70eiDZ4MiCK9dNMrciBQvVYNVl32hdumOxAYPPwAzlIA/Oum3XVYM2FhWWsozZidqut6kG9engwOY2fA/jmKZhxjhM
                         umaBSOhNrCdDiPT3dPtG+rV0sCwuaF92DCviUtw/HmD2piglBiZ/0hKZYZiXFajUAx5n6mQ/bfRneTBujWe66uq4JajGUF
                         n6mN44ZCOevhb2srWn6XVwCNaZwoGL1ilGEQF06Z5Qypb9ASuKzfhaknpTHQdEkH9EXhTZkGb/qEpEexv0saElxmpBgToI
                         fMAANwd15yEcy/CScJ08uqj1fXWLWOj6K15p4V7v21WrHNHHDDjZPC09ySVypJeFSDyf+2duxiFQqdxI7IVb6UhLDsYogN
                         Fg2MfoU+URQ0VURgYr6NolRV98KgThFOpJl/BmjAS3Gq033JBBl3xDfFNk312wkdvRuOGRULxsx+13TaTWaGeZ1Kt5o7C2
                         ZXk2ARn++HpkIbGjBKR+ee26oqYumqJhe=
Private MAC            : 711k9411724b4892064pm32o6n012gg0a0in6p40711000479s8j0661b526d2f1

Source                 : fzwnnqjz.invalid
Path                   : C:\Users\sheller.frederick\Documents\Putty Keys\key-mpkpjcwf.invalid.ppk
Protocol               : ssh-rsa
Comment                : rsa key for fsheller on mpkpjcwf.invalid
Private Key Encryption : aes256-cbc
Private Key            : SR8LNL8gegBa5HsfTH28ByqYZzyEblMMfRc0TfIIYxNbWyiMo0IDWxXFMPeyCrxA24IBGrz2OxMOjvrBsy73N1Rqx2/5eO
                         Q3ax5uelDCCMbetsa6+66bzat6ybbHzNBUIaQ5CMh6MnMmtwTDc/+oPyg70ySJQ7O/MWdirW9Oejh96raeN36KeV+iLV5Y
                         Iro6wnywyXMwmv7v1f6oDi0J+LMO9gK3CYg/PDlcnQjKeCbysne3hKviZ0OrGCNnRNe0I7/ef93i6azvLcUjxf/dSiJWdT
                         2Gosmcecl2YmRlLFUx3jDT8Ca9EVhx/1dFAbj3GBQlJLRIC4vyQzrB0GKWWNknY6ijciA8hukO33AMKReRwFt3piN/sJDz
                         eRz0OLuIhvRG+1GKLKhgg2Cyu8FvCzgvaoSOwqrmbXTTyTHtl96C3JSXNQ9+7zH3YL8LXMkOBWnn8k6iFt8yqmkASeEggL
                         cvCFpD8/37vDZRuv7fo7HH+eetjzsY4osdKZ4W48D4ggCVHJkfT16J5sK9yA864CU1CGmfgeVC9gUkEdLWxQzAoQDHmZcU
                         IyN4/FKQLsbBdA+13mAZ5OrjO0pUNX9knpvZkKxsqoWbQ5ExXUXuQ9eIENvcYsRW3Dq5mZo4TOhTQ0sneztc1fbucBxEcI
                         sHHOdWR0TI5eFgdHK9UI7Hyc5j2Zck0f3Pmk8sn8GSWGgsuZ2M/M3Pq2dWuNKihBBN/TLCXBDslyf0yzx2Qo9mfdxX7jdj
                         wMUwRgg6OQPyOov//VDMTh0NpwK84u7ZS4BJ0gqGeO9ComIPoY4gFq7U2WgpCBTTTTsHmBkWCNoWfyUD13PlsHdKZGEiuT
                         uQnZHfXZLOxmCagzgvVSHPEF3lldxcxdxuFGwhbzK/nRoY4Tsu
Private MAC            : 033z8529045h8179106wv94j0q247xd9g6gj5a74295115661b5a0855h403g3c9

Source                 : fzwnnqjz.invalid
Path                   : C:\Users\sheller.frederick\Documents\Putty Keys\key-yyawufti.invalid.ppk
Protocol               : ssh-rsa
Comment                : rsa key for frederick on yyawufti.invalid
Private Key Encryption : none
Private Key            : PHLBRYcgAax/O+CwWGWcC+LsK9hONDu0rjDejeM27LnuoTOjBM17kjO9zX8dGAU5qKzWiWdpCsNgz6TgDqd5Et2D1UhCkX
                         kL3PL/CuRAtd91TQJHZOG8sD8Y8+U16eTsGTnLngczmzvOrCyaRIAOKX+a70j5my3UiJFN6z0XDRuq2FpoprrKvBYIfXI7
                         2ozHK//1tLIE8dQRmeVdcwD6PimUyw6WtTF1Y3pccUskt+G3o5iYEv2+7Pr+WBBPqEUJQpALrqqBMNle70wdsdyzA4oMBX
                         y0G0Jyo5OZveGqL9vExi/eV9OhwVfP7hZJ2TBnyoYeU5Ey8hpljy4Ore+oAg5WefdFNNTPPVzFcea047WmsMd/u3FpzYxh
                         b1Em03slER4BzJA7oRChksJNfKBZLj30xtrbMcDEPOoCukBX/Wpv6GYSC1JtAOgefQhxegu2sY3nlejVT9vO/soSXqbnnN
                         aemWFOuVoHfRiWB0rYxD+pR4zIppxT97GBljGor/WdU9tzrvHsD/3vERMTjWZnkTQs2h7oB/omFgvQWpdBa53to3TtoCHT
                         y6vR09ASPjyyk5gyGw9DJzKUfZcfOX5afWYWS83D0Qplv6LUxQbklvagzPREcQiY6KYaLLmQa/nHwHdbo8sfNatnfOoVdC
                         wHAWOuz09pEgs/KSuG42xee2qNQTEAi2D38f2W3z33QeCYTZODhBVA24mBDbqGmKZWno+8jenfNCevaT8BOg3ViQFkUcrP
                         Sp2HkvT+ZAQ4ITRzTz5SnzZB71JpLcAAbUd/IzxXB1Oa953WGKw6yHcWFs627scvoDeZMDOBpxr+22GwEFqXrE2Cl1v5G8
                         VWk2CBp++IioAvCyZJZ+yw56knVapnAta=
Private MAC            : 881j4379404l8455888nj50l8m754qf1q1ts3e12728180584u7j4243k963m5v0

2021-08-13 08:41:00 - 192.0.2.245:38989
Digging on kzezauof.invalid...
WinSCP Sessions


Source   : kzezauof.invalid\roy.lee
Session  : Default%20Settings
Hostname :
Username :
Password :

Source   : kzezauof.invalid\roy.lee
Session  : roy@zrlbltbe.invalid
Hostname : zrlbltbe.invalid
Username : roy
Password : tnabqzecnqvln

Source   : kzezauof.invalid\roy.lee
Session  : roy@emaqwahc.invalid
Hostname : emaqwahc.invalid
Username : roy
Password : fiqbuibielleu

Source   : kzezauof.invalid\roy.lee
Session  : lee@hbrupqlc.invalid
Hostname : hbrupqlc.invalid
Username : lee
Password : vgqubopadwiny




PuTTY Sessions


Source   : kzezauof.invalid\roy.lee
Session  : otianjzq.invalid
Hostname : rlee@otianjzq.invalid
Keyfile  : C:\Users\roy.lee\Documents\Putty Keys\key-otianjzq.invalid.ppk

Source   : kzezauof.invalid\roy.lee
Session  : iwjpyong.invalid
Hostname : lee.roy@iwjpyong.invalid
Keyfile  : C:\Users\roy.lee\Documents\Putty Keys\key-iwjpyong.invalid.ppk

Source   : kzezauof.invalid\roy.lee
Session  : glyicdvv.invalid
Hostname : lee.roy@glyicdvv.invalid
Keyfile  : C:\Users\roy.lee\Documents\Putty Keys\key-glyicdvv.invalid.ppk

Source   : kzezauof.invalid\roy.lee
Session  : ncmenczd.invalid
Hostname : lee.roy@ncmenczd.invalid
Keyfile  : C:\Users\roy.lee\Documents\Putty Keys\key-ncmenczd.invalid.ppk




PuTTY Private Key Files (.ppk)


Source                 : kzezauof.invalid
Path                   : C:\Users\roy.lee\Documents\Putty Keys\key-otianjzq.invalid.ppk
Protocol               : ssh-rsa
Comment                : rsa key for rlee on otianjzq.invalid
Private Key Encryption : none
Private Key            : KDKBOMtwAek/I+CoMLSqY+PsM7kUZLl0uaXxfwY62HjtvVYpZM27kcX2dI9dFEF3nCnAeUifBnTpk4SdMbz7Db8M2SsKzN
                         nC9RA/HcIHaz20NUERMCA2pP5P5+J52lHkOXsGwclezyiXaTzcXIYIER+g73w5bl5AqBUZ8c7IRWjr9AryjnaZjLDEqDL1
                         5lcWT//2xQZR0dWIutQrgpC2VodTis6EpKH7T1hkiScly+U2a6xLCf5+7Rt+YSSBwYFXZhUWxpkDVYkp84dgzobeX8xXPZ
                         c1X9Nah9SNcvLbE8nFdw/mV0CbaSoQ7eJN7EOppwHkN8Uw6cljhe1Xfc+pDe5YbueUXGGADJpZxwz188ItwWr/j8HtwAqt
                         c4Pc17rpNG2YgER0tIVuchRZgYWNFp61dzyaGySCJQhAxcRA/Eml7SIIH0JeLQjasJiydzh3bB7fizgRP7iY/khILdvfmJ
                         jytJUUwXtQuZpCI8xJcS+jE9tWpuhS99CXmuJon/ErF4xbpbVfF/9qCYBGyDPelOLm9j9bO/lkAqlSUtsNc78sw1OkrCWX
                         u8gP47HCRacnr5zkBm8OXxIDmTfmVC6suRCQT52E5Isnl3GFbMhwhfonbJBJhHwW6RNhGKlDn/zUuTeat7ljDdnmyAwEsD
                         nHLJGft81pUjg/LLbT63lkj7pXKLPSl9C34m3T1l27PwXFCLRMuTHS05uZIhlScBQTpn+2ivqqXGkwsF3JJy5JaBZgMnqJ
                         Vb7RttA+QHJ4EISiEb4FryLV35JlPnFFzPf/OvqND4Cv733EVJk3bJfTYf549cneyTnSYMVNdhk+81UaRCxCmV6Lu6d7O4
                         KBa3DFw++TubByJmREK+pr46efZtyaTlt=
Private MAC            : 060i4131273y5724846mg39v2g174zx2x8qc1m29444832133x7j6851m735s1x8

Source                 : kzezauof.invalid
Path                   : C:\Users\roy.lee\Documents\Putty Keys\key-iwjpyong.invalid.ppk
Protocol               : ssh-rsa
Comment                : rsa key for lee.roy on iwjpyong.invalid
Private Key Encryption : none
Private Key            : ACTISOkvCnl/X+WkUAAlI+RzT2mXMXj4iuXxacL25AghdIMsFZ49myJ3fB7cOMX4uMvBuLgtSjQez2LcMzh1Ud4X2PtKrF
                         lQ0ZG/XtAKck37HJVPUED7nW5Y6+V48kKpVCdQgkugmavDrEyvTVHFRL+u61k4wn0UvHTS4g8PWOkl8DfsgfkAxVRJnZY7
                         5qpOH//6tWZN9qZFwrWyurA3XhtXwq8KrUC2M5gwzNbal+E5f9eRSa4+8Ly+TGTClDWLFmPXatyLHSbq56zwohsxY2dFPI
                         q5H9Wdx3MIxoEpE8qQxl/vS9DkdXdS9gYC1DYsgeCmB9Fe4atwwc3Qea+qFn8RvpsRHSFMHQpPocf345AbvEg/g6MnpLtc
                         f8Hn83wzPA0YzFW2cATpebYOwFFVWc56zkccQiXPKPvOahUR/Viy2BZHV2WlKArhzOyrhfg5jA3wzntUA0sP/qzFUolgbQ
                         bbmGHJhEjFpTkQZ2bIcN+sZ4uOqttO85BQdrSqc/SeT8fzvzQkB/9xQAZKaTYxdSHl9o1hJ/miOtnTAtiZc87cx5RnsBUA
                         q2gD71JBCzejj3mdHl0TXzABfCtoWT4feXFYN17C1Bawo7QGqLmylzxdwNKGlTvF4ZUxHJlHu/tAsNqvx3wrAapkoTkNmX
                         nJWNZnk33jDur/XXxG13zrj5rTIVUFa0B01t1X8l49BoHBTCFYkYNY45aCQbyBvSGSwi+0enclARlxhK7PIc9GoSRzCevL
                         Ot8OqfM+WCA8BJSdKz9WpcCB65CgQwVPrVx/LsfLA1Nl087JXEg2jHpBUb602ofbwFzYXLRAtgy+26YyRYqLtM1Jd1f1X5
                         HPk3GQm++DnvYwOqHQJ+ja58lxJbhqRrs=
Private MAC            : 626j5459652e5185143rb21r8m190dr8b7ap0z87764906168w2a5622g569c7x8

Source                 : kzezauof.invalid
Path                   : C:\Users\roy.lee\Documents\Putty Keys\key-glyicdvv.invalid.ppk
Protocol               : ssh-rsa
Comment                : rsa key for lee.roy on glyicdvv.invalid
Private Key Encryption : aes256-cbc
Private Key            : NE7XGI1tnnKy1BhjTO32VorWTyxQrmBKlSb0WiOQPlUtSnkSj0QWFkXZVAotPwyT35GVJaa7EtYVbbaPiw88X1Mdv5/7iS
                         C0ya7tobLNCUjlhnb3+35opan2ovtRdDGTHaY2WPt8FvHubnALx/+tEdh47zQYE7C/NTzbmC6Xyku10mocO03PmE+cEY6N
                         Dco8rcphdLVonc0a0i0pZt4X+FEF7xC3INo/KTixaXhLdBvuvqp7vVlcL6YeWXSmGBt9O2/de43n7ysyUnCofs/nYcLBnY
                         5Zqpgkgoe7SpPaSPHc0gRE1Qb4TQbg/7kCVus1ZEUiFFXZE0joPnkV1ZKSVYncO1eluvR4zyfT27JQHPfZyJd0deN/lZOk
                         hPq0ONsWecDS+8KVUQqhv0Vah2RoTzqtlxHCaesarXSCaKNrz66M4WEHJX1+6fE8TX0QYQjDHBbb6e9gHb4sifgLYxDdwW
                         mbEVoP7/31gSBPpo5nz8LG+orvltfL1pwlAC5S27X9zbZBEJrgK80S6cF8nO855JC3IWysmmVI0cBlZwXNcNhRcAONrYoH
                         TtG4/YMGOubUdU+66gPT4GvpZ5qBHQ8dfodKdPdvwkXmF4SfDYXzH9fQZZodRoIV8Rz6hBo2LToSU4ypmyhd1dfsjKgSiC
                         sKUHlVV9RO7qVqvBP2LM8Vmw8i1Zbq0j4Mmg3ui1WXZHboyV6S/P8Is7nWoCBlpEKX/XLFTKTwndg5dol9Il5adthB3rhu
                         cJDzUwe0CFPgFfo//KJQXd0QpjX91l8PZ8DE2coKvL3CqgHIjX2mDf3U1HxyAKETFQmGyCwVFExJhsCO86IylUoFQLRbcZ
                         yXnSEbASVGkgSrwlnqSYEQCW0txdwbssueFAwjeeU/vGmF9Gvn
Private MAC            : 937x7777902r9118898gu83z8e097yr3o4xj0w37029653372r2n3127h099s1a1

Source                 : kzezauof.invalid
Path                   : C:\Users\roy.lee\Documents\Putty Keys\key-ncmenczd.invalid.ppk
Protocol               : ssh-rsa
Comment                : rsa key for lee.roy on ncmenczd.invalid
Private Key Encryption : aes256-cbc
Private Key            : UW5FZH5gpqVc8PnxCD77MhsPMzjVljIExLu5IlVLAyNlTdnDk7PUCiBMBOgnQgzG31TNWhe1ErKIxgnGga52Y0Dcy2/3sG
                         B9fj9fuzEFMCpkuhr3+41zyem4oppQfHWQVwF0BXx2CdOlxeQBt/+uRfg53pOWX3X/YTfrhF3Lkqv28vlhA77LrC+xHL7V
                         Qds0kuzukSMfdz5q9y9iYk8Y+VUF7lW7QBq/GCkdoUzVdGfespw6eZowC3AiMFTyHDs5T9/yu51o5rwyFgZogo/nJzKCcS
                         3Hstekbjp9YaDbOPNc9lLU9Dl4NJma/7cNJgp9VWSoNPUAE4hrQmzY9ERITYqzC1byzuT2zzvH51LBFUbOmHi4gyB/pFVa
                         uBr0NQmXatML+1FZKJwrh5Krf7GuNgmoinRMolzpqIAYuJQvo01P3GGIRO2+9iT9XO3ETZuVXWkn8k1kLh3wrywXFhPneJ
                         nvOOxB2/56fTBLlw8lo5JI+fetmqeC8cupTQ7A60Z4ggHOSHczV62X3dL4pF726FR3CCcanyFC1nWdUbVWbPmQoNQThRtN
                         KjY0/SIRIyiUbA+96kOO6YnlI8eLUR0boiyIdEanbjGmJ8EuLHBgG0qABRtvZwYW4Bo7rFv1YQkXZ2ntjemd0vxrmFhCrO
                         oLZVpUP6MD0aHxhBI4WA2Sdm8i2Wfb8q2Pcq0jp1UEUXmazN9N/E2Xw8gYqCKmuAOQ/XDKVCNwjyl4rfb9Ld0munsM0ula
                         jBNgJzr2BSPkNwt//MOCFb2MioZ35j2TZ0UO5znBqD9KmwRCqO8gZm5Z4WvdDENRWKdCsUgSKSoIhlWW87FewBmTQCZgxA
                         aKoEFoVWNZlsIdbjakKXMZIU3raloiytbiPJcltoN/hRcU1Qnk
Private MAC            : 981t9272365q7254962sw27i3r947hf7k3fo6f46550474021b0v1045r928w0i5

2021-08-13 08:44:55 - 192.0.2.192:34969
Digging on xycdopgl.invalid...
2021-08-13 08:47:47 - 192.0.2.160:39754
Digging on jcqxbpgu.invalid...
WinSCP Sessions


Source   : jcqxbpgu.invalid\james.shipp
Session  : Default%20Settings
Hostname :
Username :
Password :




PuTTY Sessions


Source   : jcqxbpgu.invalid\james.shipp
Session  : othwfris.invalid
Hostname : shipp@othwfris.invalid
Keyfile  : C:\Users\james.shipp\Documents\Putty Keys\key-othwfris.invalid.ppk

Source   : jcqxbpgu.invalid\james.shipp
Session  : uxzrbdfl.invalid
Hostname : shipp.james@uxzrbdfl.invalid
Keyfile  : C:\Users\james.shipp\Documents\Putty Keys\key-uxzrbdfl.invalid.ppk




PuTTY Private Key Files (.ppk)


Source                 : jcqxbpgu.invalid
Path                   : C:\Users\james.shipp\Documents\Putty Keys\key-othwfris.invalid.ppk
Protocol               : ssh-rsa
Comment                : rsa key for shipp on othwfris.invalid
Private Key Encryption : aes256-cbc
Private Key            : GZ5WQB1tyvEu3EggRO34BdvHSlnKmmVAnSq3RmQXNkFoDqkKp0EIBxOHJOihCpnH30YMVvi9MvUSgooHpo55Z5Oto5/0lE
                         E8zz2kbdLXHIhrfpv3+17jztm2ynvVlEIQZgE0UMn2LrQbdhTMa/+nAia96pDAJ6X/HEzvzS6Ajra64pkmJ87XoV+tAR2P
                         Rrs7bydyqOZhwg3f7r5sKi0G+DYU7cV6YUs/EPfjxTxRaKpzimj5wSsrQ5NyLUXoYHi4F3/lz15v1hsoDjJiwz/jUmZWmN
                         5Htcinmou9ZcEsTBIe6nJP5Ed9GTvo/5tZIaa8RNYzPRPWB8tfBllO4PYZJPyhT4tkqfI8sfoA24PSSBxZiNa5spN/fUKm
                         mAq7PFySxuUI+3GDBKoec2Amf9AaXwthmjPOqxusaPRAsEQsu67B8TXSGF0+8zV7AW3OAEqOHBwu8w2jIx0ubtlDPbClaT
                         fqJEmG0/69uUBEql8qf5ED+kzjrauR5ymnCA7P66R2gbHLTYyyN17V6cZ6jP564YK5VDciiyVY7tXrFiSEnHoQuLIFqTuL
                         VzM7/TJEYqeZhZ+81sXC8TugT0iLYZ1ddglShIwqisKbD6BgOTNfR0tYGUpgOdTW2Yb8xYm5PBnZB2thbmlq7dvsxZlVdT
                         eWTPwXK8NP5wLthLT6RF0Mkm7k5Zat5t3Cez5jv3OMBBbbgH9I/M2Zj9fCaIDcdHAN/WISTQYzysx2bed5Fw9qadlE5ese
                         mRCdSox8WUMxDdw//AKIJh4UkdT94l5HC8XQ0yaYcB5PndLMyB8lUm6C8XhkXLUAHFwWxXoRIYsKucBA46PenDdYRQAxcB
                         bHeAPnWCWTlmFjxrkaTJYBBT6qskbkotsxPJuoopG/nCrL2Rfq
Private MAC            : 311u2663700m6064006vp06n8d913au4q5td8p84192511107z9u7811f890l1v6

Source                 : jcqxbpgu.invalid
Path                   : C:\Users\james.shipp\Documents\Putty Keys\key-uxzrbdfl.invalid.ppk
Protocol               : ssh-rsa
Comment                : rsa key for shipp.james on uxzrbdfl.invalid
Private Key Encryption : aes256-cbc
Private Key            : AJ0THW7dvxOb6ZpbAB22FfiNGtqWyxVBkAk9TcSRYzWxKgpBz5QQSgYYFKvaQzeL70DAHou2PlLAstaZyn49X0Ihz0/6iN
                         N7up5oohYNUTvwbpm1+22ggxw4npbJsNBLLmW0LBq0SuYohrHQi/+iRny35tPRS3I/DMndlA5Rwmk32eluP52FjD+gJM1H
                         Mio8kzxipVGljj4c9x5uSs6E+PRG8mF8ILd/AIwifDkHaBqzmhq0vYbbE0HrSSCcRTj9D7/lf06b4hobGmGqww/lUoFGgP
                         9Aruyhnpd8PkJcATKr6wWF8Ji2UNce/3hHUgq1PSQpKUJAX7sjJrnZ5RBYBGnxT9golvT7pkmK73BQYPuMkXw8vlC/gXKq
                         hEl5IObNjqPH+7GNNNphr9Wft3QuFskpjrJSzbwkdBFBwEJnm48Q7EVZRA6+8zM1QH1NDTfJQDwl7z3aSk1rcwkGCaFrdM
                         geSEtV4/65rTBOcc6sn3ES+hpbirrG2fmeJZ9L38Q0wzEMQTbpD17N9sM6fX743GO2QZuyvwMK8kFrSnGYxFyOnRGBuQlJ
                         BtX3/AAIGkgSlU+17xYK4NwuC1eANR9tihrLdVjiumVtH7KmXXLiW5aCSLlzQuVY1Cr2pHn5VKkUS4oynpsc7revkPsUkL
                         zHKGeNW2UV9fPgoOH2CQ0Btf7w0Afe3p0Joz6py1MIXUguiD8B/K7Pi3dWlKYlqYRV/ERCFWNkxsm9mmx0Ma8vulpA1vag
                         gKSyMii5JXOaMbw//MDINc5ZxlS09z3AY1JS7teZfA2SqgJVaN7kSc5D3IllGJTOYWyIkOlHYYeMuhPT46DecMtXQEUwaT
                         pZoMRzUQESolUrnphmVVUAFL2gbzvimvkhDSpgxhR/xVzL6Val
Private MAC            : 783r0643088x0976624ki03p8u310df7l7zq9p04814015729n5k5606n599r7x0

2021-08-13 08:50:17 - 192.0.2.58:34106
Digging on gxhhehmq.invalid...
WinSCP Sessions


Source   : gxhhehmq.invalid\bolen.larry
Session  : Default%20Settings
Hostname :
Username :
Password :

Source   : gxhhehmq.invalid\bolen.larry
Session  : bolen@bkvvwgww.invalid
Hostname : bkvvwgww.invalid
Username : bolen
Password : ypqdqlvrodzxd

Source   : gxhhehmq.invalid\bolen.larry
Session  : bolen@wiewvqho.invalid
Hostname : wiewvqho.invalid
Username : bolen
Password : gfvbwdvfzupxc

Source   : gxhhehmq.invalid\bolen.larry
Session  : larry.bolen@zaxsfgvp.invalid
Hostname : zaxsfgvp.invalid
Username : larry.bolen
Password : dhaefvkpauyvy

Source   : gxhhehmq.invalid\bolen.larry
Session  : larry@oxvlaefq.invalid
Hostname : oxvlaefq.invalid
Username : larry
Password : axifoetadjfoq
2021-08-13 08:50:48 - 192.0.2.1:37785
Digging on nnqshczl.invalid...
WinSCP Sessions


Source   : nnqshczl.invalid\dbennett
Session  : Default%20Settings
Hostname :
Username :
Password :

Source   : nnqshczl.invalid\dbennett
Session  : bennett.dora@dfegyizx.invalid
Hostname : dfegyizx.invalid
Username : bennett.dora
Password : vtcojjqbgruty

Source   : nnqshczl.invalid\dbennett
Session  : bennett@hebnukwm.invalid
Hostname : hebnukwm.invalid
Username : bennett
Password : quaslnomqgrqj




PuTTY Sessions


Source   : nnqshczl.invalid\dbennett
Session  : mtstnrym.invalid
Hostname : bennett@mtstnrym.invalid
Keyfile  : C:\Users\dbennett\Documents\Putty Keys\key-mtstnrym.invalid.ppk

Source   : nnqshczl.invalid\dbennett
Session  : cwtngned.invalid
Hostname : bennett@cwtngned.invalid
Keyfile  : C:\Users\dbennett\Documents\Putty Keys\key-cwtngned.invalid.ppk

Source   : nnqshczl.invalid\dbennett
Session  : llopvfzb.invalid
Hostname : bennett.dora@llopvfzb.invalid
Keyfile  : C:\Users\dbennett\Documents\Putty Keys\key-llopvfzb.invalid.ppk




PuTTY Private Key Files (.ppk)


Source                 : nnqshczl.invalid
Path                   : C:\Users\dbennett\Documents\Putty Keys\key-mtstnrym.invalid.ppk
Protocol               : ssh-rsa
Comment                : rsa key for bennett on mtstnrym.invalid
Private Key Encryption : aes256-cbc
Private Key            : GD2WKF4vpoIh9ElmMW30HpaNWxiZysQJtBu3IdQSWrSuBieQb1GWZfQPGYrbWupI00YORwr7HxCUdalBgi99R9Raa4/5cL
                         O4sx6qrjEFHXwfbwe9+56ktbl9wwjDeHHXNyY4MFh8JcVeupPZv/+kMgx34nXHS9M/ZYqyvD3Rnkf87awdG06VjH+aWX1Q
                         Nab3gfzznOCxxf8n0y5nYo9H+UER7iX1NUi/IJfurDnXcJjwcnl6nEglC3WpWRCbFUt2D0/cq67j3yqhJiGtcf/vGyVUtL
                         4Wtmhxnkr5LjMrDKYw4rSH1Th6AUuj/2tLCjc5IINcKDBAX2tnWtiG7JKEYKhmR3ymlxO8qrnD74PNNDjMrUd0soN/dMSd
                         zWz3QOjAgzPX+9HULYckv1Mtm7BtKwxzeoZTusvvgUGNiHOze46N0FDKIV2+4dX3HR6AYStKJKna0v2xBl2fozmSDiYkiE
                         ovUSdZ6/83eVMDlm3uj1RR+qjpefjM0hhmWE1D54A3nuGBWIpiS30V7fE5zJ301YQ7DOdtogKB0hFoLaIIlAeJdNEHuFuW
                         NuH8/OWGUnwAiT+54wBF3QtyH5jAGS1xqplNzKmeisLpN0LeFELpR8oXJAdlJkYU2Kn7sCb3RDpOU7piqsug2fweaPwMvA
                         tOGQkSZ9RF0fCrkAE3SB1Zig3v8Xzn1p8Evs7hx8DDJOjhrV9D/D2Ee8uQdNQxlWFD/QFHGAXyynl5ryq0Ka5wlpuG1yyk
                         qREoMxj2HQTkRrs//HUFRu5GqwK25p0BN0HK7vnIcK1FadWOrK1bGo1X8WnkZYOTJTlWmJqFHGaOvyIM14KhxRjMEMToqQ
                         kFeAZdADNWcuVqtoceCXCVEC4skviftecjJObzbiM/pQvI7Jbt
Private MAC            : 353x7296353w6836903rc28q0k241ew3f6qc7h66431867539h1p2249b313i0w7

Source                 : nnqshczl.invalid
Path                   : C:\Users\dbennett\Documents\Putty Keys\key-cwtngned.invalid.ppk
Protocol               : ssh-rsa
Comment                : rsa key for bennett on cwtngned.invalid
Private Key Encryption : none
Private Key            : QSYUJLfoXgh/B+FbALQuG+UfE1kPTYd0ajSvgkD62TzlbTLxOY66xqH6lE1xCJR8lBvEyAngWaLvk0JoCza1Cy3V6FxCyV
                         lC7HF/NwDQic35FITMRQL5mZ5V9+R67cJuPPcGkdcknmyHdQqnJBMKIW+v50c4ae2OiMNC7a9SYAvo3FtpyvtWoSHFxXX2
                         7gkVB//3uGBJ7xCZeoQeleZ1CfrHnh8VcAX9Y2ldtOobp+I6i6cCBq9+4Mb+PSBZyOCNKmTWdabAFNse25hkvzysW3qFED
                         v1L7Tef0BRimQeA3aRrc/hC6EggXqT8jEY8BCykbCaT7Cs7lpzhe2Eqm+sBb2SkgtTLIMVOIeLesc062YidXw/h2SkvVyr
                         t0Cs03aqSP4XuZS4sAEqnyVKfLDLEz87lvzqHkGBFNeGxzFH/Pun2NVDA6CbFRpavWcdixe3yM5trzhNN7qI/ahYGrrtpY
                         tbcMIDiDcJcZtZN4vDbB+yL8mZezjT33WIvgJwj/CmN1kswfWbC/2dTZBLiEUmjULw8e2vY/ljYqrOPchIu26da5DphCDW
                         b7lX05JKUhkws2yuHz9UBzOKtKunBP7afLYYC84J2Qrqv5WZoHvahcjliLPLfUsA7XXfAPiPd/aOlNhbp9gkGlktrDrGtS
                         sKPVZlo32wIcx/JYcM25gvv0vPZSRId7I63c7R8j14FwIDHGUYnJMP68gFBqtJpFKVjr+5kvgwCNktuZ2SEp4GiQEmPuhB
                         Uf5MjbB+UAX3CEIwTn3YgzMQ98FtDzOMdCu/MeiST4Pr383VPNv1sCpVFd079sqkqZgKNYXUmqa+56PiSGgUmU5Ht3p3G0
                         IYa2LXm++CtgBmFvHQU+sd58vcOrbfIvj=
Private MAC            : 462y7193886h4706974kh75j9p637pb3s7fx3t40310094571m8e9918f284y0u9

Source                 : nnqshczl.invalid
Path                   : C:\Users\dbennett\Documents\Putty Keys\key-llopvfzb.invalid.ppk
Protocol               : ssh-rsa
Comment                : rsa key for bennett.dora on llopvfzb.invalid
Private Key Encryption : aes256-cbc
Private Key            : AZ8CAG4pzzZv4HcbYR00TncFRxvVzqHGkWi2SgXSPkKcMrmEr0XJJrUFZXvoNpxO92ECSnl7LvQYsvhYar80V4Ckn1/3lQ
                         V0lv4gfyRXUVshreu3+72mhxu0ibwItUDWDaA6NAh3RfPwomFLg/+uNcs39tLZF9R/SBjigB2Dqyk46ygtS16DjA+hII8R
                         Keb7friqzQOvwd5j3p3dIm3L+NDS7tQ6DLj/ZCgaoSqHqQrewwb7tFxvA9LnFOIzPXj5Z4/zb99s7hzuRoEcsm/iEtKXnC
                         4Eaezkdxb0FfRpEKWp3mLW1Tz9AZiz/0tORay4FLKcNWFPI5rzIwtH2JWIOPndX1xuttV6azkY61KIGXhBpIe1snN/uVJx
                         yCj4WYpZdgHT+7COLXntb3Jzd0TiAdxsopHEixlnwZNZmXStv26G8XOIUV0+8fA1OB8KYNgGHSgb7j8jQh5ykkxNAzNqhT
                         wuPOxJ4/66uVFExs3tx2QC+postgfY4tedYP8I09B5roGFEXruH47C6bH3vX674MM1XQhrjkXQ4aFzHbAZaKqHpRTUbQnJ
                         RaI1/NRDFkmCbV+99tOQ0NmgK2iBVI2yqptBfRpcdtShX7XgJANpN7zKHEitStGN4Vs1xYf8SVzXI5ruytic5syomWrGwL
                         zAPYeZO2KU7tEbgFU6YW5Djv6h9Pbw3e6Dsz0wp1CPRObfsV7H/H4El0gFwZHvbVNV/JYDEETbqdk5yxp6Xv4odbxF8jeb
                         eIUzDoo5IEOiJwy//CZXRr2UlqW00f9BB9NS5ifUiY8VwxTYwG9fIj1L0NizQVLKRKnDpYiLCVgWsjGA96WtkQiIVHMvrH
                         tFvONnNAAJgyYtugnjAFQWQZ3hgvjqwaxfNBdsidJ/qBjL2Pjb
Private MAC            : 384d9709377o5997712vg94n5k755re5x7zb0c16858490500o6k4036y893e6e8

2021-08-13 08:52:54 - 192.0.2.253:31963
Digging on cyqpotkc.invalid...
2021-08-13 08:55:08 - 192.0.2.198:30195
Digging on nikumkjt.invalid...
WinSCP Sessions


Source   : nikumkjt.invalid\kinslow.eartha
Session  : Default%20Settings
Hostname :
Username :
Password :

Source   : nikumkjt.invalid\kinslow.eartha
Session  : kinslow@gjnjukqf.invalid
Hostname : gjnjukqf.invalid
Username : kinslow
Password : aaavvvkywbcgs

Source   : nikumkjt.invalid\kinslow.eartha
Session  : eartha@ucdrpfmf.invalid
Hostname : ucdrpfmf.invalid
Username : eartha
Password : ofgssewjcnjyc

Source   : nikumkjt.invalid\kinslow.eartha
Session  : eartha.kinslow@akuyhsmb.invalid
Hostname : akuyhsmb.invalid
Username : eartha.kinslow
Password : olirsraksaaln
