execve("/usr/bin/make", ["make"], 0x7ffcbd6576e0 /* 7 vars */) = 0
arch_prctl(ARCH_SET_FS, 0x7fc8679bab48) = 0
set_tid_address(0x7fc8679baf90)         = 33
brk(NULL)                               = 0x562725a2d000
brk(0x562725a2f000)                     = 0x562725a2f000
mmap(0x562725a2d000, 4096, PROT_NONE, MAP_PRIVATE|MAP_FIXED|MAP_ANONYMOUS, -1, 0) = 0x562725a2d000
open("/etc/ld-musl-x86_64.path", O_RDONLY|O_LARGEFILE|O_CLOEXEC) = -1 ENOENT (No such file or directory)
open("/lib/libgit2.so.1.1", O_RDONLY|O_LARGEFILE|O_CLOEXEC) = -1 ENOENT (No such file or directory)
open("/usr/local/lib/libgit2.so.1.1", O_RDONLY|O_LARGEFILE|O_CLOEXEC) = -1 ENOENT (No such file or directory)
open("/usr/lib/libgit2.so.1.1", O_RDONLY|O_LARGEFILE|O_CLOEXEC) = 3
fcntl(3, F_SETFD, FD_CLOEXEC)           = 0
fstat(3, {st_mode=S_IFREG|0755, st_size=983160, ...}) = 0
read(3, "\177ELF\2\1\1\0\0\0\0\0\0\0\0\0\3\0>\0\1\0\0\0 \220\1\0\0\0\0\0"..., 960) = 960
mmap(NULL, 987136, PROT_READ, MAP_PRIVATE, 3, 0) = 0x7fc867833000
mmap(0x7fc867849000, 626688, PROT_READ|PROT_EXEC, MAP_PRIVATE|MAP_FIXED, 3, 0x16000) = 0x7fc867849000
mmap(0x7fc8678e2000, 237568, PROT_READ, MAP_PRIVATE|MAP_FIXED, 3, 0xaf000) = 0x7fc8678e2000
mmap(0x7fc86791d000, 28672, PROT_READ|PROT_WRITE, MAP_PRIVATE|MAP_FIXED, 3, 0xe9000) = 0x7fc86791d000
close(3)                                = 0
open("/lib/libstdc++.so.6", O_RDONLY|O_LARGEFILE|O_CLOEXEC) = -1 ENOENT (No such file or directory)
open("/usr/local/lib/libstdc++.so.6", O_RDONLY|O_LARGEFILE|O_CLOEXEC) = -1 ENOENT (No such file or directory)
open("/usr/lib/libstdc++.so.6", O_RDONLY|O_LARGEFILE|O_CLOEXEC) = 3
fcntl(3, F_SETFD, FD_CLOEXEC)           = 0
fstat(3, {st_mode=S_IFREG|0755, st_size=1694208, ...}) = 0
read(3, "\177ELF\2\1\1\0\0\0\0\0\0\0\0\0\3\0>\0\1\0\0\0 \370\v\0\0\0\0\0"..., 960) = 960
mmap(NULL, 1712128, PROT_READ, MAP_PRIVATE, 3, 0) = 0x7fc867691000
mmap(0x7fc867748000, 598016, PROT_READ|PROT_EXEC, MAP_PRIVATE|MAP_FIXED, 3, 0xb7000) = 0x7fc867748000
mmap(0x7fc8677da000, 282624, PROT_READ, MAP_PRIVATE|MAP_FIXED, 3, 0x149000) = 0x7fc8677da000
mmap(0x7fc867820000, 77824, PROT_READ|PROT_WRITE, MAP_PRIVATE|MAP_FIXED, 3, 0x18e000) = 0x7fc867820000
mmap(0x7fc867830000, 12288, PROT_READ|PROT_WRITE, MAP_PRIVATE|MAP_FIXED|MAP_ANONYMOUS, -1, 0) = 0x7fc867830000
close(3)                                = 0
open("/lib/libgcc_s.so.1", O_RDONLY|O_LARGEFILE|O_CLOEXEC) = -1 ENOENT (No such file or directory)
open("/usr/local/lib/libgcc_s.so.1", O_RDONLY|O_LARGEFILE|O_CLOEXEC) = -1 ENOENT (No such file or directory)
open("/usr/lib/libgcc_s.so.1", O_RDONLY|O_LARGEFILE|O_CLOEXEC) = 3
fcntl(3, F_SETFD, FD_CLOEXEC)           = 0
fstat(3, {st_mode=S_IFREG|0644, st_size=100088, ...}) = 0
read(3, "\177ELF\2\1\1\0\0\0\0\0\0\0\0\0\3\0>\0\1\0\0\0\3602\0\0\0\0\0\0"..., 960) = 960
mmap(NULL, 106496, PROT_READ, MAP_PRIVATE, 3, 0) = 0x7fc867677000
mmap(0x7fc86767a000, 69632, PROT_READ|PROT_EXEC, MAP_PRIVATE|MAP_FIXED, 3, 0x3000) = 0x7fc86767a000
mmap(0x7fc86768b000, 12288, PROT_READ, MAP_PRIVATE|MAP_FIXED, 3, 0x14000) = 0x7fc86768b000
mmap(0x7fc86768f000, 8192, PROT_READ|PROT_WRITE, MAP_PRIVATE|MAP_FIXED, 3, 0x17000) = 0x7fc86768f000
close(3)                                = 0
open("/lib/libssl.so.1.1", O_RDONLY|O_LARGEFILE|O_CLOEXEC) = 3
fcntl(3, F_SETFD, FD_CLOEXEC)           = 0
fstat(3, {st_mode=S_IFREG|0755, st_size=523744, ...}) = 0
read(3, "\177ELF\2\1\1\0\0\0\0\0\0\0\0\0\3\0>\0\1\0\0\0\340\332\1\0\0\0\0\0"..., 960) = 960
mmap(NULL, 528384, PROT_READ, MAP_PRIVATE, 3, 0) = 0x7fc8675f6000
mmap(0x7fc867612000, 262144, PROT_READ|PROT_EXEC, MAP_PRIVATE|MAP_FIXED, 3, 0x1c000) = 0x7fc867612000
mmap(0x7fc867652000, 98304, PROT_READ, MAP_PRIVATE|MAP_FIXED, 3, 0x5c000) = 0x7fc867652000
mmap(0x7fc86766a000, 53248, PROT_READ|PROT_WRITE, MAP_PRIVATE|MAP_FIXED, 3, 0x73000) = 0x7fc86766a000
close(3)                                = 0
open("/lib/libcrypto.so.1.1", O_RDONLY|O_LARGEFILE|O_CLOEXEC) = 3
fcntl(3, F_SETFD, FD_CLOEXEC)           = 0
fstat(3, {st_mode=S_IFREG|0755, st_size=2605744, ...}) = 0
read(3, "\177ELF\2\1\1\0\0\0\0\0\0\0\0\0\3\0>\0\1\0\0\0\0`\7\0\0\0\0\0"..., 960) = 960
mmap(NULL, 2625536, PROT_READ, MAP_PRIVATE, 3, 0) = 0x7fc867375000
mmap(0x7fc8673ea000, 1404928, PROT_READ|PROT_EXEC, MAP_PRIVATE|MAP_FIXED, 3, 0x75000) = 0x7fc8673ea000
mmap(0x7fc867541000, 540672, PROT_READ, MAP_PRIVATE|MAP_FIXED, 3, 0x1cc000) = 0x7fc867541000
mmap(0x7fc8675c5000, 200704, PROT_READ|PROT_WRITE, MAP_PRIVATE|MAP_FIXED, 3, 0x24f000) = 0x7fc8675c5000
mmap(0x7fc8675f2000, 16384, PROT_READ|PROT_WRITE, MAP_PRIVATE|MAP_FIXED|MAP_ANONYMOUS, -1, 0) = 0x7fc8675f2000
close(3)                                = 0
open("/lib/libpcre.so.1", O_RDONLY|O_LARGEFILE|O_CLOEXEC) = -1 ENOENT (No such file or directory)
open("/usr/local/lib/libpcre.so.1", O_RDONLY|O_LARGEFILE|O_CLOEXEC) = -1 ENOENT (No such file or directory)
open("/usr/lib/libpcre.so.1", O_RDONLY|O_LARGEFILE|O_CLOEXEC) = 3
fcntl(3, F_SETFD, FD_CLOEXEC)           = 0
fstat(3, {st_mode=S_IFREG|0755, st_size=370360, ...}) = 0
read(3, "\177ELF\2\1\1\0\0\0\0\0\0\0\0\0\3\0>\0\1\0\0\0\360!\0\0\0\0\0\0"..., 960) = 960
mmap(NULL, 376832, PROT_READ, MAP_PRIVATE, 3, 0) = 0x7fc867319000
mmap(0x7fc86731b000, 245760, PROT_READ|PROT_EXEC, MAP_PRIVATE|MAP_FIXED, 3, 0x2000) = 0x7fc86731b000
mmap(0x7fc867357000, 114688, PROT_READ, MAP_PRIVATE|MAP_FIXED, 3, 0x3e000) = 0x7fc867357000
mmap(0x7fc867373000, 8192, PROT_READ|PROT_WRITE, MAP_PRIVATE|MAP_FIXED, 3, 0x59000) = 0x7fc867373000
close(3)                                = 0
open("/lib/libhttp_parser.so.2.9", O_RDONLY|O_LARGEFILE|O_CLOEXEC) = -1 ENOENT (No such file or directory)
open("/usr/local/lib/libhttp_parser.so.2.9", O_RDONLY|O_LARGEFILE|O_CLOEXEC) = -1 ENOENT (No such file or directory)
open("/usr/lib/libhttp_parser.so.2.9", O_RDONLY|O_LARGEFILE|O_CLOEXEC) = 3
fcntl(3, F_SETFD, FD_CLOEXEC)           = 0
fstat(3, {st_mode=S_IFREG|0755, st_size=42664, ...}) = 0
read(3, "\177ELF\2\1\1\0\0\0\0\0\0\0\0\0\3\0>\0\1\0\0\0` \0\0\0\0\0\0"..., 960) = 960
mmap(NULL, 49152, PROT_READ, MAP_PRIVATE, 3, 0) = 0x7fc86730d000
mmap(0x7fc86730f000, 20480, PROT_READ|PROT_EXEC, MAP_PRIVATE|MAP_FIXED, 3, 0x2000) = 0x7fc86730f000
mmap(0x7fc867314000, 8192, PROT_READ, MAP_PRIVATE|MAP_FIXED, 3, 0x7000) = 0x7fc867314000
mmap(0x7fc867317000, 8192, PROT_READ|PROT_WRITE, MAP_PRIVATE|MAP_FIXED, 3, 0x9000) = 0x7fc867317000
close(3)                                = 0
open("/lib/libz.so.1", O_RDONLY|O_LARGEFILE|O_CLOEXEC) = 3
fcntl(3, F_SETFD, FD_CLOEXEC)           = 0
fstat(3, {st_mode=S_IFREG|0755, st_size=100144, ...}) = 0
read(3, "\177ELF\2\1\1\0\0\0\0\0\0\0\0\0\3\0>\0\1\0\0\0\0003\0\0\0\0\0\0"..., 960) = 960
mmap(NULL, 106496, PROT_READ, MAP_PRIVATE, 3, 0) = 0x7fc8672f3000
mmap(0x7fc8672f6000, 57344, PROT_READ|PROT_EXEC, MAP_PRIVATE|MAP_FIXED, 3, 0x3000) = 0x7fc8672f6000
mmap(0x7fc867304000, 28672, PROT_READ, MAP_PRIVATE|MAP_FIXED, 3, 0x11000) = 0x7fc867304000
mmap(0x7fc86730b000, 8192, PROT_READ|PROT_WRITE, MAP_PRIVATE|MAP_FIXED, 3, 0x17000) = 0x7fc86730b000
close(3)                                = 0
open("/lib/libssh2.so.1", O_RDONLY|O_LARGEFILE|O_CLOEXEC) = -1 ENOENT (No such file or directory)
open("/usr/local/lib/libssh2.so.1", O_RDONLY|O_LARGEFILE|O_CLOEXEC) = -1 ENOENT (No such file or directory)
open("/usr/lib/libssh2.so.1", O_RDONLY|O_LARGEFILE|O_CLOEXEC) = 3
fcntl(3, F_SETFD, FD_CLOEXEC)           = 0
fstat(3, {st_mode=S_IFREG|0755, st_size=223608, ...}) = 0
read(3, "\177ELF\2\1\1\0\0\0\0\0\0\0\0\0\3\0>\0\1\0\0\0p{\0\0\0\0\0\0"..., 960) = 960
mmap(NULL, 229376, PROT_READ, MAP_PRIVATE, 3, 0) = 0x7fc8672bb000
mmap(0x7fc8672c2000, 139264, PROT_READ|PROT_EXEC, MAP_PRIVATE|MAP_FIXED, 3, 0x7000) = 0x7fc8672c2000
mmap(0x7fc8672e4000, 49152, PROT_READ, MAP_PRIVATE|MAP_FIXED, 3, 0x29000) = 0x7fc8672e4000
mmap(0x7fc8672f0000, 12288, PROT_READ|PROT_WRITE, MAP_PRIVATE|MAP_FIXED, 3, 0x34000) = 0x7fc8672f0000
close(3)                                = 0
mprotect(0x7fc86791d000, 12288, PROT_READ) = 0
mprotect(0x7fc867820000, 61440, PROT_READ) = 0
mprotect(0x7fc86768f000, 4096, PROT_READ) = 0
mprotect(0x7fc8679b7000, 4096, PROT_READ) = 0
mprotect(0x7fc86766a000, 36864, PROT_READ) = 0
mprotect(0x7fc8675c5000, 176128, PROT_READ) = 0
mprotect(0x7fc867373000, 4096, PROT_READ) = 0
mprotect(0x7fc867317000, 4096, PROT_READ) = 0
mprotect(0x7fc86730b000, 4096, PROT_READ) = 0
mprotect(0x7fc8672f0000, 8192, PROT_READ) = 0
mprotect(0x562724986000, 12288, PROT_READ) = 0
mmap(NULL, 73728, PROT_READ|PROT_WRITE, MAP_PRIVATE|MAP_ANONYMOUS, -1, 0) = 0x7fc8672a9000
getuid()                                = 0
geteuid()                               = 0
getuid()                                = 0
geteuid()                               = 0
mmap(NULL, 4096, PROT_READ|PROT_WRITE, MAP_PRIVATE|MAP_ANONYMOUS, -1, 0) = 0x7fc8672a8000
mmap(NULL, 8192, PROT_READ|PROT_WRITE, MAP_PRIVATE|MAP_ANONYMOUS, -1, 0) = 0x7fc8672a6000
munmap(0x7fc8672a8000, 4096)            = 0
mmap(NULL, 4096, PROT_READ|PROT_WRITE, MAP_PRIVATE|MAP_ANONYMOUS, -1, 0) = 0x7fc8672a8000
mmap(NULL, 16384, PROT_READ|PROT_WRITE, MAP_PRIVATE|MAP_ANONYMOUS, -1, 0) = 0x7fc8672a2000
munmap(0x7fc8672a6000, 8192)            = 0
mmap(NULL, 4096, PROT_READ|PROT_WRITE, MAP_PRIVATE|MAP_ANONYMOUS, -1, 0) = 0x7fc8672a7000
mmap(NULL, 4096, PROT_READ|PROT_WRITE, MAP_PRIVATE|MAP_ANONYMOUS, -1, 0) = 0x7fc8672a6000
brk(0x562725a30000)                     = 0x562725a30000
mmap(NULL, 4096, PROT_READ|PROT_WRITE, MAP_PRIVATE|MAP_ANONYMOUS, -1, 0) = 0x7fc8672a1000
mmap(NULL, 4096, PROT_READ|PROT_WRITE, MAP_PRIVATE|MAP_ANONYMOUS, -1, 0) = 0x7fc8672a0000
mmap(NULL, 28672, PROT_READ|PROT_WRITE, MAP_PRIVATE|MAP_ANONYMOUS, -1, 0) = 0x7fc867299000
munmap(0x7fc8672a2000, 16384)           = 0
mmap(NULL, 8192, PROT_READ|PROT_WRITE, MAP_PRIVATE|MAP_ANONYMOUS, -1, 0) = 0x7fc8672a4000
mmap(NULL, 8192, PROT_READ|PROT_WRITE, MAP_PRIVATE|MAP_ANONYMOUS, -1, 0) = 0x7fc8672a2000
mmap(NULL, 8192, PROT_READ|PROT_WRITE, MAP_PRIVATE|MAP_ANONYMOUS, -1, 0) = 0x7fc867297000
mmap(NULL, 8192, PROT_READ|PROT_WRITE, MAP_PRIVATE|MAP_ANONYMOUS, -1, 0) = 0x7fc867295000
mmap(NULL, 20480, PROT_READ|PROT_WRITE, MAP_PRIVATE|MAP_ANONYMOUS, -1, 0) = 0x7fc867290000
madvise(0x7fc86729a000, 4096, MADV_FREE) = 0
munmap(0x7fc867299000, 28672)           = 0
mmap(NULL, 16384, PROT_READ|PROT_WRITE, MAP_PRIVATE|MAP_ANONYMOUS, -1, 0) = 0x7fc86729c000
mmap(NULL, 4096, PROT_READ|PROT_WRITE, MAP_PRIVATE|MAP_ANONYMOUS, -1, 0) = 0x7fc86729b000
munmap(0x7fc86729b000, 4096)            = 0
mmap(NULL, 16384, PROT_READ|PROT_WRITE, MAP_PRIVATE|MAP_ANONYMOUS, -1, 0) = 0x7fc86728c000
mmap(NULL, 4096, PROT_READ|PROT_WRITE, MAP_PRIVATE|MAP_ANONYMOUS, -1, 0) = 0x7fc86729b000
mmap(NULL, 4096, PROT_READ|PROT_WRITE, MAP_PRIVATE|MAP_ANONYMOUS, -1, 0) = 0x7fc86729a000
getuid()                                = 0
geteuid()                               = 0
getgid()                                = 0
getegid()                               = 0
open("/etc/ssl/openssl.cnf", O_RDONLY|O_LARGEFILE) = 3
mmap(NULL, 4096, PROT_READ|PROT_WRITE, MAP_PRIVATE|MAP_ANONYMOUS, -1, 0) = 0x7fc867299000
read(3, "#\n# OpenSSL example configuratio"..., 1024) = 1024
read(3, "################################"..., 1024) = 1024
read(3, "\t= ca_default\t\t# Subject Name op"..., 1024) = 1024
read(3, "me, you must list all acceptable"..., 1024) = 1024
read(3, "# WARNING: ancient versions of N"..., 1024) = 1024
read(3, "butes ]\nchallengePassword\t\t= A c"..., 1024) = 1024
read(3, "L Generated Certificate\"\n\n# PKIX"..., 1024) = 1024
mmap(NULL, 16384, PROT_READ|PROT_WRITE, MAP_PRIVATE|MAP_ANONYMOUS, -1, 0) = 0x7fc867288000
read(3, "ver since it will\n# prevent it b"..., 1024) = 1024
read(3, "es of the usage of nsCertType. I"..., 1024) = 1024
read(3, "issuer:copy\n\n#nsCaRevocationUrl\t"..., 1024) = 1024
mmap(NULL, 4096, PROT_READ|PROT_WRITE, MAP_PRIVATE|MAP_ANONYMOUS, -1, 0) = 0x7fc867287000
read(3, "onal)\nother_policies\t= tsa_polic"..., 1024) = 669
read(3, "", 1024)                       = 0
munmap(0x7fc867299000, 4096)            = 0
close(3)                                = 0
munmap(0x7fc867287000, 4096)            = 0
munmap(0x7fc867288000, 16384)           = 0
mmap(NULL, 16384, PROT_READ|PROT_WRITE, MAP_PRIVATE|MAP_ANONYMOUS, -1, 0) = 0x7fc867288000
brk(0x562725a31000)                     = 0x562725a31000
mmap(NULL, 16384, PROT_READ|PROT_WRITE, MAP_PRIVATE|MAP_ANONYMOUS, -1, 0) = 0x7fc867284000
mmap(NULL, 16384, PROT_READ|PROT_WRITE, MAP_PRIVATE|MAP_ANONYMOUS, -1, 0) = 0x7fc867280000
munmap(0x7fc867280000, 16384)           = 0
mmap(NULL, 4096, PROT_READ|PROT_WRITE, MAP_PRIVATE|MAP_ANONYMOUS, -1, 0) = 0x7fc867299000
getpid()                                = 33
getrandom("\x6f\x0e\xa1\x1d\xf5\x56\x6c\x96\xa3\x2a\x01\xd4\xf5\x32\xab\x33\xaa\xb9\x4d\xb1\x0c\x7b\xa9\xa1\xe9\x73\x6f\x8a\xf7\xf0\xe1\x60", 32, 0) = 32
getpid()                                = 33
getpid()                                = 33
getpid()                                = 33
getpid()                                = 33
getpid()                                = 33
getpid()                                = 33
getpid()                                = 33
getpid()                                = 33
getpid()                                = 33
getpid()                                = 33
getpid()                                = 33
getpid()                                = 33
getpid()                                = 33
getuid()                                = 0
geteuid()                               = 0
getgid()                                = 0
getegid()                               = 0
open("/etc/ssl/cert.pem", O_RDONLY|O_LARGEFILE) = 3
read(3, "-----BEGIN CERTIFICATE-----\nMIIH"..., 1024) = 1024
mmap(NULL, 4096, PROT_READ|PROT_WRITE, MAP_PRIVATE|MAP_ANONYMOUS, -1, 0) = 0x7fc867283000
munmap(0x7fc867283000, 4096)            = 0
mmap(NULL, 4096, PROT_READ|PROT_WRITE, MAP_PRIVATE|MAP_ANONYMOUS, -1, 0) = 0x7fc867283000
munmap(0x7fc867283000, 4096)            = 0
mmap(NULL, 4096, PROT_READ|PROT_WRITE, MAP_PRIVATE|MAP_ANONYMOUS, -1, 0) = 0x7fc867283000
read(3, "xFwYIRKQ26ZIMApcQrAZQIDAQABo4ICy"..., 1024) = 1024
mmap(NULL, 4096, PROT_READ|PROT_WRITE, MAP_PRIVATE|MAP_ANONYMOUS, -1, 0) = 0x7fc867282000
munmap(0x7fc867283000, 4096)            = 0
mmap(NULL, 8192, PROT_READ|PROT_WRITE, MAP_PRIVATE|MAP_ANONYMOUS, -1, 0) = 0x7fc867280000
munmap(0x7fc867282000, 4096)            = 0
read(3, "gIBAJcxAp/n/UNnSEQU5CmH7UwoZtCPN"..., 1024) = 1024
mmap(NULL, 4096, PROT_READ|PROT_WRITE, MAP_PRIVATE|MAP_ANONYMOUS, -1, 0) = 0x7fc867283000
munmap(0x7fc867280000, 8192)            = 0
mmap(NULL, 4096, PROT_READ|PROT_WRITE, MAP_PRIVATE|MAP_ANONYMOUS, -1, 0) = 0x7fc867282000
munmap(0x7fc867283000, 4096)            = 0
mmap(NULL, 4096, PROT_READ|PROT_WRITE, MAP_PRIVATE|MAP_ANONYMOUS, -1, 0) = 0x7fc867283000
munmap(0x7fc867283000, 4096)            = 0
mmap(NULL, 4096, PROT_READ|PROT_WRITE, MAP_PRIVATE|MAP_ANONYMOUS, -1, 0) = 0x7fc867283000
read(3, "CAiIwDQYJKoZIhvcNAQEBBQADggIPADC"..., 1024) = 1024
mmap(NULL, 4096, PROT_READ|PROT_WRITE, MAP_PRIVATE|MAP_ANONYMOUS, -1, 0) = 0x7fc867281000
mmap(NULL, 4096, PROT_READ|PROT_WRITE, MAP_PRIVATE|MAP_ANONYMOUS, -1, 0) = 0x7fc867280000
munmap(0x7fc867281000, 4096)            = 0
read(3, "+8B1\nRXxlDPiyN8+sD8+Nb/kZ94/sHvJ"..., 1024) = 1024
mmap(NULL, 8192, PROT_READ|PROT_WRITE, MAP_PRIVATE|MAP_ANONYMOUS, -1, 0) = 0x7fc86727e000
munmap(0x7fc867280000, 4096)            = 0
mmap(NULL, 8192, PROT_READ|PROT_WRITE, MAP_PRIVATE|MAP_ANONYMOUS, -1, 0) = 0x7fc867280000
munmap(0x7fc86727e000, 8192)            = 0
mmap(NULL, 4096, PROT_READ|PROT_WRITE, MAP_PRIVATE|MAP_ANONYMOUS, -1, 0) = 0x7fc86727f000
mmap(NULL, 4096, PROT_READ|PROT_WRITE, MAP_PRIVATE|MAP_ANONYMOUS, -1, 0) = 0x7fc86727e000
munmap(0x7fc86727e000, 4096)            = 0
mmap(NULL, 4096, PROT_READ|PROT_WRITE, MAP_PRIVATE|MAP_ANONYMOUS, -1, 0) = 0x7fc86727e000
munmap(0x7fc86727e000, 4096)            = 0
munmap(0x7fc867280000, 8192)            = 0
mmap(NULL, 4096, PROT_READ|PROT_WRITE, MAP_PRIVATE|MAP_ANONYMOUS, -1, 0) = 0x7fc867281000
read(3, "wweQWN0YWxpcyBBdXRoZW50aWNhdGlvb"..., 1024) = 1024
mmap(NULL, 4096, PROT_READ|PROT_WRITE, MAP_PRIVATE|MAP_ANONYMOUS, -1, 0) = 0x7fc867280000
mmap(NULL, 4096, PROT_READ|PROT_WRITE, MAP_PRIVATE|MAP_ANONYMOUS, -1, 0) = 0x7fc86727e000
munmap(0x7fc867280000, 4096)            = 0
read(3, "iNmsGe+b7bAEzlgqqI0JZN1Ut6nna0Oh"..., 1024) = 1024
mmap(NULL, 8192, PROT_READ|PROT_WRITE, MAP_PRIVATE|MAP_ANONYMOUS, -1, 0) = 0x7fc86727c000
munmap(0x7fc86727e000, 4096)            = 0
mmap(NULL, 8192, PROT_READ|PROT_WRITE, MAP_PRIVATE|MAP_ANONYMOUS, -1, 0) = 0x7fc86727a000
munmap(0x7fc867281000, 4096)            = 0
munmap(0x7fc86727c000, 8192)            = 0
mmap(NULL, 4096, PROT_READ|PROT_WRITE, MAP_PRIVATE|MAP_ANONYMOUS, -1, 0) = 0x7fc867281000
mmap(NULL, 4096, PROT_READ|PROT_WRITE, MAP_PRIVATE|MAP_ANONYMOUS, -1, 0) = 0x7fc867280000
munmap(0x7fc86727a000, 8192)            = 0
read(3, "LHwGy43NFBkRJLLtJJRTWzsO3qyxPxkE"..., 1024) = 1024
mmap(NULL, 4096, PROT_READ|PROT_WRITE, MAP_PRIVATE|MAP_ANONYMOUS, -1, 0) = 0x7fc86727e000
munmap(0x7fc86727e000, 4096)            = 0
mmap(NULL, 4096, PROT_READ|PROT_WRITE, MAP_PRIVATE|MAP_ANONYMOUS, -1, 0) = 0x7fc86727e000
munmap(0x7fc86727e000, 4096)            = 0
mmap(NULL, 4096, PROT_READ|PROT_WRITE, MAP_PRIVATE|MAP_ANONYMOUS, -1, 0) = 0x7fc86727e000
munmap(0x7fc86727e000, 4096)            = 0
mmap(NULL, 4096, PROT_READ|PROT_WRITE, MAP_PRIVATE|MAP_ANONYMOUS, -1, 0) = 0x7fc86727e000
read(3, "DgyNFoXDTMwMTIzMTE0MDgyNFowRDEL\n"..., 1024) = 1024
mmap(NULL, 4096, PROT_READ|PROT_WRITE, MAP_PRIVATE|MAP_ANONYMOUS, -1, 0) = 0x7fc86727d000
munmap(0x7fc86727e000, 4096)            = 0
munmap(0x7fc86727d000, 4096)            = 0
mmap(NULL, 4096, PROT_READ|PROT_WRITE, MAP_PRIVATE|MAP_ANONYMOUS, -1, 0) = 0x7fc86727e000
munmap(0x7fc86727e000, 4096)            = 0
mmap(NULL, 4096, PROT_READ|PROT_WRITE, MAP_PRIVATE|MAP_ANONYMOUS, -1, 0) = 0x7fc86727e000
mmap(NULL, 4096, PROT_READ|PROT_WRITE, MAP_PRIVATE|MAP_ANONYMOUS, -1, 0) = 0x7fc86727d000
read(3, " CERTIFICATE-----\nMIIFRjCCAy6gAw"..., 1024) = 1024
mmap(NULL, 4096, PROT_READ|PROT_WRITE, MAP_PRIVATE|MAP_ANONYMOUS, -1, 0) = 0x7fc86727c000
read(3, "2snmKtmcCAwEAAaNCMEAwHQYDVR0OBBY"..., 1024) = 1024
munmap(0x7fc86727c000, 4096)            = 0
mmap(NULL, 8192, PROT_READ|PROT_WRITE, MAP_PRIVATE|MAP_ANONYMOUS, -1, 0) = 0x7fc86727b000
mmap(NULL, 8192, PROT_READ|PROT_WRITE, MAP_PRIVATE|MAP_ANONYMOUS, -1, 0) = 0x7fc867279000
munmap(0x7fc86727b000, 8192)            = 0
munmap(0x7fc867279000, 8192)            = 0
read(3, "IEVDQzAeFw0xMDAxMjkxNDIwMjRaFw00"..., 1024) = 1024
mmap(NULL, 32768, PROT_READ|PROT_WRITE, MAP_PRIVATE|MAP_ANONYMOUS, -1, 0) = 0x7fc867275000
munmap(0x7fc867275000, 32768)           = 0
mmap(NULL, 32768, PROT_READ|PROT_WRITE, MAP_PRIVATE|MAP_ANONYMOUS, -1, 0) = 0x7fc867275000
mmap(NULL, 4096, PROT_READ|PROT_WRITE, MAP_PRIVATE|MAP_ANONYMOUS, -1, 0) = 0x7fc867274000
read(3, "iw3te5djgdYZ6k/oI2peVKVuRF4fn9tB"..., 1024) = 1024
mmap(NULL, 4096, PROT_READ|PROT_WRITE, MAP_PRIVATE|MAP_ANONYMOUS, -1, 0) = 0x7fc867273000
munmap(0x7fc867273000, 4096)            = 0
mmap(NULL, 4096, PROT_READ|PROT_WRITE, MAP_PRIVATE|MAP_ANONYMOUS, -1, 0) = 0x7fc867273000
munmap(0x7fc867273000, 4096)            = 0
mmap(NULL, 4096, PROT_READ|PROT_WRITE, MAP_PRIVATE|MAP_ANONYMOUS, -1, 0) = 0x7fc867273000
read(3, "AxMQQW1hem9uIFJv\nb3QgQ0EgMjCCAiI"..., 1024) = 1024
munmap(0x7fc867273000, 4096)            = 0
mmap(NULL, 4096, PROT_READ|PROT_WRITE, MAP_PRIVATE|MAP_ANONYMOUS, -1, 0) = 0x7fc867273000
munmap(0x7fc867273000, 4096)            = 0
mmap(NULL, 4096, PROT_READ|PROT_WRITE, MAP_PRIVATE|MAP_ANONYMOUS, -1, 0) = 0x7fc867273000
mmap(NULL, 4096, PROT_READ|PROT_WRITE, MAP_PRIVATE|MAP_ANONYMOUS, -1, 0) = 0x7fc867272000
munmap(0x7fc867273000, 4096)            = 0
read(3, "CYZohMr/+c8mmpJ5581LxedhpxfL86kS"..., 1024) = 1024
mmap(NULL, 8192, PROT_READ|PROT_WRITE, MAP_PRIVATE|MAP_ANONYMOUS, -1, 0) = 0x7fc867270000
munmap(0x7fc867272000, 4096)            = 0
mmap(NULL, 8192, PROT_READ|PROT_WRITE, MAP_PRIVATE|MAP_ANONYMOUS, -1, 0) = 0x7fc867272000
munmap(0x7fc867270000, 8192)            = 0
mmap(NULL, 4096, PROT_READ|PROT_WRITE, MAP_PRIVATE|MAP_ANONYMOUS, -1, 0) = 0x7fc867271000
munmap(0x7fc867272000, 8192)            = 0
mmap(NULL, 4096, PROT_READ|PROT_WRITE, MAP_PRIVATE|MAP_ANONYMOUS, -1, 0) = 0x7fc867273000
munmap(0x7fc867273000, 4096)            = 0
read(3, "wQFMAMBAf8wDgYDVR0PAQH/BAQDAgGGM"..., 1024) = 1024
mmap(NULL, 4096, PROT_READ|PROT_WRITE, MAP_PRIVATE|MAP_ANONYMOUS, -1, 0) = 0x7fc867273000
munmap(0x7fc867273000, 4096)            = 0
mmap(NULL, 4096, PROT_READ|PROT_WRITE, MAP_PRIVATE|MAP_ANONYMOUS, -1, 0) = 0x7fc867273000
mmap(NULL, 4096, PROT_READ|PROT_WRITE, MAP_PRIVATE|MAP_ANONYMOUS, -1, 0) = 0x7fc867272000
munmap(0x7fc867272000, 4096)            = 0
read(3, "KoZIhvcNAQELBQAwPDEeMBwGA1UE\nAww"..., 1024) = 1024
mmap(NULL, 4096, PROT_READ|PROT_WRITE, MAP_PRIVATE|MAP_ANONYMOUS, -1, 0) = 0x7fc867272000
read(3, "wrUU77QR/w4VtfX128a961qn8FYiqTxl"..., 1024) = 1024
munmap(0x7fc867272000, 4096)            = 0
mmap(NULL, 8192, PROT_READ|PROT_WRITE, MAP_PRIVATE|MAP_ANONYMOUS, -1, 0) = 0x7fc86726f000
read(3, "6mIqqdXuYnin1oKaPnirja\nEbsXLZmdE"..., 1024) = 1024
mmap(NULL, 4096, PROT_READ|PROT_WRITE, MAP_PRIVATE|MAP_ANONYMOUS, -1, 0) = 0x7fc867272000
munmap(0x7fc867272000, 4096)            = 0
mmap(NULL, 8192, PROT_READ|PROT_WRITE, MAP_PRIVATE|MAP_ANONYMOUS, -1, 0) = 0x7fc86726d000
read(3, "7q13XRcrHedUTnQn3iV2t93Jm8PYMo6o"..., 1024) = 1024
mmap(NULL, 8192, PROT_READ|PROT_WRITE, MAP_PRIVATE|MAP_ANONYMOUS, -1, 0) = 0x7fc86726b000
munmap(0x7fc86726d000, 8192)            = 0
mmap(NULL, 4096, PROT_READ|PROT_WRITE, MAP_PRIVATE|MAP_ANONYMOUS, -1, 0) = 0x7fc867272000
mmap(NULL, 4096, PROT_READ|PROT_WRITE, MAP_PRIVATE|MAP_ANONYMOUS, -1, 0) = 0x7fc86726e000
munmap(0x7fc86726b000, 8192)            = 0
brk(0x562725a32000)                     = 0x562725a32000
read(3, "GDHweI12v/ye\njl0qhqdNkNwnGjkCAwE"..., 1024) = 1024
read(3, "Z6rYPnT8Z2SdIrkHJasW4DptfQxh6NR/"..., 1024) = 1024
read(3, "IKx+u2\nDISCLIBrQYoIwOula9+ZEsuK1"..., 1024) = 1024
mmap(NULL, 8192, PROT_READ|PROT_WRITE, MAP_PRIVATE|MAP_ANONYMOUS, -1, 0) = 0x7fc86726c000
mmap(NULL, 8192, PROT_READ|PROT_WRITE, MAP_PRIVATE|MAP_ANONYMOUS, -1, 0) = 0x7fc86726a000
munmap(0x7fc86726c000, 8192)            = 0
mmap(NULL, 4096, PROT_READ|PROT_WRITE, MAP_PRIVATE|MAP_ANONYMOUS, -1, 0) = 0x7fc86726d000
munmap(0x7fc86726a000, 8192)            = 0
read(3, "zbjniazEuOQAnFN44wOwZZoYS6J1yFhN"..., 1024) = 1024
read(3, "6MkE\nkbIRNBE+6tBDGR8Dk5AM/1E9V/R"..., 1024) = 1024
mmap(NULL, 8192, PROT_READ|PROT_WRITE, MAP_PRIVATE|MAP_ANONYMOUS, -1, 0) = 0x7fc86726b000
mmap(NULL, 8192, PROT_READ|PROT_WRITE, MAP_PRIVATE|MAP_ANONYMOUS, -1, 0) = 0x7fc867269000
munmap(0x7fc86726b000, 8192)            = 0
munmap(0x7fc867269000, 8192)            = 0
read(3, "4SOfW+eioANSW1z4nuSHsPzwfPrLgVv2"..., 1024) = 1024
mmap(NULL, 8192, PROT_READ|PROT_WRITE, MAP_PRIVATE|MAP_ANONYMOUS, -1, 0) = 0x7fc86726b000
read(3, "Os\nzMOl6W8KjptlwlCFtaOgUxLMVYdh8"..., 1024) = 1024
mmap(NULL, 8192, PROT_READ|PROT_WRITE, MAP_PRIVATE|MAP_ANONYMOUS, -1, 0) = 0x7fc867269000
munmap(0x7fc86726b000, 8192)            = 0
mmap(NULL, 4096, PROT_READ|PROT_WRITE, MAP_PRIVATE|MAP_ANONYMOUS, -1, 0) = 0x7fc86726c000
munmap(0x7fc867269000, 8192)            = 0
mmap(NULL, 32768, PROT_READ|PROT_WRITE, MAP_PRIVATE|MAP_ANONYMOUS, -1, 0) = 0x7fc867264000
munmap(0x7fc867264000, 32768)           = 0
mmap(NULL, 32768, PROT_READ|PROT_WRITE, MAP_PRIVATE|MAP_ANONYMOUS, -1, 0) = 0x7fc867264000
read(3, "zqot\naK8KgWU6cMGbrU1tVMoqLUuFG7O"..., 1024) = 1024
munmap(0x7fc867264000, 32768)           = 0
mmap(NULL, 8192, PROT_READ|PROT_WRITE, MAP_PRIVATE|MAP_ANONYMOUS, -1, 0) = 0x7fc86726a000
read(3, "U7m7Wc5P/dAVUwHY3+vZ\n5nbv0CO7O6l"..., 1024) = 1024
mmap(NULL, 8192, PROT_READ|PROT_WRITE, MAP_PRIVATE|MAP_ANONYMOUS, -1, 0) = 0x7fc867268000
munmap(0x7fc86726a000, 8192)            = 0
mmap(NULL, 32768, PROT_READ|PROT_WRITE, MAP_PRIVATE|MAP_ANONYMOUS, -1, 0) = 0x7fc867260000
munmap(0x7fc867268000, 8192)            = 0
read(3, "5HNlpW\n/zAOBgNVHQ8BAf8EBAMCAQYwD"..., 1024) = 1024
mmap(NULL, 4096, PROT_READ|PROT_WRITE, MAP_PRIVATE|MAP_ANONYMOUS, -1, 0) = 0x7fc86726b000
mmap(NULL, 8192, PROT_READ|PROT_WRITE, MAP_PRIVATE|MAP_ANONYMOUS, -1, 0) = 0x7fc867269000
read(3, "gQ2VydGlmaWNhdGlv\nbiBBdXRob3JpdH"..., 1024) = 1024
mmap(NULL, 8192, PROT_READ|PROT_WRITE, MAP_PRIVATE|MAP_ANONYMOUS, -1, 0) = 0x7fc86725e000
read(3, "6FSS0gpWsawNJN3Fz0RndJkrN6N9I3AA"..., 1024) = 1024
read(3, "Zx8jb8uk2Intzna\nFxiuvTwJaP+EmzzV"..., 1024) = 1024
mmap(NULL, 8192, PROT_READ|PROT_WRITE, MAP_PRIVATE|MAP_ANONYMOUS, -1, 0) = 0x7fc86725c000
mmap(NULL, 8192, PROT_READ|PROT_WRITE, MAP_PRIVATE|MAP_ANONYMOUS, -1, 0) = 0x7fc86725a000
munmap(0x7fc86725c000, 8192)            = 0
mmap(NULL, 4096, PROT_READ|PROT_WRITE, MAP_PRIVATE|MAP_ANONYMOUS, -1, 0) = 0x7fc867268000
munmap(0x7fc86725a000, 8192)            = 0
read(3, "sVWqa6n6xI4wmy9/Qy3l40vhx4XUJbzg"..., 1024) = 1024
read(3, "bmEgUm9vdCBDQTAeFw0x\nMzEwMDEwODM"..., 1024) = 1024
read(3, "MB8GA1UdIwQYMBaAFBiHVuBud+4kNTxO"..., 1024) = 1024
mmap(NULL, 8192, PROT_READ|PROT_WRITE, MAP_PRIVATE|MAP_ANONYMOUS, -1, 0) = 0x7fc86725c000
read(3, "TIFICATE-----\n\n-----BEGIN CERTIF"..., 1024) = 1024
munmap(0x7fc86725c000, 8192)            = 0
read(3, "wcrwn9I0j6vSrEuVUEtRCjjSfeC4Jj0O"..., 1024) = 1024
mmap(NULL, 8192, PROT_READ|PROT_WRITE, MAP_PRIVATE|MAP_ANONYMOUS, -1, 0) = 0x7fc86725c000
munmap(0x7fc86725c000, 8192)            = 0
read(3, "OJvR+zF/j+Bf4bE/D44WSWDXBo0Y+aom"..., 1024) = 1024
mmap(NULL, 8192, PROT_READ|PROT_WRITE, MAP_PRIVATE|MAP_ANONYMOUS, -1, 0) = 0x7fc86725c000
read(3, "oEq5IVIeVheO/jb\nAoJnwTnbw3RLPTYe"..., 1024) = 1024
mmap(NULL, 8192, PROT_READ|PROT_WRITE, MAP_PRIVATE|MAP_ANONYMOUS, -1, 0) = 0x7fc86725a000
munmap(0x7fc86725c000, 8192)            = 0
mmap(NULL, 8192, PROT_READ|PROT_WRITE, MAP_PRIVATE|MAP_ANONYMOUS, -1, 0) = 0x7fc86725c000
munmap(0x7fc86725a000, 8192)            = 0
munmap(0x7fc86725c000, 8192)            = 0
mmap(NULL, 8192, PROT_READ|PROT_WRITE, MAP_PRIVATE|MAP_ANONYMOUS, -1, 0) = 0x7fc86725c000
read(3, "CvAMtwNyuAWko6bHiUfaN/Gh/2NdW9\n2"..., 1024) = 1024
munmap(0x7fc86725c000, 8192)            = 0
mmap(NULL, 8192, PROT_READ|PROT_WRITE, MAP_PRIVATE|MAP_ANONYMOUS, -1, 0) = 0x7fc86725c000
read(3, "cGA1UEAxMgQ2hhbWJlcnMgb2YgQ29tbW"..., 1024) = 1024
mmap(NULL, 8192, PROT_READ|PROT_WRITE, MAP_PRIVATE|MAP_ANONYMOUS, -1, 0) = 0x7fc86725a000
munmap(0x7fc86725c000, 8192)            = 0
mmap(NULL, 4096, PROT_READ|PROT_WRITE, MAP_PRIVATE|MAP_ANONYMOUS, -1, 0) = 0x7fc86725d000
munmap(0x7fc86725a000, 8192)            = 0
munmap(0x7fc86725d000, 4096)            = 0
mmap(NULL, 8192, PROT_READ|PROT_WRITE, MAP_PRIVATE|MAP_ANONYMOUS, -1, 0) = 0x7fc86725c000
mmap(NULL, 4096, PROT_READ|PROT_WRITE, MAP_PRIVATE|MAP_ANONYMOUS, -1, 0) = 0x7fc86725b000
read(3, "ECAwSR3JlYXRlciBNYW5jaGVzdGVyMRA"..., 1024) = 1024
mmap(NULL, 4096, PROT_READ|PROT_WRITE, MAP_PRIVATE|MAP_ANONYMOUS, -1, 0) = 0x7fc86725a000
read(3, "9w0BAQUF\nAAOCAQEACFb8AvCb6P+k+tZ"..., 1024) = 1024
munmap(0x7fc86725a000, 4096)            = 0
mmap(NULL, 4096, PROT_READ|PROT_WRITE, MAP_PRIVATE|MAP_ANONYMOUS, -1, 0) = 0x7fc86725a000
mmap(NULL, 32768, PROT_READ|PROT_WRITE, MAP_PRIVATE|MAP_ANONYMOUS, -1, 0) = 0x7fc867252000
munmap(0x7fc867252000, 32768)           = 0
munmap(0x7fc86725a000, 4096)            = 0
read(3, "acwOUBdrsTiXSZT8M4cIwhhqJQZugRiQ"..., 1024) = 1024
mmap(NULL, 32768, PROT_READ|PROT_WRITE, MAP_PRIVATE|MAP_ANONYMOUS, -1, 0) = 0x7fc867253000
mmap(NULL, 4096, PROT_READ|PROT_WRITE, MAP_PRIVATE|MAP_ANONYMOUS, -1, 0) = 0x7fc867252000
munmap(0x7fc867253000, 32768)           = 0
munmap(0x7fc867252000, 4096)            = 0
mmap(NULL, 32768, PROT_READ|PROT_WRITE, MAP_PRIVATE|MAP_ANONYMOUS, -1, 0) = 0x7fc867253000
read(3, "wDQYJKoZIhvcNAQEB\nBQADggEPADCCAQ"..., 1024) = 1024
mmap(NULL, 4096, PROT_READ|PROT_WRITE, MAP_PRIVATE|MAP_ANONYMOUS, -1, 0) = 0x7fc867252000
munmap(0x7fc867252000, 4096)            = 0
read(3, "kTCJNjYy6zltz7GRUUG3RnFX7acM2w4y"..., 1024) = 1024
mmap(NULL, 4096, PROT_READ|PROT_WRITE, MAP_PRIVATE|MAP_ANONYMOUS, -1, 0) = 0x7fc867252000
munmap(0x7fc867252000, 4096)            = 0
mmap(NULL, 8192, PROT_READ|PROT_WRITE, MAP_PRIVATE|MAP_ANONYMOUS, -1, 0) = 0x7fc867251000
munmap(0x7fc867251000, 8192)            = 0
read(3, "n9sZGFw\nOi8vZGlyZWN0b3J5LmQtdHJ1"..., 1024) = 1024
mmap(NULL, 4096, PROT_READ|PROT_WRITE, MAP_PRIVATE|MAP_ANONYMOUS, -1, 0) = 0x7fc867252000
mmap(NULL, 8192, PROT_READ|PROT_WRITE, MAP_PRIVATE|MAP_ANONYMOUS, -1, 0) = 0x7fc867250000
munmap(0x7fc867252000, 4096)            = 0
mmap(NULL, 4096, PROT_READ|PROT_WRITE, MAP_PRIVATE|MAP_ANONYMOUS, -1, 0) = 0x7fc867252000
munmap(0x7fc867250000, 8192)            = 0
mmap(NULL, 8192, PROT_READ|PROT_WRITE, MAP_PRIVATE|MAP_ANONYMOUS, -1, 0) = 0x7fc867250000
munmap(0x7fc867252000, 4096)            = 0
read(3, "B\nAN+v6ZdQCINXtMxiZfaQguzH0yxrMM"..., 1024) = 1024
mmap(NULL, 4096, PROT_READ|PROT_WRITE, MAP_PRIVATE|MAP_ANONYMOUS, -1, 0) = 0x7fc867252000
munmap(0x7fc867252000, 4096)            = 0
read(3, "Y29tMSQwIgYDVQQDExtEaWdpQ2VydCBB"..., 1024) = 1024
mmap(NULL, 4096, PROT_READ|PROT_WRITE, MAP_PRIVATE|MAP_ANONYMOUS, -1, 0) = 0x7fc867252000
read(3, "H2sMNgcWfzd8qVttevESRmCD1ycEvkvO"..., 1024) = 1024
munmap(0x7fc867252000, 4096)            = 0
read(3, "W\nBBTOw0q5mVXyuNtgv6l+vVa1lzan1j"..., 1024) = 1024
mmap(NULL, 4096, PROT_READ|PROT_WRITE, MAP_PRIVATE|MAP_ANONYMOUS, -1, 0) = 0x7fc867252000
munmap(0x7fc867252000, 4096)            = 0
mmap(NULL, 4096, PROT_READ|PROT_WRITE, MAP_PRIVATE|MAP_ANONYMOUS, -1, 0) = 0x7fc867252000
read(3, "/wQFMAMBAf8wDgYDVR0PAQH/\nBAQDAgG"..., 1024) = 1024
read(3, "NoxBN33shbyTApOB6jtSj1etX+jkMOvJ"..., 1024) = 1024
mmap(NULL, 4096, PROT_READ|PROT_WRITE, MAP_PRIVATE|MAP_ANONYMOUS, -1, 0) = 0x7fc86724f000
mmap(NULL, 16384, PROT_READ|PROT_WRITE, MAP_PRIVATE|MAP_ANONYMOUS, -1, 0) = 0x7fc86724b000
munmap(0x7fc86724f000, 4096)            = 0
munmap(0x7fc86724b000, 16384)           = 0
read(3, "AuzfNNNx7a8myaJCtSnX/RrohCgiN9Rl"..., 1024) = 1024
mmap(NULL, 16384, PROT_READ|PROT_WRITE, MAP_PRIVATE|MAP_ANONYMOUS, -1, 0) = 0x7fc86724c000
munmap(0x7fc86724c000, 16384)           = 0
mmap(NULL, 4096, PROT_READ|PROT_WRITE, MAP_PRIVATE|MAP_ANONYMOUS, -1, 0) = 0x7fc86724f000
mmap(NULL, 16384, PROT_READ|PROT_WRITE, MAP_PRIVATE|MAP_ANONYMOUS, -1, 0) = 0x7fc86724b000
munmap(0x7fc86724f000, 4096)            = 0
munmap(0x7fc86724b000, 16384)           = 0
mmap(NULL, 16384, PROT_READ|PROT_WRITE, MAP_PRIVATE|MAP_ANONYMOUS, -1, 0) = 0x7fc86724c000
brk(0x562725a33000)                     = 0x562725a33000
read(3, "MSAwHgYDVQQDExdEaWdpQ2VydCBHbG9i"..., 1024) = 1024
read(3, "2ljZXJ0LmNvbTErMCkGA1UEAxMiRGlna"..., 1024) = 1024
mmap(NULL, 4096, PROT_READ|PROT_WRITE, MAP_PRIVATE|MAP_ANONYMOUS, -1, 0) = 0x7fc86724b000
munmap(0x7fc86724b000, 4096)            = 0
read(3, "TIFICATE-----\nMIIFkDCCA3igAwIBAg"..., 1024) = 1024
mmap(NULL, 32768, PROT_READ|PROT_WRITE, MAP_PRIVATE|MAP_ANONYMOUS, -1, 0) = 0x7fc867244000
mmap(NULL, 4096, PROT_READ|PROT_WRITE, MAP_PRIVATE|MAP_ANONYMOUS, -1, 0) = 0x7fc867243000
munmap(0x7fc867244000, 32768)           = 0
read(3, "Bdd56rF+NP8m800ERElvlEFDrMcXK\nch"..., 1024) = 1024
munmap(0x7fc867243000, 4096)            = 0
mmap(NULL, 8192, PROT_READ|PROT_WRITE, MAP_PRIVATE|MAP_ANONYMOUS, -1, 0) = 0x7fc86724a000
mmap(NULL, 8192, PROT_READ|PROT_WRITE, MAP_PRIVATE|MAP_ANONYMOUS, -1, 0) = 0x7fc867248000
munmap(0x7fc86724a000, 8192)            = 0
mmap(NULL, 32768, PROT_READ|PROT_WRITE, MAP_PRIVATE|MAP_ANONYMOUS, -1, 0) = 0x7fc867240000
munmap(0x7fc867248000, 8192)            = 0
read(3, "QELBQAwgbIxCzAJBgNV\nBAYTAlRSMQ8w"..., 1024) = 1024
mmap(NULL, 4096, PROT_READ|PROT_WRITE, MAP_PRIVATE|MAP_ANONYMOUS, -1, 0) = 0x7fc86724b000
read(3, "aimzuT6w+Gzrt48Ue7LE3wBf4QOXVGUn"..., 1024) = 1024
munmap(0x7fc86724b000, 4096)            = 0
mmap(NULL, 8192, PROT_READ|PROT_WRITE, MAP_PRIVATE|MAP_ANONYMOUS, -1, 0) = 0x7fc86724a000
read(3, "u/Ba3ba+367hTzSU8JNvnHhRdH9I2cNE"..., 1024) = 1024
mmap(NULL, 8192, PROT_READ|PROT_WRITE, MAP_PRIVATE|MAP_ANONYMOUS, -1, 0) = 0x7fc867248000
munmap(0x7fc86724a000, 8192)            = 0
mmap(NULL, 4096, PROT_READ|PROT_WRITE, MAP_PRIVATE|MAP_ANONYMOUS, -1, 0) = 0x7fc86724b000
mmap(NULL, 4096, PROT_READ|PROT_WRITE, MAP_PRIVATE|MAP_ANONYMOUS, -1, 0) = 0x7fc86724a000
munmap(0x7fc867248000, 8192)            = 0
mmap(NULL, 4096, PROT_READ|PROT_WRITE, MAP_PRIVATE|MAP_ANONYMOUS, -1, 0) = 0x7fc867249000
munmap(0x7fc867249000, 4096)            = 0
read(3, "iFRfCQ2xmRJoNBD45b6VLeqpjt4pEndl"..., 1024) = 1024
mmap(NULL, 8192, PROT_READ|PROT_WRITE, MAP_PRIVATE|MAP_ANONYMOUS, -1, 0) = 0x7fc867248000
mmap(NULL, 8192, PROT_READ|PROT_WRITE, MAP_PRIVATE|MAP_ANONYMOUS, -1, 0) = 0x7fc86723e000
munmap(0x7fc867248000, 8192)            = 0
mmap(NULL, 4096, PROT_READ|PROT_WRITE, MAP_PRIVATE|MAP_ANONYMOUS, -1, 0) = 0x7fc867249000
mmap(NULL, 4096, PROT_READ|PROT_WRITE, MAP_PRIVATE|MAP_ANONYMOUS, -1, 0) = 0x7fc867248000
munmap(0x7fc86723e000, 8192)            = 0
read(3, "ERTIFICATE-----\nMIIEAzCCAuugAwIB"..., 1024) = 1024
read(3, "AYIKwYBBQUHAwkwDQYJKoZIhvcNAQEF\n"..., 1024) = 1024
read(3, "wNDgp\nMIIBIjANBgkqhkiG9w0BAQEFAA"..., 1024) = 1024
mmap(NULL, 4096, PROT_READ|PROT_WRITE, MAP_PRIVATE|MAP_ANONYMOUS, -1, 0) = 0x7fc86723f000
read(3, "Yy4xOTA3BgNVBAsTMHd3dy5lbnRydXN0"..., 1024) = 1024
read(3, "90tD+4S9bTAdBgNVHQ4EFgQUaJDkZ6Sm"..., 1024) = 1024
mmap(NULL, 4096, PROT_READ|PROT_WRITE, MAP_PRIVATE|MAP_ANONYMOUS, -1, 0) = 0x7fc86723e000
read(3, "RydXN0LCBJbmMuIC0g\nZm9yIGF1dGhvc"..., 1024) = 1024
read(3, "cnVzdC5uZXQvbGVnYWwt\ndGVybXMxOTA"..., 1024) = 1024
mmap(NULL, 16384, PROT_READ|PROT_WRITE, MAP_PRIVATE|MAP_ANONYMOUS, -1, 0) = 0x7fc86723a000
read(3, "g5pJ19xOe4pIb4tF9g==\n-----END CE"..., 1024) = 1024
munmap(0x7fc86723a000, 16384)           = 0
read(3, "qc0ieCU0plUmr1POeo8pyvi73T\nDtTUX"..., 1024) = 1024
mmap(NULL, 16384, PROT_READ|PROT_WRITE, MAP_PRIVATE|MAP_ANONYMOUS, -1, 0) = 0x7fc86723a000
mmap(NULL, 8192, PROT_READ|PROT_WRITE, MAP_PRIVATE|MAP_ANONYMOUS, -1, 0) = 0x7fc867238000
munmap(0x7fc86723a000, 16384)           = 0
read(3, "LlYsKA2KSD7ZPvfC+QsDJMlhVoSFLUmQ"..., 1024) = 1024
mmap(NULL, 8192, PROT_READ|PROT_WRITE, MAP_PRIVATE|MAP_ANONYMOUS, -1, 0) = 0x7fc86723c000
munmap(0x7fc867238000, 8192)            = 0
munmap(0x7fc86723c000, 8192)            = 0
read(3, "dVeSN72+ahsmUPI2JgaQxXABZG12\nZuG"..., 1024) = 1024
mmap(NULL, 4096, PROT_READ|PROT_WRITE, MAP_PRIVATE|MAP_ANONYMOUS, -1, 0) = 0x7fc86723d000
mmap(NULL, 16384, PROT_READ|PROT_WRITE, MAP_PRIVATE|MAP_ANONYMOUS, -1, 0) = 0x7fc867239000
munmap(0x7fc86723d000, 4096)            = 0
mmap(NULL, 8192, PROT_READ|PROT_WRITE, MAP_PRIVATE|MAP_ANONYMOUS, -1, 0) = 0x7fc867237000
munmap(0x7fc867239000, 16384)           = 0
read(3, "/EhOdJhCrylvLmrH+33RZjEizIYAfmaD"..., 1024) = 1024
mmap(NULL, 8192, PROT_READ|PROT_WRITE, MAP_PRIVATE|MAP_ANONYMOUS, -1, 0) = 0x7fc86723c000
munmap(0x7fc867237000, 8192)            = 0
mmap(NULL, 4096, PROT_READ|PROT_WRITE, MAP_PRIVATE|MAP_ANONYMOUS, -1, 0) = 0x7fc86723b000
munmap(0x7fc86723c000, 8192)            = 0
read(3, "yjj32JgfpMpf/VjsPOS+C12LOO\nRc92w"..., 1024) = 1024
mmap(NULL, 4096, PROT_READ|PROT_WRITE, MAP_PRIVATE|MAP_ANONYMOUS, -1, 0) = 0x7fc86723d000
mmap(NULL, 16384, PROT_READ|PROT_WRITE, MAP_PRIVATE|MAP_ANONYMOUS, -1, 0) = 0x7fc867237000
munmap(0x7fc86723d000, 4096)            = 0
mmap(NULL, 8192, PROT_READ|PROT_WRITE, MAP_PRIVATE|MAP_ANONYMOUS, -1, 0) = 0x7fc86723c000
munmap(0x7fc867237000, 16384)           = 0
read(3, "HGY0dVHLqlCFF1pkgl\n-----END CERT"..., 1024) = 1024
mmap(NULL, 8192, PROT_READ|PROT_WRITE, MAP_PRIVATE|MAP_ANONYMOUS, -1, 0) = 0x7fc867239000
munmap(0x7fc86723c000, 8192)            = 0
munmap(0x7fc867239000, 8192)            = 0
mmap(NULL, 4096, PROT_READ|PROT_WRITE, MAP_PRIVATE|MAP_ANONYMOUS, -1, 0) = 0x7fc86723d000
read(3, "+9OmTN6SpdTi3/UGVN4unUu0\nkzCqgc7"..., 1024) = 1024
mmap(NULL, 16384, PROT_READ|PROT_WRITE, MAP_PRIVATE|MAP_ANONYMOUS, -1, 0) = 0x7fc867237000
munmap(0x7fc86723d000, 4096)            = 0
mmap(NULL, 8192, PROT_READ|PROT_WRITE, MAP_PRIVATE|MAP_ANONYMOUS, -1, 0) = 0x7fc86723c000
munmap(0x7fc867237000, 16384)           = 0
mmap(NULL, 8192, PROT_READ|PROT_WRITE, MAP_PRIVATE|MAP_ANONYMOUS, -1, 0) = 0x7fc867239000
munmap(0x7fc86723c000, 8192)            = 0
mmap(NULL, 8192, PROT_READ|PROT_WRITE, MAP_PRIVATE|MAP_ANONYMOUS, -1, 0) = 0x7fc86723c000
mmap(NULL, 32768, PROT_READ|PROT_WRITE, MAP_PRIVATE|MAP_ANONYMOUS, -1, 0) = 0x7fc867231000
munmap(0x7fc867239000, 8192)            = 0
read(3, "BHMQsw\nCQYDVQQGEwJVUzEiMCAGA1UEC"..., 1024) = 1024
mmap(NULL, 16384, PROT_READ|PROT_WRITE, MAP_PRIVATE|MAP_ANONYMOUS, -1, 0) = 0x7fc86722d000
read(3, "PQIBBgUrgQQA\nIgNiAATzdHOnaItgrkO"..., 1024) = 1024
mmap(NULL, 4096, PROT_READ|PROT_WRITE, MAP_PRIVATE|MAP_ANONYMOUS, -1, 0) = 0x7fc86723a000
mmap(NULL, 8192, PROT_READ|PROT_WRITE, MAP_PRIVATE|MAP_ANONYMOUS, -1, 0) = 0x7fc86722b000
read(3, "mRCw7+OC7RHQWa9k0+\nbw8HHa8sHo9gO"..., 1024) = 1024
mmap(NULL, 4096, PROT_READ|PROT_WRITE, MAP_PRIVATE|MAP_ANONYMOUS, -1, 0) = 0x7fc867239000
munmap(0x7fc867239000, 4096)            = 0
mmap(NULL, 4096, PROT_READ|PROT_WRITE, MAP_PRIVATE|MAP_ANONYMOUS, -1, 0) = 0x7fc867239000
read(3, "AAOCAQ8AMIIBCgKC\nAQEAvrgVe//UfH1"..., 1024) = 1024
mmap(NULL, 4096, PROT_READ|PROT_WRITE, MAP_PRIVATE|MAP_ANONYMOUS, -1, 0) = 0x7fc86722a000
munmap(0x7fc86722a000, 4096)            = 0
read(3, "hj\nKSAyMDA3IEdlb1RydXN0IEluYy4gL"..., 1024) = 1024
mmap(NULL, 4096, PROT_READ|PROT_WRITE, MAP_PRIVATE|MAP_ANONYMOUS, -1, 0) = 0x7fc86722a000
munmap(0x7fc86722a000, 4096)            = 0
read(3, "gLSBGb3IgYXV0aG9yaXplZCB1c2Ugb25"..., 1024) = 1024
mmap(NULL, 4096, PROT_READ|PROT_WRITE, MAP_PRIVATE|MAP_ANONYMOUS, -1, 0) = 0x7fc86722a000
read(3, "OB4lqKVb3cvTdFZx3NWZXqxNT2I7BQMX"..., 1024) = 1024
munmap(0x7fc86722a000, 4096)            = 0
mmap(NULL, 4096, PROT_READ|PROT_WRITE, MAP_PRIVATE|MAP_ANONYMOUS, -1, 0) = 0x7fc86722a000
munmap(0x7fc86722a000, 4096)            = 0
read(3, "mkQ3CgaRr0BHdCX\nteGYO8A3ZNY9lO4L"..., 1024) = 1024
mmap(NULL, 4096, PROT_READ|PROT_WRITE, MAP_PRIVATE|MAP_ANONYMOUS, -1, 0) = 0x7fc86722a000
munmap(0x7fc86722a000, 4096)            = 0
mmap(NULL, 8192, PROT_READ|PROT_WRITE, MAP_PRIVATE|MAP_ANONYMOUS, -1, 0) = 0x7fc867229000
read(3, "t+Iub1FBZUbrvxGakyvSOPOrg/Sfuvm\n"..., 1024) = 1024
mmap(NULL, 8192, PROT_READ|PROT_WRITE, MAP_PRIVATE|MAP_ANONYMOUS, -1, 0) = 0x7fc867227000
munmap(0x7fc867229000, 8192)            = 0
munmap(0x7fc867227000, 8192)            = 0
read(3, "UYbKHsu3/mjX/hVTK7URDrBs8FmtISgo"..., 1024) = 1024
mmap(NULL, 4096, PROT_READ|PROT_WRITE, MAP_PRIVATE|MAP_ANONYMOUS, -1, 0) = 0x7fc86722a000
munmap(0x7fc86722a000, 4096)            = 0
mmap(NULL, 8192, PROT_READ|PROT_WRITE, MAP_PRIVATE|MAP_ANONYMOUS, -1, 0) = 0x7fc867229000
read(3, "ICATE-----\n\n-----BEGIN CERTIFICA"..., 1024) = 1024
mmap(NULL, 8192, PROT_READ|PROT_WRITE, MAP_PRIVATE|MAP_ANONYMOUS, -1, 0) = 0x7fc867227000
munmap(0x7fc867229000, 8192)            = 0
munmap(0x7fc867227000, 8192)            = 0
read(3, "MwEQYDVQQKEwpHbG9iYWxTaWduMRMwEQ"..., 1024) = 1024
mmap(NULL, 16384, PROT_READ|PROT_WRITE, MAP_PRIVATE|MAP_ANONYMOUS, -1, 0) = 0x7fc867227000
read(3, "8pF94G3VNTCOXkNz8kHp\n1Wrjsok6Vjk"..., 1024) = 1024
mmap(NULL, 4096, PROT_READ|PROT_WRITE, MAP_PRIVATE|MAP_ANONYMOUS, -1, 0) = 0x7fc867226000
munmap(0x7fc867226000, 4096)            = 0
mmap(NULL, 4096, PROT_READ|PROT_WRITE, MAP_PRIVATE|MAP_ANONYMOUS, -1, 0) = 0x7fc867226000
mmap(NULL, 4096, PROT_READ|PROT_WRITE, MAP_PRIVATE|MAP_ANONYMOUS, -1, 0) = 0x7fc867225000
munmap(0x7fc867225000, 4096)            = 0
read(3, "1UEChMKR2xvYmFsU2lnbjETMBEGA1UEA"..., 1024) = 1024
mmap(NULL, 4096, PROT_READ|PROT_WRITE, MAP_PRIVATE|MAP_ANONYMOUS, -1, 0) = 0x7fc867225000
munmap(0x7fc867225000, 4096)            = 0
read(3, "BkEveegeGTLg==\n-----END CERTIFIC"..., 1024) = 1024
brk(0x562725a34000)                     = 0x562725a34000
mmap(NULL, 4096, PROT_READ|PROT_WRITE, MAP_PRIVATE|MAP_ANONYMOUS, -1, 0) = 0x7fc867225000
mmap(NULL, 4096, PROT_READ|PROT_WRITE, MAP_PRIVATE|MAP_ANONYMOUS, -1, 0) = 0x7fc867224000
munmap(0x7fc867224000, 4096)            = 0
mmap(NULL, 4096, PROT_READ|PROT_WRITE, MAP_PRIVATE|MAP_ANONYMOUS, -1, 0) = 0x7fc867224000
read(3, "zzUhw8lo/s7awlOqzJCK\n6fBdRoyV3Xp"..., 1024) = 1024
munmap(0x7fc867224000, 4096)            = 0
mmap(NULL, 4096, PROT_READ|PROT_WRITE, MAP_PRIVATE|MAP_ANONYMOUS, -1, 0) = 0x7fc867224000
mmap(NULL, 4096, PROT_READ|PROT_WRITE, MAP_PRIVATE|MAP_ANONYMOUS, -1, 0) = 0x7fc867223000
munmap(0x7fc867223000, 4096)            = 0
read(3, "m4uiMVRQkQVlO6jxTiWm05OWgtH8wY2\n"..., 1024) = 1024
mmap(NULL, 4096, PROT_READ|PROT_WRITE, MAP_PRIVATE|MAP_ANONYMOUS, -1, 0) = 0x7fc867223000
munmap(0x7fc867223000, 4096)            = 0
mmap(NULL, 8192, PROT_READ|PROT_WRITE, MAP_PRIVATE|MAP_ANONYMOUS, -1, 0) = 0x7fc867222000
read(3, "ItKoZB0JaezPkvILFa9x8jvOOJckvB59"..., 1024) = 1024
mmap(NULL, 8192, PROT_READ|PROT_WRITE, MAP_PRIVATE|MAP_ANONYMOUS, -1, 0) = 0x7fc867220000
munmap(0x7fc867222000, 8192)            = 0
mmap(NULL, 32768, PROT_READ|PROT_WRITE, MAP_PRIVATE|MAP_ANONYMOUS, -1, 0) = 0x7fc867218000
munmap(0x7fc867220000, 8192)            = 0
mmap(NULL, 4096, PROT_READ|PROT_WRITE, MAP_PRIVATE|MAP_ANONYMOUS, -1, 0) = 0x7fc867223000
munmap(0x7fc867223000, 4096)            = 0
read(3, "SY7pmvWjg+b4aqIG7HkF4\nddPB/gBVsI"..., 1024) = 1024
mmap(NULL, 4096, PROT_READ|PROT_WRITE, MAP_PRIVATE|MAP_ANONYMOUS, -1, 0) = 0x7fc867223000
munmap(0x7fc867223000, 4096)            = 0
mmap(NULL, 8192, PROT_READ|PROT_WRITE, MAP_PRIVATE|MAP_ANONYMOUS, -1, 0) = 0x7fc867222000
read(3, "ZBZRG/5BXqfEv3xoNa/p8DhxJJHkn2Ea"..., 1024) = 1024
mmap(NULL, 4096, PROT_READ|PROT_WRITE, MAP_PRIVATE|MAP_ANONYMOUS, -1, 0) = 0x7fc867221000
munmap(0x7fc867222000, 8192)            = 0
munmap(0x7fc867221000, 4096)            = 0
mmap(NULL, 4096, PROT_READ|PROT_WRITE, MAP_PRIVATE|MAP_ANONYMOUS, -1, 0) = 0x7fc867223000
read(3, "W5jLjExMC8GA1UECxMoR28gRGFkZHkgQ"..., 1024) = 1024
mmap(NULL, 4096, PROT_READ|PROT_WRITE, MAP_PRIVATE|MAP_ANONYMOUS, -1, 0) = 0x7fc867222000
munmap(0x7fc867222000, 4096)            = 0
read(3, "3VILs9RaRegAhJhldXRQLIQTO7ErBBDp"..., 1024) = 1024
mmap(NULL, 4096, PROT_READ|PROT_WRITE, MAP_PRIVATE|MAP_ANONYMOUS, -1, 0) = 0x7fc867222000
munmap(0x7fc867222000, 4096)            = 0
read(3, "BAf8EBAMCAQYwHQYDVR0OBBYE\nFDqahQ"..., 1024) = 1024
mmap(NULL, 4096, PROT_READ|PROT_WRITE, MAP_PRIVATE|MAP_ANONYMOUS, -1, 0) = 0x7fc867222000
mmap(NULL, 4096, PROT_READ|PROT_WRITE, MAP_PRIVATE|MAP_ANONYMOUS, -1, 0) = 0x7fc867221000
read(3, "Q0EgMjAxNTB2MBAGByqGSM49AgEGBSuB"..., 1024) = 1024
munmap(0x7fc867221000, 4096)            = 0
mmap(NULL, 4096, PROT_READ|PROT_WRITE, MAP_PRIVATE|MAP_ANONYMOUS, -1, 0) = 0x7fc867221000
read(3, "MupvaO+mDYLZU++CwqVE7NuYRhlFhPjz"..., 1024) = 1024
read(3, "BhMCR1Ix\nDzANBgNVBAcTBkF0aGVuczF"..., 1024) = 1024
read(3, "fu/Z8VFRfS0myGlZYeCsargq\nNhEEelC"..., 1024) = 1024
mmap(NULL, 8192, PROT_READ|PROT_WRITE, MAP_PRIVATE|MAP_ANONYMOUS, -1, 0) = 0x7fc867216000
read(3, "--END CERTIFICATE-----\n\n-----BEG"..., 1024) = 1024
mmap(NULL, 8192, PROT_READ|PROT_WRITE, MAP_PRIVATE|MAP_ANONYMOUS, -1, 0) = 0x7fc867214000
munmap(0x7fc867216000, 8192)            = 0
mmap(NULL, 8192, PROT_READ|PROT_WRITE, MAP_PRIVATE|MAP_ANONYMOUS, -1, 0) = 0x7fc867216000
munmap(0x7fc867214000, 8192)            = 0
read(3, "Js\nEhTkYY2sEJCehFC78JZvRZ+K88psT"..., 1024) = 1024
mmap(NULL, 8192, PROT_READ|PROT_WRITE, MAP_PRIVATE|MAP_ANONYMOUS, -1, 0) = 0x7fc867214000
mmap(NULL, 8192, PROT_READ|PROT_WRITE, MAP_PRIVATE|MAP_ANONYMOUS, -1, 0) = 0x7fc867212000
munmap(0x7fc867212000, 8192)            = 0
mmap(NULL, 8192, PROT_READ|PROT_WRITE, MAP_PRIVATE|MAP_ANONYMOUS, -1, 0) = 0x7fc867212000
read(3, "6RmXpwtZQQS4/t+Tt\nbNe/JgERohYpSm"..., 1024) = 1024
mmap(NULL, 8192, PROT_READ|PROT_WRITE, MAP_PRIVATE|MAP_ANONYMOUS, -1, 0) = 0x7fc867210000
read(3, "YhcErulWuBurQB7Lcq9CClnXO0lD+mef"..., 1024) = 1024
munmap(0x7fc867212000, 8192)            = 0
mmap(NULL, 8192, PROT_READ|PROT_WRITE, MAP_PRIVATE|MAP_ANONYMOUS, -1, 0) = 0x7fc867212000
munmap(0x7fc867210000, 8192)            = 0
munmap(0x7fc867212000, 8192)            = 0
mmap(NULL, 8192, PROT_READ|PROT_WRITE, MAP_PRIVATE|MAP_ANONYMOUS, -1, 0) = 0x7fc867212000
munmap(0x7fc867212000, 8192)            = 0
mmap(NULL, 8192, PROT_READ|PROT_WRITE, MAP_PRIVATE|MAP_ANONYMOUS, -1, 0) = 0x7fc867212000
read(3, "rFleaJ1/ctaJxQZBKT5ZPt0m9STJEada"..., 1024) = 1024
mmap(NULL, 8192, PROT_READ|PROT_WRITE, MAP_PRIVATE|MAP_ANONYMOUS, -1, 0) = 0x7fc867210000
read(3, "xgcYxn/eR44/KJ4EBs+lVDR3veyJm+kX"..., 1024) = 1024
munmap(0x7fc867212000, 8192)            = 0
mmap(NULL, 8192, PROT_READ|PROT_WRITE, MAP_PRIVATE|MAP_ANONYMOUS, -1, 0) = 0x7fc867212000
munmap(0x7fc867210000, 8192)            = 0
munmap(0x7fc867212000, 8192)            = 0
mmap(NULL, 8192, PROT_READ|PROT_WRITE, MAP_PRIVATE|MAP_ANONYMOUS, -1, 0) = 0x7fc867212000
munmap(0x7fc867212000, 8192)            = 0
mmap(NULL, 8192, PROT_READ|PROT_WRITE, MAP_PRIVATE|MAP_ANONYMOUS, -1, 0) = 0x7fc867212000
mmap(NULL, 4096, PROT_READ|PROT_WRITE, MAP_PRIVATE|MAP_ANONYMOUS, -1, 0) = 0x7fc867220000
munmap(0x7fc867220000, 4096)            = 0
read(3, "T\nc+XvvqDtMwt0viAgxGds8AgDelWAf0"..., 1024) = 1024
mmap(NULL, 8192, PROT_READ|PROT_WRITE, MAP_PRIVATE|MAP_ANONYMOUS, -1, 0) = 0x7fc867210000
munmap(0x7fc867212000, 8192)            = 0
mmap(NULL, 8192, PROT_READ|PROT_WRITE, MAP_PRIVATE|MAP_ANONYMOUS, -1, 0) = 0x7fc867212000
munmap(0x7fc867210000, 8192)            = 0
mmap(NULL, 4096, PROT_READ|PROT_WRITE, MAP_PRIVATE|MAP_ANONYMOUS, -1, 0) = 0x7fc867220000
munmap(0x7fc867212000, 8192)            = 0
mmap(NULL, 8192, PROT_READ|PROT_WRITE, MAP_PRIVATE|MAP_ANONYMOUS, -1, 0) = 0x7fc867212000
munmap(0x7fc867212000, 8192)            = 0
mmap(NULL, 8192, PROT_READ|PROT_WRITE, MAP_PRIVATE|MAP_ANONYMOUS, -1, 0) = 0x7fc867212000
read(3, "A06gAwIBAgIQCgFCgAAAAUUjz0Z8AAAA"..., 1024) = 1024
read(3, "W1f90gD\nW/3FKqD2cyOEEBsB5wIDAQAB"..., 1024) = 1024
mmap(NULL, 8192, PROT_READ|PROT_WRITE, MAP_PRIVATE|MAP_ANONYMOUS, -1, 0) = 0x7fc867210000
munmap(0x7fc867212000, 8192)            = 0
mmap(NULL, 8192, PROT_READ|PROT_WRITE, MAP_PRIVATE|MAP_ANONYMOUS, -1, 0) = 0x7fc867212000
munmap(0x7fc867210000, 8192)            = 0
mmap(NULL, 8192, PROT_READ|PROT_WRITE, MAP_PRIVATE|MAP_ANONYMOUS, -1, 0) = 0x7fc867210000
munmap(0x7fc867212000, 8192)            = 0
mmap(NULL, 8192, PROT_READ|PROT_WRITE, MAP_PRIVATE|MAP_ANONYMOUS, -1, 0) = 0x7fc867212000
munmap(0x7fc867212000, 8192)            = 0
mmap(NULL, 8192, PROT_READ|PROT_WRITE, MAP_PRIVATE|MAP_ANONYMOUS, -1, 0) = 0x7fc867212000
read(3, "MCkl6\nZW5wZS5jb20wHhcNMDcxMjEzMT"..., 1024) = 1024
read(3, "UMTA1NSBGNjIgUzgxQzBB\nBgNVBAkMOk"..., 1024) = 1024
mmap(NULL, 8192, PROT_READ|PROT_WRITE, MAP_PRIVATE|MAP_ANONYMOUS, -1, 0) = 0x7fc86720e000
munmap(0x7fc867212000, 8192)            = 0
mmap(NULL, 8192, PROT_READ|PROT_WRITE, MAP_PRIVATE|MAP_ANONYMOUS, -1, 0) = 0x7fc867212000
munmap(0x7fc86720e000, 8192)            = 0
munmap(0x7fc867212000, 8192)            = 0
mmap(NULL, 8192, PROT_READ|PROT_WRITE, MAP_PRIVATE|MAP_ANONYMOUS, -1, 0) = 0x7fc867212000
munmap(0x7fc867212000, 8192)            = 0
mmap(NULL, 8192, PROT_READ|PROT_WRITE, MAP_PRIVATE|MAP_ANONYMOUS, -1, 0) = 0x7fc867212000
read(3, "QYJKoZIhvcNAQEL\nBQAwRjELMAkGA1UE"..., 1024) = 1024
read(3, "AUwAwEB/zBCBgNVHSAEOzA5MDcGByuB\n"..., 1024) = 1024
mmap(NULL, 8192, PROT_READ|PROT_WRITE, MAP_PRIVATE|MAP_ANONYMOUS, -1, 0) = 0x7fc86720e000
munmap(0x7fc867212000, 8192)            = 0
mmap(NULL, 8192, PROT_READ|PROT_WRITE, MAP_PRIVATE|MAP_ANONYMOUS, -1, 0) = 0x7fc867212000
munmap(0x7fc86720e000, 8192)            = 0
mmap(NULL, 32768, PROT_READ|PROT_WRITE, MAP_PRIVATE|MAP_ANONYMOUS, -1, 0) = 0x7fc867208000
munmap(0x7fc867212000, 8192)            = 0
mmap(NULL, 8192, PROT_READ|PROT_WRITE, MAP_PRIVATE|MAP_ANONYMOUS, -1, 0) = 0x7fc867212000
munmap(0x7fc867212000, 8192)            = 0
mmap(NULL, 8192, PROT_READ|PROT_WRITE, MAP_PRIVATE|MAP_ANONYMOUS, -1, 0) = 0x7fc867212000
read(3, "GSIb3DQEBCwUAMIGCMQswCQYD\nVQQGEw"..., 1024) = 1024
read(3, "eLtXMs3w+y/w9/w0olZMEyL/azXm4Q5D"..., 1024) = 1024
munmap(0x7fc867212000, 8192)            = 0
mmap(NULL, 8192, PROT_READ|PROT_WRITE, MAP_PRIVATE|MAP_ANONYMOUS, -1, 0) = 0x7fc867212000
read(3, "9lk4BqKf8owyoPjIMHj9DrT\nlF8afFtt"..., 1024) = 1024
read(3, "0aWZpY2F0ZSBBdXRob3Jp\ndHkwHhcNMD"..., 1024) = 1024
read(3, "LrijTfsK0ZpEmXzwuJF/LWA/rKOyvEZb"..., 1024) = 1024
mmap(NULL, 16384, PROT_READ|PROT_WRITE, MAP_PRIVATE|MAP_ANONYMOUS, -1, 0) = 0x7fc867204000
munmap(0x7fc867204000, 16384)           = 0
mmap(NULL, 16384, PROT_READ|PROT_WRITE, MAP_PRIVATE|MAP_ANONYMOUS, -1, 0) = 0x7fc867204000
read(3, "QoxhILYQBRJLnpB5Kf+42TMwVlxSywhp"..., 1024) = 1024
read(3, "NBMIIBIjANBgkqhkiG9w0BAQEFAAOCAQ"..., 1024) = 1024
mmap(NULL, 4096, PROT_READ|PROT_WRITE, MAP_PRIVATE|MAP_ANONYMOUS, -1, 0) = 0x7fc867203000
read(3, "MA4GA1UEChMHV0lTZUtleTEiMCAGA1UE"..., 1024) = 1024
read(3, "F1dGhvcml0eTAeFw0wMTAzMTkxODMzMz"..., 1024) = 1024
read(3, "h\nY3RpY2VzLCBhbmQgdGhlIFF1b1ZhZG"..., 1024) = 1024
mmap(NULL, 8192, PROT_READ|PROT_WRITE, MAP_PRIVATE|MAP_ANONYMOUS, -1, 0) = 0x7fc867201000
mmap(NULL, 8192, PROT_READ|PROT_WRITE, MAP_PRIVATE|MAP_ANONYMOUS, -1, 0) = 0x7fc8671ff000
munmap(0x7fc867201000, 8192)            = 0
munmap(0x7fc8671ff000, 8192)            = 0
read(3, "MTIxNzI3NDRaFw00\nMjAxMTIxNzI3NDR"..., 1024) = 1024
mmap(NULL, 4096, PROT_READ|PROT_WRITE, MAP_PRIVATE|MAP_ANONYMOUS, -1, 0) = 0x7fc867202000
read(3, "1DKquGrX1RUVRpgjpeaQWxiZTOOtQqOC"..., 1024) = 1024
munmap(0x7fc867202000, 4096)            = 0
mmap(NULL, 8192, PROT_READ|PROT_WRITE, MAP_PRIVATE|MAP_ANONYMOUS, -1, 0) = 0x7fc867201000
mmap(NULL, 8192, PROT_READ|PROT_WRITE, MAP_PRIVATE|MAP_ANONYMOUS, -1, 0) = 0x7fc8671ff000
munmap(0x7fc867201000, 8192)            = 0
munmap(0x7fc8671ff000, 8192)            = 0
mmap(NULL, 4096, PROT_READ|PROT_WRITE, MAP_PRIVATE|MAP_ANONYMOUS, -1, 0) = 0x7fc867202000
munmap(0x7fc867202000, 4096)            = 0
read(3, "UAA4ICDwAwggIKAoICAQCa\nGMpLlA0AL"..., 1024) = 1024
mmap(NULL, 4096, PROT_READ|PROT_WRITE, MAP_PRIVATE|MAP_ANONYMOUS, -1, 0) = 0x7fc867202000
munmap(0x7fc867202000, 4096)            = 0
read(3, "YMDbVHZF34tHLJRqUDGCdViXh9duqWNI"..., 1024) = 1024
mmap(NULL, 8192, PROT_READ|PROT_WRITE, MAP_PRIVATE|MAP_ANONYMOUS, -1, 0) = 0x7fc867201000
mmap(NULL, 8192, PROT_READ|PROT_WRITE, MAP_PRIVATE|MAP_ANONYMOUS, -1, 0) = 0x7fc8671ff000
munmap(0x7fc867201000, 8192)            = 0
mmap(NULL, 4096, PROT_READ|PROT_WRITE, MAP_PRIVATE|MAP_ANONYMOUS, -1, 0) = 0x7fc867202000
mmap(NULL, 8192, PROT_READ|PROT_WRITE, MAP_PRIVATE|MAP_ANONYMOUS, -1, 0) = 0x7fc8671fd000
munmap(0x7fc8671ff000, 8192)            = 0
read(3, "RzMwggIiMA0GCSqG\nSIb3DQEBAQUAA4I"..., 1024) = 1024
mmap(NULL, 4096, PROT_READ|PROT_WRITE, MAP_PRIVATE|MAP_ANONYMOUS, -1, 0) = 0x7fc867201000
munmap(0x7fc867201000, 4096)            = 0
read(3, "MuHBR//47PERIjKWnML2W2mWeyAMQ0Ga"..., 1024) = 1024
mmap(NULL, 8192, PROT_READ|PROT_WRITE, MAP_PRIVATE|MAP_ANONYMOUS, -1, 0) = 0x7fc867200000
mmap(NULL, 8192, PROT_READ|PROT_WRITE, MAP_PRIVATE|MAP_ANONYMOUS, -1, 0) = 0x7fc8671fb000
munmap(0x7fc867200000, 8192)            = 0
munmap(0x7fc8671fb000, 8192)            = 0
read(3, "e+AaJZz3HmDyl2/7FWeUUr\nH556VOijK"..., 1024) = 1024
mmap(NULL, 4096, PROT_READ|PROT_WRITE, MAP_PRIVATE|MAP_ANONYMOUS, -1, 0) = 0x7fc867201000
munmap(0x7fc867201000, 4096)            = 0
read(3, "9nMpY1XNu4ywLQoUmkRzBFMQswCQYDVQ"..., 1024) = 1024
mmap(NULL, 8192, PROT_READ|PROT_WRITE, MAP_PRIVATE|MAP_ANONYMOUS, -1, 0) = 0x7fc867200000
mmap(NULL, 4096, PROT_READ|PROT_WRITE, MAP_PRIVATE|MAP_ANONYMOUS, -1, 0) = 0x7fc8671ff000
munmap(0x7fc867200000, 8192)            = 0
munmap(0x7fc8671ff000, 4096)            = 0
mmap(NULL, 4096, PROT_READ|PROT_WRITE, MAP_PRIVATE|MAP_ANONYMOUS, -1, 0) = 0x7fc867201000
read(3, "HjAc\nBgNVBAMTFVF1b1ZhZGlzIFJvb3Q"..., 1024) = 1024
read(3, "DQYJKoZIhvcNAQELBQAD\nggIBADRh2Va"..., 1024) = 1024
mmap(NULL, 8192, PROT_READ|PROT_WRITE, MAP_PRIVATE|MAP_ANONYMOUS, -1, 0) = 0x7fc8671ff000
mmap(NULL, 8192, PROT_READ|PROT_WRITE, MAP_PRIVATE|MAP_ANONYMOUS, -1, 0) = 0x7fc8671fb000
munmap(0x7fc8671ff000, 8192)            = 0
munmap(0x7fc8671fb000, 8192)            = 0
read(3, "EwMjEyMTgx\nNTIzWjB/MQswCQYDVQQGE"..., 1024) = 1024
mmap(NULL, 32768, PROT_READ|PROT_WRITE, MAP_PRIVATE|MAP_ANONYMOUS, -1, 0) = 0x7fc8671f5000
munmap(0x7fc8671f5000, 32768)           = 0
mmap(NULL, 32768, PROT_READ|PROT_WRITE, MAP_PRIVATE|MAP_ANONYMOUS, -1, 0) = 0x7fc8671f5000
mmap(NULL, 8192, PROT_READ|PROT_WRITE, MAP_PRIVATE|MAP_ANONYMOUS, -1, 0) = 0x7fc8671ff000
munmap(0x7fc8671ff000, 8192)            = 0
read(3, "czEQMA4G\nA1UEBwwHSG91c3RvbjEYMBY"..., 1024) = 1024
read(3, "CSqGSIb3DQEBCwUAA4ICAQBW\ns47LCp1"..., 1024) = 1024
mmap(NULL, 8192, PROT_READ|PROT_WRITE, MAP_PRIVATE|MAP_ANONYMOUS, -1, 0) = 0x7fc8671ff000
mmap(NULL, 8192, PROT_READ|PROT_WRITE, MAP_PRIVATE|MAP_ANONYMOUS, -1, 0) = 0x7fc8671f3000
munmap(0x7fc8671ff000, 8192)            = 0
mmap(NULL, 8192, PROT_READ|PROT_WRITE, MAP_PRIVATE|MAP_ANONYMOUS, -1, 0) = 0x7fc8671ff000
brk(0x562725a35000)                     = 0x562725a35000
munmap(0x7fc8671f3000, 8192)            = 0
read(3, "EyMTgxNDAz\nWjB8MQswCQYDVQQGEwJVU"..., 1024) = 1024
mmap(NULL, 8192, PROT_READ|PROT_WRITE, MAP_PRIVATE|MAP_ANONYMOUS, -1, 0) = 0x7fc8671f3000
munmap(0x7fc8671f3000, 8192)            = 0
mmap(NULL, 16384, PROT_READ|PROT_WRITE, MAP_PRIVATE|MAP_ANONYMOUS, -1, 0) = 0x7fc8671f1000
read(3, "0b24xGDAWBgNVBAoMD1NTTCBDb3Jwb3J"..., 1024) = 1024
read(3, "Jp0cHh5wYfGV\ncpNxJK1ok1iOMq8bs3A"..., 1024) = 1024
mmap(NULL, 8192, PROT_READ|PROT_WRITE, MAP_PRIVATE|MAP_ANONYMOUS, -1, 0) = 0x7fc8671ef000
mmap(NULL, 8192, PROT_READ|PROT_WRITE, MAP_PRIVATE|MAP_ANONYMOUS, -1, 0) = 0x7fc8671ed000
munmap(0x7fc8671ef000, 8192)            = 0
munmap(0x7fc8671ed000, 8192)            = 0
read(3, "GljemVuaW93YSBTLkEuMRgwFgYDVQQDD"..., 1024) = 1024
read(3, "wCQYDVQQGEwJKUDEr\nMCkGA1UEChMiSm"..., 1024) = 1024
mmap(NULL, 8192, PROT_READ|PROT_WRITE, MAP_PRIVATE|MAP_ANONYMOUS, -1, 0) = 0x7fc8671ef000
munmap(0x7fc8671ef000, 8192)            = 0
read(3, "ovVJZ6X01y8hSyn+B/tlr0/cR7SXf+Of"..., 1024) = 1024
mmap(NULL, 8192, PROT_READ|PROT_WRITE, MAP_PRIVATE|MAP_ANONYMOUS, -1, 0) = 0x7fc8671ef000
munmap(0x7fc8671ef000, 8192)            = 0
read(3, "JYYjaHR0cDovL2NybC5zZWN1cmV0cnVz"..., 1024) = 1024
mmap(NULL, 8192, PROT_READ|PROT_WRITE, MAP_PRIVATE|MAP_ANONYMOUS, -1, 0) = 0x7fc8671ef000
mmap(NULL, 8192, PROT_READ|PROT_WRITE, MAP_PRIVATE|MAP_ANONYMOUS, -1, 0) = 0x7fc8671ed000
munmap(0x7fc8671ed000, 8192)            = 0
mmap(NULL, 8192, PROT_READ|PROT_WRITE, MAP_PRIVATE|MAP_ANONYMOUS, -1, 0) = 0x7fc8671ed000
mmap(NULL, 8192, PROT_READ|PROT_WRITE, MAP_PRIVATE|MAP_ANONYMOUS, -1, 0) = 0x7fc8671eb000
munmap(0x7fc8671eb000, 8192)            = 0
read(3, "J\njnIFHovdRIWCQtBJwB1g8NEXLJXr9q"..., 1024) = 1024
munmap(0x7fc8671ed000, 8192)            = 0
mmap(NULL, 8192, PROT_READ|PROT_WRITE, MAP_PRIVATE|MAP_ANONYMOUS, -1, 0) = 0x7fc8671ed000
mmap(NULL, 4096, PROT_READ|PROT_WRITE, MAP_PRIVATE|MAP_ANONYMOUS, -1, 0) = 0x7fc8671ec000
read(3, "DAzOVoX\nDTI5MDUyOTA1MDAzOVowXTEL"..., 1024) = 1024
munmap(0x7fc8671ec000, 4096)            = 0
mmap(NULL, 8192, PROT_READ|PROT_WRITE, MAP_PRIVATE|MAP_ANONYMOUS, -1, 0) = 0x7fc8671eb000
munmap(0x7fc8671eb000, 8192)            = 0
read(3, "-END CERTIFICATE-----\n\n-----BEGI"..., 1024) = 1024
mmap(NULL, 8192, PROT_READ|PROT_WRITE, MAP_PRIVATE|MAP_ANONYMOUS, -1, 0) = 0x7fc8671eb000
mmap(NULL, 4096, PROT_READ|PROT_WRITE, MAP_PRIVATE|MAP_ANONYMOUS, -1, 0) = 0x7fc8671ea000
read(3, "5\nBw+SUEmK3TGXX8npN6o7WWWXlDLJs5"..., 1024) = 1024
read(3, "jSv9zil\nzqsWuasvfDXLrNAPtEwr/IDv"..., 1024) = 1024
read(3, "hQDBXd4Pqcfzho0LKmeqfRMb1+ilgnQ7"..., 1024) = 1024
mmap(NULL, 32768, PROT_READ|PROT_WRITE, MAP_PRIVATE|MAP_ANONYMOUS, -1, 0) = 0x7fc8671e2000
read(3, "+HUCjuTaPPoIa\nGl6I6lD4WeKDRikL40"..., 1024) = 1024
mmap(NULL, 8192, PROT_READ|PROT_WRITE, MAP_PRIVATE|MAP_ANONYMOUS, -1, 0) = 0x7fc8671e0000
munmap(0x7fc8671e2000, 32768)           = 0
mmap(NULL, 8192, PROT_READ|PROT_WRITE, MAP_PRIVATE|MAP_ANONYMOUS, -1, 0) = 0x7fc8671e8000
munmap(0x7fc8671e0000, 8192)            = 0
mmap(NULL, 32768, PROT_READ|PROT_WRITE, MAP_PRIVATE|MAP_ANONYMOUS, -1, 0) = 0x7fc8671e0000
munmap(0x7fc8671e8000, 8192)            = 0
read(3, "C0lK8SgbIHRrxT3dsKpICT0ugpTN\nGmX"..., 1024) = 1024
mmap(NULL, 8192, PROT_READ|PROT_WRITE, MAP_PRIVATE|MAP_ANONYMOUS, -1, 0) = 0x7fc8671e8000
read(3, "CG19ndeNIdn8FCCqwkXfP+cAslHkwvgF"..., 1024) = 1024
mmap(NULL, 8192, PROT_READ|PROT_WRITE, MAP_PRIVATE|MAP_ANONYMOUS, -1, 0) = 0x7fc8671de000
munmap(0x7fc8671e8000, 8192)            = 0
munmap(0x7fc8671de000, 8192)            = 0
read(3, "XLCCN2QyIkHxcE1G6cxvx/K2Ya7Irl1s"..., 1024) = 1024
mmap(NULL, 8192, PROT_READ|PROT_WRITE, MAP_PRIVATE|MAP_ANONYMOUS, -1, 0) = 0x7fc8671e8000
read(3, "R\n1VmiiXTTn74eS9fGbbeIJG9gkaSChV"..., 1024) = 1024
mmap(NULL, 8192, PROT_READ|PROT_WRITE, MAP_PRIVATE|MAP_ANONYMOUS, -1, 0) = 0x7fc8671de000
munmap(0x7fc8671e8000, 8192)            = 0
mmap(NULL, 32768, PROT_READ|PROT_WRITE, MAP_PRIVATE|MAP_ANONYMOUS, -1, 0) = 0x7fc8671d6000
munmap(0x7fc8671d6000, 32768)           = 0
mmap(NULL, 32768, PROT_READ|PROT_WRITE, MAP_PRIVATE|MAP_ANONYMOUS, -1, 0) = 0x7fc8671d6000
munmap(0x7fc8671de000, 8192)            = 0
read(3, "VR0jBIGKMIGHgBS/X7fR\nzt0fhvRbVaz"..., 1024) = 1024
read(3, "llbGQgVGVj\naG5vbG9naWVzLCBJbmMuM"..., 1024) = 1024
read(3, "D7zCCAtegAwIBAgIBADANBgkqhkiG9w0"..., 1024) = 1024
read(3, "d2ndOxmfZyMI\nbw5hyf2E3F/YNoHN2Bt"..., 1024) = 1024
read(3, "KjuvqblCqoOpd8FUrdVxyJd\nMmqXl2MT"..., 1024) = 1024
read(3, "SNQH4xPjyPDdEFjHFWoFN0+4FFQz/EbM"..., 1024) = 1024
mmap(NULL, 8192, PROT_READ|PROT_WRITE, MAP_PRIVATE|MAP_ANONYMOUS, -1, 0) = 0x7fc8671e8000
mmap(NULL, 8192, PROT_READ|PROT_WRITE, MAP_PRIVATE|MAP_ANONYMOUS, -1, 0) = 0x7fc8671de000
munmap(0x7fc8671e8000, 8192)            = 0
munmap(0x7fc8671de000, 8192)            = 0
read(3, "yzYLs2aFK7PayS+VFheZt\neJMELpyCbT"..., 1024) = 1024
read(3, "jWjYDZaPBA61BMPNGG4WQr2W11bHkFlt"..., 1024) = 1024
mmap(NULL, 8192, PROT_READ|PROT_WRITE, MAP_PRIVATE|MAP_ANONYMOUS, -1, 0) = 0x7fc8671e8000
mmap(NULL, 8192, PROT_READ|PROT_WRITE, MAP_PRIVATE|MAP_ANONYMOUS, -1, 0) = 0x7fc8671de000
munmap(0x7fc8671e8000, 8192)            = 0
munmap(0x7fc8671de000, 8192)            = 0
read(3, "03Sx5iRUKrERLMjfTlH6VJi\n1hKTXrcx"..., 1024) = 1024
mmap(NULL, 4096, PROT_READ|PROT_WRITE, MAP_PRIVATE|MAP_ANONYMOUS, -1, 0) = 0x7fc8671e9000
read(3, "MCREUxKzApBgNVBAoMIlQtU3lzdGVtcy"..., 1024) = 1024
read(3, "QUWw==\n-----END CERTIFICATE-----"..., 1024) = 1024
mmap(NULL, 8192, PROT_READ|PROT_WRITE, MAP_PRIVATE|MAP_ANONYMOUS, -1, 0) = 0x7fc8671de000
munmap(0x7fc8671de000, 8192)            = 0
read(3, "gITQUVbDjlZ/\niSIzL+aFCr2lqBs23tP"..., 1024) = 1024
mmap(NULL, 8192, PROT_READ|PROT_WRITE, MAP_PRIVATE|MAP_ANONYMOUS, -1, 0) = 0x7fc8671de000
mmap(NULL, 8192, PROT_READ|PROT_WRITE, MAP_PRIVATE|MAP_ANONYMOUS, -1, 0) = 0x7fc8671d4000
read(3, "jRsGcJ0pDFfhQKX7EMzClPSnIyOt7h52"..., 1024) = 1024
read(3, "7+\nnile98FRYB/e2guyLXW3Q0iT5/Z5x"..., 1024) = 1024
mmap(NULL, 8192, PROT_READ|PROT_WRITE, MAP_PRIVATE|MAP_ANONYMOUS, -1, 0) = 0x7fc8671d2000
mmap(NULL, 8192, PROT_READ|PROT_WRITE, MAP_PRIVATE|MAP_ANONYMOUS, -1, 0) = 0x7fc8671d0000
munmap(0x7fc8671d2000, 8192)            = 0
munmap(0x7fc8671d0000, 8192)            = 0
read(3, "W6cH/ralYhzC2gfeX\nRfwZVzsrb+RH9J"..., 1024) = 1024
mmap(NULL, 4096, PROT_READ|PROT_WRITE, MAP_PRIVATE|MAP_ANONYMOUS, -1, 0) = 0x7fc8671e8000
munmap(0x7fc8671e8000, 4096)            = 0
read(3, "gIB\nAJoluOzMonWoe/fOW1mKydGGEghU"..., 1024) = 1024
mmap(NULL, 4096, PROT_READ|PROT_WRITE, MAP_PRIVATE|MAP_ANONYMOUS, -1, 0) = 0x7fc8671e8000
munmap(0x7fc8671e8000, 4096)            = 0
read(3, "6mGq3ZW6A4M9hPdKmaK\nZEk9GhiHkASf"..., 1024) = 1024
mmap(NULL, 8192, PROT_READ|PROT_WRITE, MAP_PRIVATE|MAP_ANONYMOUS, -1, 0) = 0x7fc8671d2000
mmap(NULL, 8192, PROT_READ|PROT_WRITE, MAP_PRIVATE|MAP_ANONYMOUS, -1, 0) = 0x7fc8671d0000
munmap(0x7fc8671d2000, 8192)            = 0
mmap(NULL, 4096, PROT_READ|PROT_WRITE, MAP_PRIVATE|MAP_ANONYMOUS, -1, 0) = 0x7fc8671e8000
munmap(0x7fc8671d0000, 8192)            = 0
read(3, "cHSOcZrr9FZ7E3GwYq/t75rH2D+1665I"..., 1024) = 1024
mmap(NULL, 4096, PROT_READ|PROT_WRITE, MAP_PRIVATE|MAP_ANONYMOUS, -1, 0) = 0x7fc8671d3000
munmap(0x7fc8671d3000, 4096)            = 0
read(3, "fyxiMPAdkgS94P+5KFdSpcc41teyWRyu"..., 1024) = 1024
mmap(NULL, 8192, PROT_READ|PROT_WRITE, MAP_PRIVATE|MAP_ANONYMOUS, -1, 0) = 0x7fc8671d2000
munmap(0x7fc8671d2000, 8192)            = 0
mmap(NULL, 16384, PROT_READ|PROT_WRITE, MAP_PRIVATE|MAP_ANONYMOUS, -1, 0) = 0x7fc8671d0000
mmap(NULL, 4096, PROT_READ|PROT_WRITE, MAP_PRIVATE|MAP_ANONYMOUS, -1, 0) = 0x7fc8671cf000
read(3, "R8aja+3+XzP4Q1HpGjORMRegdMTUpwHm"..., 1024) = 1024
mmap(NULL, 32768, PROT_READ|PROT_WRITE, MAP_PRIVATE|MAP_ANONYMOUS, -1, 0) = 0x7fc8671c7000
munmap(0x7fc8671cf000, 4096)            = 0
munmap(0x7fc8671c7000, 32768)           = 0
mmap(NULL, 32768, PROT_READ|PROT_WRITE, MAP_PRIVATE|MAP_ANONYMOUS, -1, 0) = 0x7fc8671c8000
read(3, "Ek\nMCIGA1UECgwbVHJ1c3RDb3IgU3lzd"..., 1024) = 1024
mmap(NULL, 4096, PROT_READ|PROT_WRITE, MAP_PRIVATE|MAP_ANONYMOUS, -1, 0) = 0x7fc8671c7000
munmap(0x7fc8671c7000, 4096)            = 0
read(3, "UrJKF5mDo4Nvu7Zp5I\n/5CQ7z3UuJu0h"..., 1024) = 1024
mmap(NULL, 4096, PROT_READ|PROT_WRITE, MAP_PRIVATE|MAP_ANONYMOUS, -1, 0) = 0x7fc8671c7000
munmap(0x7fc8671c7000, 4096)            = 0
read(3, "b7GgypGmSaIwLgQ5WoD4a3SwlFIIvl9N"..., 1024) = 1024
read(3, "x1RX\nCI/hOWB3S6xZhBqI8d3LT3jX5+E"..., 1024) = 1024
mmap(NULL, 8192, PROT_READ|PROT_WRITE, MAP_PRIVATE|MAP_ANONYMOUS, -1, 0) = 0x7fc8671c6000
mmap(NULL, 8192, PROT_READ|PROT_WRITE, MAP_PRIVATE|MAP_ANONYMOUS, -1, 0) = 0x7fc8671c4000
munmap(0x7fc8671c6000, 8192)            = 0
munmap(0x7fc8671c4000, 8192)            = 0
mmap(NULL, 4096, PROT_READ|PROT_WRITE, MAP_PRIVATE|MAP_ANONYMOUS, -1, 0) = 0x7fc8671c7000
read(3, "nGPDNcE2gfmHhjj\nvSkCqPoc4Vu5g6hB"..., 1024) = 1024
munmap(0x7fc8671c7000, 4096)            = 0
mmap(NULL, 4096, PROT_READ|PROT_WRITE, MAP_PRIVATE|MAP_ANONYMOUS, -1, 0) = 0x7fc8671c7000
read(3, "xpZGF0aW9uIFJvb3QwggIiMA0GCSqGSI"..., 1024) = 1024
read(3, "cMaVr2cXj0lH2RC47skFSOvG+hTKv8dG"..., 1024) = 1024
mmap(NULL, 8192, PROT_READ|PROT_WRITE, MAP_PRIVATE|MAP_ANONYMOUS, -1, 0) = 0x7fc8671c5000
mmap(NULL, 8192, PROT_READ|PROT_WRITE, MAP_PRIVATE|MAP_ANONYMOUS, -1, 0) = 0x7fc8671c3000
munmap(0x7fc8671c5000, 8192)            = 0
munmap(0x7fc8671c3000, 8192)            = 0
read(3, "xeV67HeToI8jrg4aA3++1NDtLnurRiNb"..., 1024) = 1024
read(3, "2K36uGt/xDYotgIVilQsnLAXc47QN6MU"..., 1024) = 1024
mmap(NULL, 8192, PROT_READ|PROT_WRITE, MAP_PRIVATE|MAP_ANONYMOUS, -1, 0) = 0x7fc8671c5000
mmap(NULL, 8192, PROT_READ|PROT_WRITE, MAP_PRIVATE|MAP_ANONYMOUS, -1, 0) = 0x7fc8671c3000
munmap(0x7fc8671c5000, 8192)            = 0
munmap(0x7fc8671c3000, 8192)            = 0
read(3, "GzzvfUinng\no4N+LZfQYcTxmdwlkWOrf"..., 1024) = 1024
read(3, "\ntJHUYmTbf6MG8YgYapAiPLz+E/CHFHv"..., 1024) = 1024
read(3, "Uc+ZruwXtuhxkYze\nSf7dNXGiFSeUHM9"..., 1024) = 1024
mmap(NULL, 8192, PROT_READ|PROT_WRITE, MAP_PRIVATE|MAP_ANONYMOUS, -1, 0) = 0x7fc8671c5000
mmap(NULL, 8192, PROT_READ|PROT_WRITE, MAP_PRIVATE|MAP_ANONYMOUS, -1, 0) = 0x7fc8671c3000
munmap(0x7fc8671c5000, 8192)            = 0
brk(0x562725a36000)                     = 0x562725a36000
munmap(0x7fc8671c3000, 8192)            = 0
read(3, "mxpYyBQcmltYXJ5IENlcnRpZmljYXRpb"..., 1024) = 1024
read(3, "NMDYxMTA4MDAwMDAwWhcNMzYwNzE2MjM"..., 1024) = 1024
read(3, "4Eq1iDkVwZMXnl2YtmAl+X6/WzChl8gG"..., 1024) = 1024
mmap(NULL, 8192, PROT_READ|PROT_WRITE, MAP_PRIVATE|MAP_ANONYMOUS, -1, 0) = 0x7fc8671c5000
munmap(0x7fc8671c5000, 8192)            = 0
mmap(NULL, 4096, PROT_READ|PROT_WRITE, MAP_PRIVATE|MAP_ANONYMOUS, -1, 0) = 0x7fc8671c6000
munmap(0x7fc8671c6000, 4096)            = 0
read(3, "IIBCgKCAQEAx2E3XrEBNNti1xWb/1haj"..., 1024) = 1024
mmap(NULL, 4096, PROT_READ|PROT_WRITE, MAP_PRIVATE|MAP_ANONYMOUS, -1, 0) = 0x7fc8671c6000
read(3, " CERTIFICATE-----\nMIIEGjCCAwICEQ"..., 1024) = 1024
read(3, "iN9WFZZ4O5lMkdBteHRJTW8cs54NJOxW"..., 1024) = 1024
mmap(NULL, 8192, PROT_READ|PROT_WRITE, MAP_PRIVATE|MAP_ANONYMOUS, -1, 0) = 0x7fc8671c4000
mmap(NULL, 4096, PROT_READ|PROT_WRITE, MAP_PRIVATE|MAP_ANONYMOUS, -1, 0) = 0x7fc8671c3000
read(3, "N8hXX4jdP5efrRKt6atH67gBhbim1vZZ"..., 1024) = 1024
read(3, "JBgNVBAYT\nAlJPMREwDwYDVQQKEwhjZX"..., 1024) = 1024
read(3, "zTogVZ96edhBiIL5VaZVDADlN\n9u6wWk"..., 1024) = 1024
mmap(NULL, 32768, PROT_READ|PROT_WRITE, MAP_PRIVATE|MAP_ANONYMOUS, -1, 0) = 0x7fc8671bb000
munmap(0x7fc8671bb000, 32768)           = 0
mmap(NULL, 32768, PROT_READ|PROT_WRITE, MAP_PRIVATE|MAP_ANONYMOUS, -1, 0) = 0x7fc8671bb000
read(3, "lQ2zepr7BxB4EW/hj8e6DyUadCrlHJhB"..., 1024) = 1024
mmap(NULL, 8192, PROT_READ|PROT_WRITE, MAP_PRIVATE|MAP_ANONYMOUS, -1, 0) = 0x7fc8671b9000
read(3, "hNQ+IIX3Sj0rnP0qCglN6oH4EZw=\n---"..., 1024) = 1024
mmap(NULL, 8192, PROT_READ|PROT_WRITE, MAP_PRIVATE|MAP_ANONYMOUS, -1, 0) = 0x7fc8671b7000
munmap(0x7fc8671b9000, 8192)            = 0
munmap(0x7fc8671b7000, 8192)            = 0
mmap(NULL, 8192, PROT_READ|PROT_WRITE, MAP_PRIVATE|MAP_ANONYMOUS, -1, 0) = 0x7fc8671b9000
read(3, "ZWNo\nbm9sb2dpZXMgTGltaXRlZDEgMB4"..., 1024) = 1024
mmap(NULL, 32768, PROT_READ|PROT_WRITE, MAP_PRIVATE|MAP_ANONYMOUS, -1, 0) = 0x7fc8671b1000
read(3, "mEgSW5jMRwwGgYDVQQDExNlbVNpZ24gU"..., 1024) = 1024
read(3, "nMQswCQYD\nVQQGEwJJTjETMBEGA1UECx"..., 1024) = 1024
read(3, "q+Mri/Tm3R7nrft8EI6/6nAYH\n6ftjk4"..., 1024) = 1024
read(3, "uVud37r8UVsLr5iy6S7pBOhih94ryNdO"..., 1024) = 1024
read(3, "CBJbmMuMTgwNgYDVQQLEy8oYykgMjAwN"..., 1024) = 1024
read(3, "DZXJ0aWZpY2F0aW9uIFNlcnZpY2VzIER"..., 1024) = 1024
read(3, "0Nj81Aa6sY6A=\n-----END CERTIFICA"..., 1024) = 41
read(3, "", 1024)                       = 0
close(3)                                = 0
getuid()                                = 0
geteuid()                               = 0
getgid()                                = 0
getegid()                               = 0
mmap(NULL, 16384, PROT_READ|PROT_WRITE, MAP_PRIVATE|MAP_ANONYMOUS, -1, 0) = 0x7fc8671ad000
munmap(0x7fc8671ad000, 16384)           = 0
open("/tmp/.gglock", O_WRONLY|O_CREAT|O_EXCL|O_LARGEFILE, 0644) = 3
readlink("/usr", 0x7ffe0b77863f, 4081)  = -1 EINVAL (Invalid argument)
readlink("/usr/local", 0x7ffe0b77863f, 4087) = -1 EINVAL (Invalid argument)
readlink("/usr/local/src", 0x7ffe0b77863f, 4091) = -1 EINVAL (Invalid argument)
readlink("/usr/local/src/repo", 0x7ffe0b77863f, 4096) = -1 ENOENT (No such file or directory)
munmap(0x7fc867283000, 4096)            = 0
munmap(0x7fc867201000, 4096)            = 0
munmap(0x7fc86727e000, 4096)            = 0
munmap(0x7fc867271000, 4096)            = 0
munmap(0x7fc86726d000, 4096)            = 0
munmap(0x7fc867274000, 4096)            = 0
munmap(0x7fc86723b000, 4096)            = 0
munmap(0x7fc8671c7000, 4096)            = 0
munmap(0x7fc867280000, 4096)            = 0
munmap(0x7fc86727f000, 4096)            = 0
munmap(0x7fc867282000, 4096)            = 0
munmap(0x7fc867210000, 8192)            = 0
munmap(0x7fc8671f1000, 16384)           = 0
munmap(0x7fc86726b000, 4096)            = 0
munmap(0x7fc867273000, 4096)            = 0
munmap(0x7fc8671fd000, 8192)            = 0
munmap(0x7fc867202000, 4096)            = 0
munmap(0x7fc86727d000, 4096)            = 0
munmap(0x7fc867275000, 32768)           = 0
munmap(0x7fc867268000, 4096)            = 0
munmap(0x7fc86726c000, 4096)            = 0
munmap(0x7fc867281000, 4096)            = 0
munmap(0x7fc86726f000, 8192)            = 0
munmap(0x7fc867203000, 4096)            = 0
munmap(0x7fc867224000, 4096)            = 0
munmap(0x7fc867204000, 16384)           = 0
munmap(0x7fc8671f5000, 32768)           = 0
munmap(0x7fc8671ff000, 8192)            = 0
munmap(0x7fc867239000, 4096)            = 0
munmap(0x7fc86723a000, 4096)            = 0
munmap(0x7fc8671d0000, 16384)           = 0
munmap(0x7fc867216000, 8192)            = 0
munmap(0x7fc867222000, 4096)            = 0
munmap(0x7fc867212000, 8192)            = 0
munmap(0x7fc867220000, 4096)            = 0
munmap(0x7fc867208000, 32768)           = 0
munmap(0x7fc867214000, 8192)            = 0
munmap(0x7fc867221000, 4096)            = 0
munmap(0x7fc867223000, 4096)            = 0
munmap(0x7fc86722d000, 16384)           = 0
munmap(0x7fc86723c000, 8192)            = 0
munmap(0x7fc867227000, 16384)           = 0
munmap(0x7fc867225000, 4096)            = 0
munmap(0x7fc867218000, 32768)           = 0
munmap(0x7fc86722b000, 8192)            = 0
munmap(0x7fc867231000, 32768)           = 0
munmap(0x7fc867226000, 4096)            = 0
munmap(0x7fc86726e000, 4096)            = 0
munmap(0x7fc86725b000, 4096)            = 0
munmap(0x7fc867272000, 4096)            = 0
munmap(0x7fc867269000, 8192)            = 0
munmap(0x7fc86723f000, 4096)            = 0
munmap(0x7fc86724b000, 4096)            = 0
munmap(0x7fc867253000, 32768)           = 0
munmap(0x7fc86723e000, 4096)            = 0
munmap(0x7fc8671e9000, 4096)            = 0
munmap(0x7fc8671e8000, 4096)            = 0
munmap(0x7fc8671c8000, 32768)           = 0
munmap(0x7fc8671ed000, 8192)            = 0
munmap(0x7fc8671d4000, 8192)            = 0
munmap(0x7fc8671ea000, 4096)            = 0
munmap(0x7fc8671d6000, 32768)           = 0
munmap(0x7fc8671de000, 8192)            = 0
munmap(0x7fc86724a000, 4096)            = 0
munmap(0x7fc867260000, 32768)           = 0
munmap(0x7fc867249000, 4096)            = 0
munmap(0x7fc86725c000, 8192)            = 0
munmap(0x7fc867250000, 8192)            = 0
munmap(0x7fc867248000, 4096)            = 0
munmap(0x7fc86724c000, 16384)           = 0
munmap(0x7fc86725e000, 8192)            = 0
munmap(0x7fc867240000, 32768)           = 0
munmap(0x7fc867252000, 4096)            = 0
munmap(0x7fc8671c3000, 4096)            = 0
munmap(0x7fc8671c4000, 8192)            = 0
munmap(0x7fc8671c6000, 4096)            = 0
munmap(0x7fc8671eb000, 8192)            = 0
munmap(0x7fc8671ef000, 8192)            = 0
munmap(0x7fc8671b9000, 8192)            = 0
munmap(0x7fc8671bb000, 32768)           = 0
munmap(0x7fc8671b1000, 32768)           = 0
rt_sigprocmask(SIG_BLOCK, ~[RTMIN RT_1 RT_2], [], 8) = 0
rt_sigprocmask(SIG_SETMASK, [], NULL, 8) = 0
close(3)                                = 0
unlink("/tmp/.gglock")                  = 0
execve("/usr/local/sbin/ninja", ["ninja"], 0x7ffe0b77bd28 /* 7 vars */) = -1 ENOENT (No such file or directory)
execve("/usr/local/bin/ninja", ["ninja"], 0x7ffe0b77bd28 /* 7 vars */) = -1 ENOENT (No such file or directory)
execve("/usr/sbin/ninja", ["ninja"], 0x7ffe0b77bd28 /* 7 vars */) = -1 ENOENT (No such file or directory)
execve("/usr/bin/ninja", ["ninja"], 0x7ffe0b77bd28 /* 7 vars */) = 0
arch_prctl(ARCH_SET_FS, 0x7fd09bfa3b48) = 0
set_tid_address(0x7fd09bfa3f90)         = 33
brk(NULL)                               = 0x55695190f000
brk(0x556951911000)                     = 0x556951911000
mmap(0x55695190f000, 4096, PROT_NONE, MAP_PRIVATE|MAP_FIXED|MAP_ANONYMOUS, -1, 0) = 0x55695190f000
mprotect(0x7fd09bfa0000, 4096, PROT_READ) = 0
mprotect(0x5569516eb000, 8192, PROT_READ) = 0
rt_sigprocmask(SIG_UNBLOCK, [RT_1 RT_2], NULL, 8) = 0
rt_sigaction(SIGHUP, {sa_handler=0x5569516c5af6, sa_mask=[], sa_flags=SA_RESTORER|SA_RESTART, sa_restorer=0x7fd09bf53c89}, {sa_handler=SIG_DFL, sa_mask=[], sa_flags=0}, 8) = 0
rt_sigaction(SIGQUIT, {sa_handler=0x5569516c5af6, sa_mask=[], sa_flags=SA_RESTORER|SA_RESTART, sa_restorer=0x7fd09bf53c89}, {sa_handler=SIG_DFL, sa_mask=[], sa_flags=0}, 8) = 0
rt_sigaction(SIGINT, {sa_handler=0x5569516c5af6, sa_mask=[], sa_flags=SA_RESTORER|SA_RESTART, sa_restorer=0x7fd09bf53c89}, {sa_handler=SIG_DFL, sa_mask=[], sa_flags=0}, 8) = 0
rt_sigaction(SIGTERM, {sa_handler=0x5569516c5af6, sa_mask=[], sa_flags=SA_RESTORER|SA_RESTART, sa_restorer=0x7fd09bf53c89}, {sa_handler=SIG_DFL, sa_mask=[], sa_flags=0}, 8) = 0
rt_sigaction(SIGXCPU, {sa_handler=0x5569516c5af6, sa_mask=[], sa_flags=SA_RESTORER|SA_RESTART, sa_restorer=0x7fd09bf53c89}, {sa_handler=SIG_DFL, sa_mask=[], sa_flags=0}, 8) = 0
rt_sigaction(SIGXFSZ, {sa_handler=0x5569516c5af6, sa_mask=[], sa_flags=SA_RESTORER|SA_RESTART, sa_restorer=0x7fd09bf53c89}, {sa_handler=SIG_DFL, sa_mask=[], sa_flags=0}, 8) = 0
rt_sigaction(SIGCHLD, {sa_handler=SIG_DFL, sa_mask=[], sa_flags=SA_RESTORER|SA_RESTART, sa_restorer=0x7fd09bf53c89}, {sa_handler=SIG_DFL, sa_mask=[], sa_flags=0}, 8) = 0
fcntl(1, F_GETFL)                       = 0x8402 (flags O_RDWR|O_APPEND|O_LARGEFILE)
fcntl(1, F_SETFL, O_RDWR|O_APPEND|O_LARGEFILE) = 0
fcntl(2, F_GETFL)                       = 0x8402 (flags O_RDWR|O_APPEND|O_LARGEFILE)
fcntl(2, F_SETFL, O_RDWR|O_APPEND|O_LARGEFILE) = 0
fcntl(1, F_GETFD)                       = 0
mmap(NULL, 28672, PROT_READ|PROT_WRITE, MAP_PRIVATE|MAP_ANONYMOUS, -1, 0) = 0x7fd09bf06000
mmap(NULL, 69632, PROT_READ|PROT_WRITE, MAP_PRIVATE|MAP_ANONYMOUS, -1, 0) = 0x7fd09bef5000
mmap(NULL, 8192, PROT_READ|PROT_WRITE, MAP_PRIVATE|MAP_ANONYMOUS, -1, 0) = 0x7fd09bef3000
mmap(NULL, 4096, PROT_READ|PROT_WRITE, MAP_PRIVATE|MAP_ANONYMOUS, -1, 0) = 0x7fd09bef2000
getcwd("/usr/local/src", 4096)          = 15
ioctl(1, TIOCGWINSZ, {ws_row=69, ws_col=116, ws_xpixel=0, ws_ypixel=0}) = 0
ioctl(1, TIOCGWINSZ, {ws_row=69, ws_col=116, ws_xpixel=0, ws_ypixel=0}) = 0
readlink("/proc/self/fd/1", "/dev/pts/0", 32) = 10
stat("/dev/pts/0", {st_mode=S_IFCHR|0620, st_rdev=makedev(0x88, 0), ...}) = 0
fstat(1, {st_mode=S_IFCHR|0620, st_rdev=makedev(0x88, 0), ...}) = 0
ioctl(2, TIOCGWINSZ, {ws_row=69, ws_col=116, ws_xpixel=0, ws_ypixel=0}) = 0
ioctl(2, TIOCGWINSZ, {ws_row=69, ws_col=116, ws_xpixel=0, ws_ypixel=0}) = 0
readlink("/proc/self/fd/2", "/dev/pts/0", 32) = 10
stat("/dev/pts/0", {st_mode=S_IFCHR|0620, st_rdev=makedev(0x88, 0), ...}) = 0
fstat(2, {st_mode=S_IFCHR|0620, st_rdev=makedev(0x88, 0), ...}) = 0
stat("/usr/include", {st_mode=S_IFDIR|0755, st_size=4096, ...}) = 0
stat("/usr/gnu/include", 0x7ffe6d1d0b20) = -1 ENOENT (No such file or directory)
stat("/usr/local/include", 0x7ffe6d1d0b20) = -1 ENOENT (No such file or directory)
stat("/usr/include", {st_mode=S_IFDIR|0755, st_size=4096, ...}) = 0
rt_sigaction(SIGCHLD, {sa_handler=0x5569516cf75e, sa_mask=[], sa_flags=SA_RESTORER|SA_RESTART, sa_restorer=0x7fd09bf53c89}, {sa_handler=SIG_DFL, sa_mask=[], sa_flags=SA_RESTORER|SA_RESTART, sa_restorer=0x7fd09bf53c89}, 8) = 0
rt_sigprocmask(SIG_SETMASK, [CHLD], NULL, 8) = 0
rt_sigaction(SIGUSR1, {sa_handler=0x5569516d1845, sa_mask=[], sa_flags=SA_RESTORER|SA_RESTART, sa_restorer=0x7fd09bf53c89}, {sa_handler=SIG_DFL, sa_mask=[], sa_flags=0}, 8) = 0
mmap(NULL, 4096, PROT_READ|PROT_WRITE, MAP_PRIVATE|MAP_ANONYMOUS, -1, 0) = 0x7fd09bef1000
mmap(NULL, 4096, PROT_READ|PROT_WRITE, MAP_PRIVATE|MAP_ANONYMOUS, -1, 0) = 0x7fd09bef0000
mmap(NULL, 4096, PROT_READ|PROT_WRITE, MAP_PRIVATE|MAP_ANONYMOUS, -1, 0) = 0x7fd09beef000
mmap(NULL, 4096, PROT_READ|PROT_WRITE, MAP_PRIVATE|MAP_ANONYMOUS, -1, 0) = 0x7fd09beee000
mmap(NULL, 4096, PROT_READ|PROT_WRITE, MAP_PRIVATE|MAP_ANONYMOUS, -1, 0) = 0x7fd09beed000
mmap(NULL, 4096, PROT_READ|PROT_WRITE, MAP_PRIVATE|MAP_ANONYMOUS, -1, 0) = 0x7fd09beec000
mmap(NULL, 4096, PROT_READ|PROT_WRITE, MAP_PRIVATE|MAP_ANONYMOUS, -1, 0) = 0x7fd09beeb000
mmap(NULL, 4096, PROT_READ|PROT_WRITE, MAP_PRIVATE|MAP_ANONYMOUS, -1, 0) = 0x7fd09beea000
mmap(NULL, 4096, PROT_READ|PROT_WRITE, MAP_PRIVATE|MAP_ANONYMOUS, -1, 0) = 0x7fd09bee9000
stat(".", {st_mode=S_IFDIR|0755, st_size=4096, ...}) = 0
open(".", O_RDONLY|O_LARGEFILE|O_CLOEXEC|O_DIRECTORY) = 3
fcntl(3, F_SETFD, FD_CLOEXEC)           = 0
getdents64(3, 0x7fd09bef4638 /* 4 entries */, 2048) = 120
getdents64(3, 0x7fd09bef4638 /* 0 entries */, 2048) = 0
close(3)                                = 0
mmap(NULL, 4096, PROT_READ|PROT_WRITE, MAP_PRIVATE|MAP_ANONYMOUS, -1, 0) = 0x7fd09bee8000
brk(0x556951912000)                     = 0x556951912000
mmap(NULL, 4096, PROT_READ|PROT_WRITE, MAP_PRIVATE|MAP_ANONYMOUS, -1, 0) = 0x7fd09bee7000
mmap(NULL, 8192, PROT_READ|PROT_WRITE, MAP_PRIVATE|MAP_ANONYMOUS, -1, 0) = 0x7fd09bee5000
stat("RCS", 0x7ffe6d1d0a30)             = -1 ENOENT (No such file or directory)
stat("SCCS", 0x7ffe6d1d0a30)            = -1 ENOENT (No such file or directory)
stat("GNUmakefile", 0x7ffe6d1cea00)     = -1 ENOENT (No such file or directory)
stat("makefile", 0x7ffe6d1cea00)        = -1 ENOENT (No such file or directory)
stat("Makefile", 0x7ffe6d1cea00)        = -1 ENOENT (No such file or directory)
mmap(NULL, 4096, PROT_READ|PROT_WRITE, MAP_PRIVATE|MAP_ANONYMOUS, -1, 0) = 0x7fd09bee4000
mmap(NULL, 4096, PROT_READ|PROT_WRITE, MAP_PRIVATE|MAP_ANONYMOUS, -1, 0) = 0x7fd09bee3000
mmap(NULL, 4096, PROT_READ|PROT_WRITE, MAP_PRIVATE|MAP_ANONYMOUS, -1, 0) = 0x7fd09bee2000
mmap(NULL, 4096, PROT_READ|PROT_WRITE, MAP_PRIVATE|MAP_ANONYMOUS, -1, 0) = 0x7fd09bee1000
munmap(0x7fd09bee1000, 4096)            = 0
mmap(NULL, 4096, PROT_READ|PROT_WRITE, MAP_PRIVATE|MAP_ANONYMOUS, -1, 0) = 0x7fd09bee1000
munmap(0x7fd09bee1000, 4096)            = 0
mmap(NULL, 4096, PROT_READ|PROT_WRITE, MAP_PRIVATE|MAP_ANONYMOUS, -1, 0) = 0x7fd09bee1000
munmap(0x7fd09bee1000, 4096)            = 0
munmap(0x7fd09bee2000, 4096)            = 0
mmap(NULL, 4096, PROT_READ|PROT_WRITE, MAP_PRIVATE|MAP_ANONYMOUS, -1, 0) = 0x7fd09bee2000
munmap(0x7fd09bee2000, 4096)            = 0
mmap(NULL, 4096, PROT_READ|PROT_WRITE, MAP_PRIVATE|MAP_ANONYMOUS, -1, 0) = 0x7fd09bee2000
munmap(0x7fd09bee2000, 4096)            = 0
mmap(NULL, 4096, PROT_READ|PROT_WRITE, MAP_PRIVATE|MAP_ANONYMOUS, -1, 0) = 0x7fd09bee2000
munmap(0x7fd09bee2000, 4096)            = 0
mmap(NULL, 4096, PROT_READ|PROT_WRITE, MAP_PRIVATE|MAP_ANONYMOUS, -1, 0) = 0x7fd09bee2000
mmap(NULL, 4096, PROT_READ|PROT_WRITE, MAP_PRIVATE|MAP_ANONYMOUS, -1, 0) = 0x7fd09bee1000
munmap(0x7fd09bee1000, 4096)            = 0
munmap(0x7fd09bee2000, 4096)            = 0
mmap(NULL, 4096, PROT_READ|PROT_WRITE, MAP_PRIVATE|MAP_ANONYMOUS, -1, 0) = 0x7fd09bee2000
mmap(NULL, 4096, PROT_READ|PROT_WRITE, MAP_PRIVATE|MAP_ANONYMOUS, -1, 0) = 0x7fd09bee1000
munmap(0x7fd09bee1000, 4096)            = 0
mmap(NULL, 4096, PROT_READ|PROT_WRITE, MAP_PRIVATE|MAP_ANONYMOUS, -1, 0) = 0x7fd09bee1000
munmap(0x7fd09bee1000, 4096)            = 0
munmap(0x7fd09bee2000, 4096)            = 0
mmap(NULL, 4096, PROT_READ|PROT_WRITE, MAP_PRIVATE|MAP_ANONYMOUS, -1, 0) = 0x7fd09bee2000
mmap(NULL, 4096, PROT_READ|PROT_WRITE, MAP_PRIVATE|MAP_ANONYMOUS, -1, 0) = 0x7fd09bee1000
munmap(0x7fd09bee1000, 4096)            = 0
munmap(0x7fd09bee2000, 4096)            = 0
mmap(NULL, 4096, PROT_READ|PROT_WRITE, MAP_PRIVATE|MAP_ANONYMOUS, -1, 0) = 0x7fd09bee2000
mmap(NULL, 4096, PROT_READ|PROT_WRITE, MAP_PRIVATE|MAP_ANONYMOUS, -1, 0) = 0x7fd09bee1000
munmap(0x7fd09bee1000, 4096)            = 0
munmap(0x7fd09bee2000, 4096)            = 0
mmap(NULL, 4096, PROT_READ|PROT_WRITE, MAP_PRIVATE|MAP_ANONYMOUS, -1, 0) = 0x7fd09bee2000
munmap(0x7fd09bee2000, 4096)            = 0
munmap(0x7fd09bee3000, 4096)            = 0
mmap(NULL, 4096, PROT_READ|PROT_WRITE, MAP_PRIVATE|MAP_ANONYMOUS, -1, 0) = 0x7fd09bee3000
munmap(0x7fd09bee3000, 4096)            = 0
munmap(0x7fd09bee4000, 4096)            = 0
mmap(NULL, 4096, PROT_READ|PROT_WRITE, MAP_PRIVATE|MAP_ANONYMOUS, -1, 0) = 0x7fd09bee4000
mmap(NULL, 4096, PROT_READ|PROT_WRITE, MAP_PRIVATE|MAP_ANONYMOUS, -1, 0) = 0x7fd09bee3000
mmap(NULL, 4096, PROT_READ|PROT_WRITE, MAP_PRIVATE|MAP_ANONYMOUS, -1, 0) = 0x7fd09bee2000
mmap(NULL, 4096, PROT_READ|PROT_WRITE, MAP_PRIVATE|MAP_ANONYMOUS, -1, 0) = 0x7fd09bee1000
munmap(0x7fd09bee1000, 4096)            = 0
mmap(NULL, 4096, PROT_READ|PROT_WRITE, MAP_PRIVATE|MAP_ANONYMOUS, -1, 0) = 0x7fd09bee1000
munmap(0x7fd09bee1000, 4096)            = 0
mmap(NULL, 4096, PROT_READ|PROT_WRITE, MAP_PRIVATE|MAP_ANONYMOUS, -1, 0) = 0x7fd09bee1000
munmap(0x7fd09bee1000, 4096)            = 0
munmap(0x7fd09bee2000, 4096)            = 0
mmap(NULL, 4096, PROT_READ|PROT_WRITE, MAP_PRIVATE|MAP_ANONYMOUS, -1, 0) = 0x7fd09bee2000
munmap(0x7fd09bee2000, 4096)            = 0
mmap(NULL, 4096, PROT_READ|PROT_WRITE, MAP_PRIVATE|MAP_ANONYMOUS, -1, 0) = 0x7fd09bee2000
munmap(0x7fd09bee2000, 4096)            = 0
mmap(NULL, 4096, PROT_READ|PROT_WRITE, MAP_PRIVATE|MAP_ANONYMOUS, -1, 0) = 0x7fd09bee2000
munmap(0x7fd09bee2000, 4096)            = 0
mmap(NULL, 4096, PROT_READ|PROT_WRITE, MAP_PRIVATE|MAP_ANONYMOUS, -1, 0) = 0x7fd09bee2000
mmap(NULL, 4096, PROT_READ|PROT_WRITE, MAP_PRIVATE|MAP_ANONYMOUS, -1, 0) = 0x7fd09bee1000
munmap(0x7fd09bee1000, 4096)            = 0
munmap(0x7fd09bee2000, 4096)            = 0
mmap(NULL, 4096, PROT_READ|PROT_WRITE, MAP_PRIVATE|MAP_ANONYMOUS, -1, 0) = 0x7fd09bee2000
mmap(NULL, 4096, PROT_READ|PROT_WRITE, MAP_PRIVATE|MAP_ANONYMOUS, -1, 0) = 0x7fd09bee1000
munmap(0x7fd09bee1000, 4096)            = 0
mmap(NULL, 4096, PROT_READ|PROT_WRITE, MAP_PRIVATE|MAP_ANONYMOUS, -1, 0) = 0x7fd09bee1000
munmap(0x7fd09bee1000, 4096)            = 0
munmap(0x7fd09bee2000, 4096)            = 0
mmap(NULL, 4096, PROT_READ|PROT_WRITE, MAP_PRIVATE|MAP_ANONYMOUS, -1, 0) = 0x7fd09bee2000
mmap(NULL, 4096, PROT_READ|PROT_WRITE, MAP_PRIVATE|MAP_ANONYMOUS, -1, 0) = 0x7fd09bee1000
munmap(0x7fd09bee1000, 4096)            = 0
munmap(0x7fd09bee2000, 4096)            = 0
mmap(NULL, 4096, PROT_READ|PROT_WRITE, MAP_PRIVATE|MAP_ANONYMOUS, -1, 0) = 0x7fd09bee2000
mmap(NULL, 4096, PROT_READ|PROT_WRITE, MAP_PRIVATE|MAP_ANONYMOUS, -1, 0) = 0x7fd09bee1000
munmap(0x7fd09bee1000, 4096)            = 0
munmap(0x7fd09bee2000, 4096)            = 0
mmap(NULL, 4096, PROT_READ|PROT_WRITE, MAP_PRIVATE|MAP_ANONYMOUS, -1, 0) = 0x7fd09bee2000
munmap(0x7fd09bee2000, 4096)            = 0
munmap(0x7fd09bee3000, 4096)            = 0
mmap(NULL, 4096, PROT_READ|PROT_WRITE, MAP_PRIVATE|MAP_ANONYMOUS, -1, 0) = 0x7fd09bee3000
munmap(0x7fd09bee3000, 4096)            = 0
mmap(NULL, 4096, PROT_READ|PROT_WRITE, MAP_PRIVATE|MAP_ANONYMOUS, -1, 0) = 0x7fd09bee3000
munmap(0x7fd09bee4000, 4096)            = 0
mmap(NULL, 4096, PROT_READ|PROT_WRITE, MAP_PRIVATE|MAP_ANONYMOUS, -1, 0) = 0x7fd09bee4000
mmap(NULL, 4096, PROT_READ|PROT_WRITE, MAP_PRIVATE|MAP_ANONYMOUS, -1, 0) = 0x7fd09bee2000
mmap(NULL, 4096, PROT_READ|PROT_WRITE, MAP_PRIVATE|MAP_ANONYMOUS, -1, 0) = 0x7fd09bee1000
mmap(NULL, 4096, PROT_READ|PROT_WRITE, MAP_PRIVATE|MAP_ANONYMOUS, -1, 0) = 0x7fd09bee0000
munmap(0x7fd09bee0000, 4096)            = 0
mmap(NULL, 4096, PROT_READ|PROT_WRITE, MAP_PRIVATE|MAP_ANONYMOUS, -1, 0) = 0x7fd09bee0000
munmap(0x7fd09bee0000, 4096)            = 0
mmap(NULL, 4096, PROT_READ|PROT_WRITE, MAP_PRIVATE|MAP_ANONYMOUS, -1, 0) = 0x7fd09bee0000
munmap(0x7fd09bee0000, 4096)            = 0
munmap(0x7fd09bee1000, 4096)            = 0
mmap(NULL, 4096, PROT_READ|PROT_WRITE, MAP_PRIVATE|MAP_ANONYMOUS, -1, 0) = 0x7fd09bee1000
munmap(0x7fd09bee1000, 4096)            = 0
mmap(NULL, 4096, PROT_READ|PROT_WRITE, MAP_PRIVATE|MAP_ANONYMOUS, -1, 0) = 0x7fd09bee1000
munmap(0x7fd09bee1000, 4096)            = 0
mmap(NULL, 4096, PROT_READ|PROT_WRITE, MAP_PRIVATE|MAP_ANONYMOUS, -1, 0) = 0x7fd09bee1000
munmap(0x7fd09bee1000, 4096)            = 0
mmap(NULL, 4096, PROT_READ|PROT_WRITE, MAP_PRIVATE|MAP_ANONYMOUS, -1, 0) = 0x7fd09bee1000
mmap(NULL, 4096, PROT_READ|PROT_WRITE, MAP_PRIVATE|MAP_ANONYMOUS, -1, 0) = 0x7fd09bee0000
munmap(0x7fd09bee0000, 4096)            = 0
munmap(0x7fd09bee1000, 4096)            = 0
mmap(NULL, 4096, PROT_READ|PROT_WRITE, MAP_PRIVATE|MAP_ANONYMOUS, -1, 0) = 0x7fd09bee1000
mmap(NULL, 4096, PROT_READ|PROT_WRITE, MAP_PRIVATE|MAP_ANONYMOUS, -1, 0) = 0x7fd09bee0000
munmap(0x7fd09bee0000, 4096)            = 0
mmap(NULL, 4096, PROT_READ|PROT_WRITE, MAP_PRIVATE|MAP_ANONYMOUS, -1, 0) = 0x7fd09bee0000
munmap(0x7fd09bee0000, 4096)            = 0
munmap(0x7fd09bee1000, 4096)            = 0
mmap(NULL, 4096, PROT_READ|PROT_WRITE, MAP_PRIVATE|MAP_ANONYMOUS, -1, 0) = 0x7fd09bee1000
mmap(NULL, 4096, PROT_READ|PROT_WRITE, MAP_PRIVATE|MAP_ANONYMOUS, -1, 0) = 0x7fd09bee0000
munmap(0x7fd09bee0000, 4096)            = 0
munmap(0x7fd09bee1000, 4096)            = 0
mmap(NULL, 4096, PROT_READ|PROT_WRITE, MAP_PRIVATE|MAP_ANONYMOUS, -1, 0) = 0x7fd09bee1000
mmap(NULL, 4096, PROT_READ|PROT_WRITE, MAP_PRIVATE|MAP_ANONYMOUS, -1, 0) = 0x7fd09bee0000
munmap(0x7fd09bee0000, 4096)            = 0
munmap(0x7fd09bee1000, 4096)            = 0
mmap(NULL, 4096, PROT_READ|PROT_WRITE, MAP_PRIVATE|MAP_ANONYMOUS, -1, 0) = 0x7fd09bee1000
munmap(0x7fd09bee1000, 4096)            = 0
munmap(0x7fd09bee2000, 4096)            = 0
mmap(NULL, 4096, PROT_READ|PROT_WRITE, MAP_PRIVATE|MAP_ANONYMOUS, -1, 0) = 0x7fd09bee2000
munmap(0x7fd09bee2000, 4096)            = 0
munmap(0x7fd09bee4000, 4096)            = 0
writev(2, [{iov_base="", iov_len=0}, {iov_base="ninja: *** No targets specified "..., iov_len=62}], 2) = 62
chdir("/usr/local/src")                 = 0
close(1)                                = 0
exit_group(2)                           = ?
+++ exited with 2 +++
